
> tep-frontend@0.0.0 test
> ng test --watch=false --browsers=ChromeHeadless

- Generating browser application bundles (phase: setup)...
âœ” Browser application bundle generation complete.
[32m13 01 2026 09:00:33.368:INFO [karma-server]: [39mKarma v6.4.4 server started at http://localhost:9876/
[32m13 01 2026 09:00:33.369:INFO [launcher]: [39mLaunching browsers ChromeHeadless with concurrency unlimited
[32m13 01 2026 09:00:33.371:INFO [launcher]: [39mStarting browser ChromeHeadless
[32m13 01 2026 09:00:36.005:INFO [Chrome Headless 143.0.0.0 (Windows 10)]: [39mConnected on socket 0XWPerGppLRc36RqAAAB with id 2318751
Chrome Headless 143.0.0.0 (Windows 10): Executed 0 of 336[32m SUCCESS[39m (0 secs / 0 secs)
[1A[2KChrome Headless 143.0.0.0 (Windows 10): Executed 1 of 336[32m SUCCESS[39m (0 secs / 0.043 secs)
[1A[2KChrome Headless 143.0.0.0 (Windows 10): Executed 2 of 336[32m SUCCESS[39m (0 secs / 0.048 secs)
[1A[2KChrome Headless 143.0.0.0 (Windows 10): Executed 3 of 336[32m SUCCESS[39m (0 secs / 0.052 secs)
[1A[2KChrome Headless 143.0.0.0 (Windows 10): Executed 4 of 336[32m SUCCESS[39m (0 secs / 0.056 secs)
[1A[2KChrome Headless 143.0.0.0 (Windows 10): Executed 5 of 336[32m SUCCESS[39m (0 secs / 0.059 secs)
[1A[2KChrome Headless 143.0.0.0 (Windows 10): Executed 6 of 336[32m SUCCESS[39m (0 secs / 0.062 secs)
[1A[2KChrome Headless 143.0.0.0 (Windows 10): Executed 7 of 336[32m SUCCESS[39m (0 secs / 0.066 secs)
[1A[2KChrome Headless 143.0.0.0 (Windows 10): Executed 8 of 336[32m SUCCESS[39m (0 secs / 0.069 secs)
[1A[2KChrome Headless 143.0.0.0 (Windows 10): Executed 9 of 336[32m SUCCESS[39m (0 secs / 0.072 secs)
[1A[2KChrome Headless 143.0.0.0 (Windows 10): Executed 10 of 336[32m SUCCESS[39m (0 secs / 0.075 secs)
[1A[2KChrome Headless 143.0.0.0 (Windows 10): Executed 11 of 336[32m SUCCESS[39m (0 secs / 0.078 secs)
[1A[2KChrome Headless 143.0.0.0 (Windows 10): Executed 12 of 336[32m SUCCESS[39m (0 secs / 0.081 secs)
[1A[2KChrome Headless 143.0.0.0 (Windows 10): Executed 13 of 336[32m SUCCESS[39m (0 secs / 0.084 secs)
[1A[2KChrome Headless 143.0.0.0 (Windows 10): Executed 14 of 336[32m SUCCESS[39m (0 secs / 0.086 secs)
[1A[2KChrome Headless 143.0.0.0 (Windows 10): Executed 15 of 336[32m SUCCESS[39m (0 secs / 0.087 secs)
[1A[2KChrome Headless 143.0.0.0 (Windows 10): Executed 16 of 336[32m SUCCESS[39m (0 secs / 0.09 secs)
[1A[2KChrome Headless 143.0.0.0 (Windows 10): Executed 17 of 336[32m SUCCESS[39m (0 secs / 0.092 secs)
[1A[2KChrome Headless 143.0.0.0 (Windows 10): Executed 18 of 336[32m SUCCESS[39m (0 secs / 0.095 secs)
[1A[2KChrome Headless 143.0.0.0 (Windows 10): Executed 19 of 336[32m SUCCESS[39m (0 secs / 0.098 secs)
[1A[2KChrome Headless 143.0.0.0 (Windows 10): Executed 20 of 336[32m SUCCESS[39m (0 secs / 0.1 secs)
[1A[2KChrome Headless 143.0.0.0 (Windows 10): Executed 21 of 336[32m SUCCESS[39m (0 secs / 0.102 secs)
[1A[2KChrome Headless 143.0.0.0 (Windows 10): Executed 22 of 336[32m SUCCESS[39m (0 secs / 0.105 secs)
[1A[2KChrome Headless 143.0.0.0 (Windows 10): Executed 23 of 336[32m SUCCESS[39m (0 secs / 0.107 secs)
[1A[2KChrome Headless 143.0.0.0 (Windows 10): Executed 24 of 336[32m SUCCESS[39m (0 secs / 0.109 secs)
[1A[2KChrome Headless 143.0.0.0 (Windows 10): Executed 25 of 336[32m SUCCESS[39m (0 secs / 0.112 secs)
[1A[2KChrome Headless 143.0.0.0 (Windows 10): Executed 26 of 336[32m SUCCESS[39m (0 secs / 0.114 secs)
[1A[2KChrome Headless 143.0.0.0 (Windows 10): Executed 27 of 336[32m SUCCESS[39m (0 secs / 0.116 secs)
[1A[2KChrome Headless 143.0.0.0 (Windows 10): Executed 28 of 336[32m SUCCESS[39m (0 secs / 0.118 secs)
[1A[2KChrome Headless 143.0.0.0 (Windows 10): Executed 29 of 336[32m SUCCESS[39m (0 secs / 0.12 secs)
[1A[2KChrome Headless 143.0.0.0 (Windows 10): Executed 30 of 336[32m SUCCESS[39m (0 secs / 0.122 secs)
[1A[2KChrome Headless 143.0.0.0 (Windows 10): Executed 31 of 336[32m SUCCESS[39m (0 secs / 0.125 secs)
[1A[2KChrome Headless 143.0.0.0 (Windows 10): Executed 32 of 336[32m SUCCESS[39m (0 secs / 0.13 secs)
[1A[2KChrome Headless 143.0.0.0 (Windows 10): Executed 33 of 336[32m SUCCESS[39m (0 secs / 0.132 secs)
[1A[2KChrome Headless 143.0.0.0 (Windows 10): Executed 34 of 336[32m SUCCESS[39m (0 secs / 0.134 secs)
[1A[2KChrome Headless 143.0.0.0 (Windows 10): Executed 35 of 336[32m SUCCESS[39m (0 secs / 0.137 secs)
[1A[2KChrome Headless 143.0.0.0 (Windows 10): Executed 36 of 336[32m SUCCESS[39m (0 secs / 0.139 secs)
[1A[2KChrome Headless 143.0.0.0 (Windows 10): Executed 37 of 336[32m SUCCESS[39m (0 secs / 0.141 secs)
[1A[2KChrome Headless 143.0.0.0 (Windows 10): Executed 38 of 336[32m SUCCESS[39m (0 secs / 0.142 secs)
[1A[2K[31mChrome Headless 143.0.0.0 (Windows 10) TimeclockService getTimeclockEntries should get entries with default date range FAILED[39m
	Error: Expected one matching request for criteria "Match by function: ", found none. Requests received are: GET /timeclock?start_timestamp=2026-01-01T14:00:37.597Z&end_timestamp=2026-01-13T14:00:37.597Z.
	    at HttpClientTestingBackend.expectOne (node_modules/@angular/common/fesm2022/http/testing.mjs:277:19)
	    at UserContext.apply (src/services/timeclock.service.spec.ts:141:28)
	    at _ZoneDelegate.invoke (node_modules/zone.js/fesm2015/zone.js:369:28)
	    at ProxyZoneSpec.onInvoke (node_modules/zone.js/fesm2015/zone-testing.js:2082:39)
	    at _ZoneDelegate.invoke (node_modules/zone.js/fesm2015/zone.js:368:34)
	    at ZoneImpl.run (node_modules/zone.js/fesm2015/zone.js:111:43)
	    at runInTestZone (node_modules/zone.js/fesm2015/zone-testing.js:216:38)
	    at UserContext.<anonymous> (node_modules/zone.js/fesm2015/zone-testing.js:234:32)
	    at <Jasmine>
	Error: Expected no open requests, found 1: GET /timeclock?start_timestamp=2026-01-01T14:00:37.597Z&end_timestamp=2026-01-13T14:00:37.597Z
	    at HttpClientTestingBackend.verify (node_modules/@angular/common/fesm2022/http/testing.mjs:305:19)
	    at UserContext.apply (src/services/timeclock.service.spec.ts:20:14)
	    at _ZoneDelegate.invoke (node_modules/zone.js/fesm2015/zone.js:369:28)
	    at ProxyZoneSpec.onInvoke (node_modules/zone.js/fesm2015/zone-testing.js:2082:39)
	    at _ZoneDelegate.invoke (node_modules/zone.js/fesm2015/zone.js:368:34)
	    at ZoneImpl.run (node_modules/zone.js/fesm2015/zone.js:111:43)
	    at runInTestZone (node_modules/zone.js/fesm2015/zone-testing.js:216:38)
	    at UserContext.<anonymous> (node_modules/zone.js/fesm2015/zone-testing.js:234:32)
	    at <Jasmine>
Chrome Headless 143.0.0.0 (Windows 10): Executed 39 of 336[31m (1 FAILED)[39m (0 secs / 0.144 secs)
[1A[2KChrome Headless 143.0.0.0 (Windows 10): Executed 40 of 336[31m (1 FAILED)[39m (0 secs / 0.144 secs)
[1A[2KChrome Headless 143.0.0.0 (Windows 10): Executed 41 of 336[31m (1 FAILED)[39m (0 secs / 0.145 secs)
[1A[2KChrome Headless 143.0.0.0 (Windows 10): Executed 42 of 336[31m (1 FAILED)[39m (0 secs / 0.145 secs)
[1A[2KChrome Headless 143.0.0.0 (Windows 10): Executed 43 of 336[31m (1 FAILED)[39m (0 secs / 0.146 secs)
[1A[2KChrome Headless 143.0.0.0 (Windows 10): Executed 44 of 336[31m (1 FAILED)[39m (0 secs / 0.147 secs)
[1A[2KChrome Headless 143.0.0.0 (Windows 10): Executed 45 of 336[31m (1 FAILED)[39m (0 secs / 0.147 secs)
[1A[2K[31mChrome Headless 143.0.0.0 (Windows 10) TimeclockService timeclock should handle clock in/out error FAILED[39m
	Error: Expected one matching request for criteria "Match URL: //999", found none. Requests received are: POST /timeclock/999.
	    at HttpClientTestingBackend.expectOne (node_modules/@angular/common/fesm2022/http/testing.mjs:277:19)
	    at UserContext.apply (src/services/timeclock.service.spec.ts:71:28)
	    at _ZoneDelegate.invoke (node_modules/zone.js/fesm2015/zone.js:369:28)
	    at ProxyZoneSpec.onInvoke (node_modules/zone.js/fesm2015/zone-testing.js:2082:39)
	    at _ZoneDelegate.invoke (node_modules/zone.js/fesm2015/zone.js:368:34)
	    at ZoneImpl.run (node_modules/zone.js/fesm2015/zone.js:111:43)
	    at runInTestZone (node_modules/zone.js/fesm2015/zone-testing.js:216:38)
	    at UserContext.<anonymous> (node_modules/zone.js/fesm2015/zone-testing.js:234:32)
	    at <Jasmine>
	Error: Expected no open requests, found 1: POST /timeclock/999
	    at HttpClientTestingBackend.verify (node_modules/@angular/common/fesm2022/http/testing.mjs:305:19)
	    at UserContext.apply (src/services/timeclock.service.spec.ts:20:14)
	    at _ZoneDelegate.invoke (node_modules/zone.js/fesm2015/zone.js:369:28)
	    at ProxyZoneSpec.onInvoke (node_modules/zone.js/fesm2015/zone-testing.js:2082:39)
	    at _ZoneDelegate.invoke (node_modules/zone.js/fesm2015/zone.js:368:34)
	    at ZoneImpl.run (node_modules/zone.js/fesm2015/zone.js:111:43)
	    at runInTestZone (node_modules/zone.js/fesm2015/zone-testing.js:216:38)
	    at UserContext.<anonymous> (node_modules/zone.js/fesm2015/zone-testing.js:234:32)
	    at <Jasmine>
Chrome Headless 143.0.0.0 (Windows 10): Executed 46 of 336[31m (2 FAILED)[39m (0 secs / 0.148 secs)
[1A[2K[31mChrome Headless 143.0.0.0 (Windows 10) TimeclockService timeclock should clock in employee FAILED[39m
	Error: Expected one matching request for criteria "Match URL: //123", found none. Requests received are: POST /timeclock/123.
	    at HttpClientTestingBackend.expectOne (node_modules/@angular/common/fesm2022/http/testing.mjs:277:19)
	    at UserContext.apply (src/services/timeclock.service.spec.ts:40:28)
	    at _ZoneDelegate.invoke (node_modules/zone.js/fesm2015/zone.js:369:28)
	    at ProxyZoneSpec.onInvoke (node_modules/zone.js/fesm2015/zone-testing.js:2082:39)
	    at _ZoneDelegate.invoke (node_modules/zone.js/fesm2015/zone.js:368:34)
	    at ZoneImpl.run (node_modules/zone.js/fesm2015/zone.js:111:43)
	    at runInTestZone (node_modules/zone.js/fesm2015/zone-testing.js:216:38)
	    at UserContext.<anonymous> (node_modules/zone.js/fesm2015/zone-testing.js:234:32)
	    at <Jasmine>
	Error: Expected no open requests, found 1: POST /timeclock/123
	    at HttpClientTestingBackend.verify (node_modules/@angular/common/fesm2022/http/testing.mjs:305:19)
	    at UserContext.apply (src/services/timeclock.service.spec.ts:20:14)
	    at _ZoneDelegate.invoke (node_modules/zone.js/fesm2015/zone.js:369:28)
	    at ProxyZoneSpec.onInvoke (node_modules/zone.js/fesm2015/zone-testing.js:2082:39)
	    at _ZoneDelegate.invoke (node_modules/zone.js/fesm2015/zone.js:368:34)
	    at ZoneImpl.run (node_modules/zone.js/fesm2015/zone.js:111:43)
	    at runInTestZone (node_modules/zone.js/fesm2015/zone-testing.js:216:38)
	    at UserContext.<anonymous> (node_modules/zone.js/fesm2015/zone-testing.js:234:32)
	    at <Jasmine>
Chrome Headless 143.0.0.0 (Windows 10): Executed 47 of 336[31m (3 FAILED)[39m (0 secs / 0.149 secs)
[1A[2K[31mChrome Headless 143.0.0.0 (Windows 10) TimeclockService timeclock should clock out employee FAILED[39m
	Error: Expected one matching request for criteria "Match URL: //456", found none. Requests received are: POST /timeclock/456.
	    at HttpClientTestingBackend.expectOne (node_modules/@angular/common/fesm2022/http/testing.mjs:277:19)
	    at UserContext.apply (src/services/timeclock.service.spec.ts:57:28)
	    at _ZoneDelegate.invoke (node_modules/zone.js/fesm2015/zone.js:369:28)
	    at ProxyZoneSpec.onInvoke (node_modules/zone.js/fesm2015/zone-testing.js:2082:39)
	    at _ZoneDelegate.invoke (node_modules/zone.js/fesm2015/zone.js:368:34)
	    at ZoneImpl.run (node_modules/zone.js/fesm2015/zone.js:111:43)
	    at runInTestZone (node_modules/zone.js/fesm2015/zone-testing.js:216:38)
	    at UserContext.<anonymous> (node_modules/zone.js/fesm2015/zone-testing.js:234:32)
	    at <Jasmine>
	Error: Expected no open requests, found 1: POST /timeclock/456
	    at HttpClientTestingBackend.verify (node_modules/@angular/common/fesm2022/http/testing.mjs:305:19)
	    at UserContext.apply (src/services/timeclock.service.spec.ts:20:14)
	    at _ZoneDelegate.invoke (node_modules/zone.js/fesm2015/zone.js:369:28)
	    at ProxyZoneSpec.onInvoke (node_modules/zone.js/fesm2015/zone-testing.js:2082:39)
	    at _ZoneDelegate.invoke (node_modules/zone.js/fesm2015/zone.js:368:34)
	    at ZoneImpl.run (node_modules/zone.js/fesm2015/zone.js:111:43)
	    at runInTestZone (node_modules/zone.js/fesm2015/zone-testing.js:216:38)
	    at UserContext.<anonymous> (node_modules/zone.js/fesm2015/zone-testing.js:234:32)
	    at <Jasmine>
Chrome Headless 143.0.0.0 (Windows 10): Executed 48 of 336[31m (4 FAILED)[39m (0 secs / 0.15 secs)
[1A[2K[31mChrome Headless 143.0.0.0 (Windows 10) TimeclockService checkStatus should check clocked in status FAILED[39m
	Error: Expected one matching request for criteria "Match URL: //123/status", found none. Requests received are: GET /timeclock/123/status.
	    at HttpClientTestingBackend.expectOne (node_modules/@angular/common/fesm2022/http/testing.mjs:277:19)
	    at UserContext.apply (src/services/timeclock.service.spec.ts:88:28)
	    at _ZoneDelegate.invoke (node_modules/zone.js/fesm2015/zone.js:369:28)
	    at ProxyZoneSpec.onInvoke (node_modules/zone.js/fesm2015/zone-testing.js:2082:39)
	    at _ZoneDelegate.invoke (node_modules/zone.js/fesm2015/zone.js:368:34)
	    at ZoneImpl.run (node_modules/zone.js/fesm2015/zone.js:111:43)
	    at runInTestZone (node_modules/zone.js/fesm2015/zone-testing.js:216:38)
	    at UserContext.<anonymous> (node_modules/zone.js/fesm2015/zone-testing.js:234:32)
	    at <Jasmine>
	Error: Expected no open requests, found 1: GET /timeclock/123/status
	    at HttpClientTestingBackend.verify (node_modules/@angular/common/fesm2022/http/testing.mjs:305:19)
	    at UserContext.apply (src/services/timeclock.service.spec.ts:20:14)
	    at _ZoneDelegate.invoke (node_modules/zone.js/fesm2015/zone.js:369:28)
	    at ProxyZoneSpec.onInvoke (node_modules/zone.js/fesm2015/zone-testing.js:2082:39)
	    at _ZoneDelegate.invoke (node_modules/zone.js/fesm2015/zone.js:368:34)
	    at ZoneImpl.run (node_modules/zone.js/fesm2015/zone.js:111:43)
	    at runInTestZone (node_modules/zone.js/fesm2015/zone-testing.js:216:38)
	    at UserContext.<anonymous> (node_modules/zone.js/fesm2015/zone-testing.js:234:32)
	    at <Jasmine>
Chrome Headless 143.0.0.0 (Windows 10): Executed 49 of 336[31m (5 FAILED)[39m (0 secs / 0.151 secs)
[1A[2K[31mChrome Headless 143.0.0.0 (Windows 10) TimeclockService checkStatus should check clocked out status FAILED[39m
	Error: Expected one matching request for criteria "Match URL: //456/status", found none. Requests received are: GET /timeclock/456/status.
	    at HttpClientTestingBackend.expectOne (node_modules/@angular/common/fesm2022/http/testing.mjs:277:19)
	    at UserContext.apply (src/services/timeclock.service.spec.ts:104:28)
	    at _ZoneDelegate.invoke (node_modules/zone.js/fesm2015/zone.js:369:28)
	    at ProxyZoneSpec.onInvoke (node_modules/zone.js/fesm2015/zone-testing.js:2082:39)
	    at _ZoneDelegate.invoke (node_modules/zone.js/fesm2015/zone.js:368:34)
	    at ZoneImpl.run (node_modules/zone.js/fesm2015/zone.js:111:43)
	    at runInTestZone (node_modules/zone.js/fesm2015/zone-testing.js:216:38)
	    at UserContext.<anonymous> (node_modules/zone.js/fesm2015/zone-testing.js:234:32)
	    at <Jasmine>
	Error: Expected no open requests, found 1: GET /timeclock/456/status
	    at HttpClientTestingBackend.verify (node_modules/@angular/common/fesm2022/http/testing.mjs:305:19)
	    at UserContext.apply (src/services/timeclock.service.spec.ts:20:14)
	    at _ZoneDelegate.invoke (node_modules/zone.js/fesm2015/zone.js:369:28)
	    at ProxyZoneSpec.onInvoke (node_modules/zone.js/fesm2015/zone-testing.js:2082:39)
	    at _ZoneDelegate.invoke (node_modules/zone.js/fesm2015/zone.js:368:34)
	    at ZoneImpl.run (node_modules/zone.js/fesm2015/zone.js:111:43)
	    at runInTestZone (node_modules/zone.js/fesm2015/zone-testing.js:216:38)
	    at UserContext.<anonymous> (node_modules/zone.js/fesm2015/zone-testing.js:234:32)
	    at <Jasmine>
Chrome Headless 143.0.0.0 (Windows 10): Executed 50 of 336[31m (6 FAILED)[39m (0 secs / 0.152 secs)
[1A[2K[31mChrome Headless 143.0.0.0 (Windows 10) TimeclockService checkStatus should handle status check error FAILED[39m
	Error: Expected one matching request for criteria "Match URL: //999/status", found none. Requests received are: GET /timeclock/999/status.
	    at HttpClientTestingBackend.expectOne (node_modules/@angular/common/fesm2022/http/testing.mjs:277:19)
	    at UserContext.apply (src/services/timeclock.service.spec.ts:118:28)
	    at _ZoneDelegate.invoke (node_modules/zone.js/fesm2015/zone.js:369:28)
	    at ProxyZoneSpec.onInvoke (node_modules/zone.js/fesm2015/zone-testing.js:2082:39)
	    at _ZoneDelegate.invoke (node_modules/zone.js/fesm2015/zone.js:368:34)
	    at ZoneImpl.run (node_modules/zone.js/fesm2015/zone.js:111:43)
	    at runInTestZone (node_modules/zone.js/fesm2015/zone-testing.js:216:38)
	    at UserContext.<anonymous> (node_modules/zone.js/fesm2015/zone-testing.js:234:32)
	    at <Jasmine>
	Error: Expected no open requests, found 1: GET /timeclock/999/status
	    at HttpClientTestingBackend.verify (node_modules/@angular/common/fesm2022/http/testing.mjs:305:19)
	    at UserContext.apply (src/services/timeclock.service.spec.ts:20:14)
	    at _ZoneDelegate.invoke (node_modules/zone.js/fesm2015/zone.js:369:28)
	    at ProxyZoneSpec.onInvoke (node_modules/zone.js/fesm2015/zone-testing.js:2082:39)
	    at _ZoneDelegate.invoke (node_modules/zone.js/fesm2015/zone.js:368:34)
	    at ZoneImpl.run (node_modules/zone.js/fesm2015/zone.js:111:43)
	    at runInTestZone (node_modules/zone.js/fesm2015/zone-testing.js:216:38)
	    at UserContext.<anonymous> (node_modules/zone.js/fesm2015/zone-testing.js:234:32)
	    at <Jasmine>
Chrome Headless 143.0.0.0 (Windows 10): Executed 51 of 336[31m (7 FAILED)[39m (0 secs / 0.152 secs)
[1A[2K[31mChrome Headless 143.0.0.0 (Windows 10) TimeclockService deleteTimeclockEntry should handle delete error FAILED[39m
	Error: Expected one matching request for criteria "Match URL: //999", found none. Requests received are: DELETE /timeclock/999.
	    at HttpClientTestingBackend.expectOne (node_modules/@angular/common/fesm2022/http/testing.mjs:277:19)
	    at UserContext.apply (src/services/timeclock.service.spec.ts:354:28)
	    at _ZoneDelegate.invoke (node_modules/zone.js/fesm2015/zone.js:369:28)
	    at ProxyZoneSpec.onInvoke (node_modules/zone.js/fesm2015/zone-testing.js:2082:39)
	    at _ZoneDelegate.invoke (node_modules/zone.js/fesm2015/zone.js:368:34)
	    at ZoneImpl.run (node_modules/zone.js/fesm2015/zone.js:111:43)
	    at runInTestZone (node_modules/zone.js/fesm2015/zone-testing.js:216:38)
	    at UserContext.<anonymous> (node_modules/zone.js/fesm2015/zone-testing.js:234:32)
	    at <Jasmine>
	Error: Expected no open requests, found 1: DELETE /timeclock/999
	    at HttpClientTestingBackend.verify (node_modules/@angular/common/fesm2022/http/testing.mjs:305:19)
	    at UserContext.apply (src/services/timeclock.service.spec.ts:20:14)
	    at _ZoneDelegate.invoke (node_modules/zone.js/fesm2015/zone.js:369:28)
	    at ProxyZoneSpec.onInvoke (node_modules/zone.js/fesm2015/zone-testing.js:2082:39)
	    at _ZoneDelegate.invoke (node_modules/zone.js/fesm2015/zone.js:368:34)
	    at ZoneImpl.run (node_modules/zone.js/fesm2015/zone.js:111:43)
	    at runInTestZone (node_modules/zone.js/fesm2015/zone-testing.js:216:38)
	    at UserContext.<anonymous> (node_modules/zone.js/fesm2015/zone-testing.js:234:32)
	    at <Jasmine>
Chrome Headless 143.0.0.0 (Windows 10): Executed 52 of 336[31m (8 FAILED)[39m (0 secs / 0.152 secs)
[1A[2K[31mChrome Headless 143.0.0.0 (Windows 10) TimeclockService deleteTimeclockEntry should delete timeclock entry FAILED[39m
	Error: Expected one matching request for criteria "Match URL: //1", found none. Requests received are: DELETE /timeclock/1.
	    at HttpClientTestingBackend.expectOne (node_modules/@angular/common/fesm2022/http/testing.mjs:277:19)
	    at UserContext.apply (src/services/timeclock.service.spec.ts:339:28)
	    at _ZoneDelegate.invoke (node_modules/zone.js/fesm2015/zone.js:369:28)
	    at ProxyZoneSpec.onInvoke (node_modules/zone.js/fesm2015/zone-testing.js:2082:39)
	    at _ZoneDelegate.invoke (node_modules/zone.js/fesm2015/zone.js:368:34)
	    at ZoneImpl.run (node_modules/zone.js/fesm2015/zone.js:111:43)
	    at runInTestZone (node_modules/zone.js/fesm2015/zone-testing.js:216:38)
	    at UserContext.<anonymous> (node_modules/zone.js/fesm2015/zone-testing.js:234:32)
	    at <Jasmine>
	Error: Expected no open requests, found 1: DELETE /timeclock/1
	    at HttpClientTestingBackend.verify (node_modules/@angular/common/fesm2022/http/testing.mjs:305:19)
	    at UserContext.apply (src/services/timeclock.service.spec.ts:20:14)
	    at _ZoneDelegate.invoke (node_modules/zone.js/fesm2015/zone.js:369:28)
	    at ProxyZoneSpec.onInvoke (node_modules/zone.js/fesm2015/zone-testing.js:2082:39)
	    at _ZoneDelegate.invoke (node_modules/zone.js/fesm2015/zone.js:368:34)
	    at ZoneImpl.run (node_modules/zone.js/fesm2015/zone.js:111:43)
	    at runInTestZone (node_modules/zone.js/fesm2015/zone-testing.js:216:38)
	    at UserContext.<anonymous> (node_modules/zone.js/fesm2015/zone-testing.js:234:32)
	    at <Jasmine>
Chrome Headless 143.0.0.0 (Windows 10): Executed 53 of 336[31m (9 FAILED)[39m (0 secs / 0.153 secs)
[1A[2K[31mChrome Headless 143.0.0.0 (Windows 10) TimeclockService updateTimeclockEntry should update timeclock entry FAILED[39m
	Error: Expected one matching request for criteria "Match URL: //1", found none. Requests received are: POST /timeclock/1.
	    at HttpClientTestingBackend.expectOne (node_modules/@angular/common/fesm2022/http/testing.mjs:277:19)
	    at UserContext.apply (src/services/timeclock.service.spec.ts:304:28)
	    at _ZoneDelegate.invoke (node_modules/zone.js/fesm2015/zone.js:369:28)
	    at ProxyZoneSpec.onInvoke (node_modules/zone.js/fesm2015/zone-testing.js:2082:39)
	    at _ZoneDelegate.invoke (node_modules/zone.js/fesm2015/zone.js:368:34)
	    at ZoneImpl.run (node_modules/zone.js/fesm2015/zone.js:111:43)
	    at runInTestZone (node_modules/zone.js/fesm2015/zone-testing.js:216:38)
	    at UserContext.<anonymous> (node_modules/zone.js/fesm2015/zone-testing.js:234:32)
	    at <Jasmine>
	Error: Expected no open requests, found 1: POST /timeclock/1
	    at HttpClientTestingBackend.verify (node_modules/@angular/common/fesm2022/http/testing.mjs:305:19)
	    at UserContext.apply (src/services/timeclock.service.spec.ts:20:14)
	    at _ZoneDelegate.invoke (node_modules/zone.js/fesm2015/zone.js:369:28)
	    at ProxyZoneSpec.onInvoke (node_modules/zone.js/fesm2015/zone-testing.js:2082:39)
	    at _ZoneDelegate.invoke (node_modules/zone.js/fesm2015/zone.js:368:34)
	    at ZoneImpl.run (node_modules/zone.js/fesm2015/zone.js:111:43)
	    at runInTestZone (node_modules/zone.js/fesm2015/zone-testing.js:216:38)
	    at UserContext.<anonymous> (node_modules/zone.js/fesm2015/zone-testing.js:234:32)
	    at <Jasmine>
Chrome Headless 143.0.0.0 (Windows 10): Executed 54 of 336[31m (10 FAILED)[39m (0 secs / 0.154 secs)
[1A[2K[31mChrome Headless 143.0.0.0 (Windows 10) TimeclockService updateTimeclockEntry should handle update error FAILED[39m
	Error: Expected one matching request for criteria "Match URL: //999", found none. Requests received are: POST /timeclock/999.
	    at HttpClientTestingBackend.expectOne (node_modules/@angular/common/fesm2022/http/testing.mjs:277:19)
	    at UserContext.apply (src/services/timeclock.service.spec.ts:326:28)
	    at _ZoneDelegate.invoke (node_modules/zone.js/fesm2015/zone.js:369:28)
	    at ProxyZoneSpec.onInvoke (node_modules/zone.js/fesm2015/zone-testing.js:2082:39)
	    at _ZoneDelegate.invoke (node_modules/zone.js/fesm2015/zone.js:368:34)
	    at ZoneImpl.run (node_modules/zone.js/fesm2015/zone.js:111:43)
	    at runInTestZone (node_modules/zone.js/fesm2015/zone-testing.js:216:38)
	    at UserContext.<anonymous> (node_modules/zone.js/fesm2015/zone-testing.js:234:32)
	    at <Jasmine>
	Error: Expected no open requests, found 1: POST /timeclock/999
	    at HttpClientTestingBackend.verify (node_modules/@angular/common/fesm2022/http/testing.mjs:305:19)
	    at UserContext.apply (src/services/timeclock.service.spec.ts:20:14)
	    at _ZoneDelegate.invoke (node_modules/zone.js/fesm2015/zone.js:369:28)
	    at ProxyZoneSpec.onInvoke (node_modules/zone.js/fesm2015/zone-testing.js:2082:39)
	    at _ZoneDelegate.invoke (node_modules/zone.js/fesm2015/zone.js:368:34)
	    at ZoneImpl.run (node_modules/zone.js/fesm2015/zone.js:111:43)
	    at runInTestZone (node_modules/zone.js/fesm2015/zone-testing.js:216:38)
	    at UserContext.<anonymous> (node_modules/zone.js/fesm2015/zone-testing.js:234:32)
	    at <Jasmine>
Chrome Headless 143.0.0.0 (Windows 10): Executed 55 of 336[31m (11 FAILED)[39m (0 secs / 0.154 secs)
[1A[2K[31mChrome Headless 143.0.0.0 (Windows 10) TimeclockService getEmployeeHistory should get employee history FAILED[39m
	Error: Expected one matching request for criteria "Match by function: ", found none. Requests received are: GET /timeclock/123/history?start_timestamp=2024-01-01T00:00:00.000Z&end_timestamp=2024-01-31T00:00:00.000Z.
	    at HttpClientTestingBackend.expectOne (node_modules/@angular/common/fesm2022/http/testing.mjs:277:19)
	    at UserContext.apply (src/services/timeclock.service.spec.ts:277:28)
	    at _ZoneDelegate.invoke (node_modules/zone.js/fesm2015/zone.js:369:28)
	    at ProxyZoneSpec.onInvoke (node_modules/zone.js/fesm2015/zone-testing.js:2082:39)
	    at _ZoneDelegate.invoke (node_modules/zone.js/fesm2015/zone.js:368:34)
	    at ZoneImpl.run (node_modules/zone.js/fesm2015/zone.js:111:43)
	    at runInTestZone (node_modules/zone.js/fesm2015/zone-testing.js:216:38)
	    at UserContext.<anonymous> (node_modules/zone.js/fesm2015/zone-testing.js:234:32)
	    at <Jasmine>
	Error: Expected no open requests, found 1: GET /timeclock/123/history?start_timestamp=2024-01-01T00:00:00.000Z&end_timestamp=2024-01-31T00:00:00.000Z
	    at HttpClientTestingBackend.verify (node_modules/@angular/common/fesm2022/http/testing.mjs:305:19)
	    at UserContext.apply (src/services/timeclock.service.spec.ts:20:14)
	    at _ZoneDelegate.invoke (node_modules/zone.js/fesm2015/zone.js:369:28)
	    at ProxyZoneSpec.onInvoke (node_modules/zone.js/fesm2015/zone-testing.js:2082:39)
	    at _ZoneDelegate.invoke (node_modules/zone.js/fesm2015/zone.js:368:34)
	    at ZoneImpl.run (node_modules/zone.js/fesm2015/zone.js:111:43)
	    at runInTestZone (node_modules/zone.js/fesm2015/zone-testing.js:216:38)
	    at UserContext.<anonymous> (node_modules/zone.js/fesm2015/zone-testing.js:234:32)
	    at <Jasmine>
Chrome Headless 143.0.0.0 (Windows 10): Executed 56 of 336[31m (12 FAILED)[39m (0 secs / 0.155 secs)
[1A[2KLOG: [36m'Login successful:', Object{access_token: 'token', token_type: 'bearer'}[39m
Chrome Headless 143.0.0.0 (Windows 10): Executed 56 of 336[31m (12 FAILED)[39m (0 secs / 0.155 secs)
LOG: 'Login successful:', Object{access_token: 'token', token_type: 'bearer'}
[1A[2KChrome Headless 143.0.0.0 (Windows 10): Executed 57 of 336[31m (12 FAILED)[39m (0 secs / 0.175 secs)
[1A[2KChrome Headless 143.0.0.0 (Windows 10): Executed 58 of 336[31m (12 FAILED)[39m (0 secs / 0.18 secs)
[1A[2KLOG: [36m'Login successful:', Object{access_token: 'test-token', token_type: 'bearer'}[39m
Chrome Headless 143.0.0.0 (Windows 10): Executed 58 of 336[31m (12 FAILED)[39m (0 secs / 0.18 secs)
LOG: 'Login successful:', Object{access_token: 'test-token', token_type: 'bearer'}
[1A[2KChrome Headless 143.0.0.0 (Windows 10): Executed 59 of 336[31m (12 FAILED)[39m (0 secs / 0.184 secs)
[1A[2KChrome Headless 143.0.0.0 (Windows 10): Executed 60 of 336[31m (12 FAILED)[39m (0 secs / 0.189 secs)
[1A[2KChrome Headless 143.0.0.0 (Windows 10): Executed 61 of 336[31m (12 FAILED)[39m (0 secs / 0.193 secs)
[1A[2KChrome Headless 143.0.0.0 (Windows 10): Executed 62 of 336[31m (12 FAILED)[39m (0 secs / 0.197 secs)
[1A[2KChrome Headless 143.0.0.0 (Windows 10): Executed 63 of 336[31m (12 FAILED)[39m (0 secs / 0.201 secs)
[1A[2KChrome Headless 143.0.0.0 (Windows 10): Executed 64 of 336[31m (12 FAILED)[39m (0 secs / 0.204 secs)
[1A[2KChrome Headless 143.0.0.0 (Windows 10): Executed 65 of 336[31m (12 FAILED)[39m (0 secs / 0.207 secs)
[1A[2KChrome Headless 143.0.0.0 (Windows 10): Executed 66 of 336[31m (12 FAILED)[39m (0 secs / 0.207 secs)
[1A[2KChrome Headless 143.0.0.0 (Windows 10): Executed 67 of 336[31m (12 FAILED)[39m (0 secs / 0.208 secs)
[1A[2KChrome Headless 143.0.0.0 (Windows 10): Executed 68 of 336[31m (12 FAILED)[39m (0 secs / 0.208 secs)
[1A[2KChrome Headless 143.0.0.0 (Windows 10): Executed 69 of 336[31m (12 FAILED)[39m (0 secs / 0.208 secs)
[1A[2KChrome Headless 143.0.0.0 (Windows 10): Executed 70 of 336[31m (12 FAILED)[39m (0 secs / 0.209 secs)
[1A[2KChrome Headless 143.0.0.0 (Windows 10): Executed 71 of 336[31m (12 FAILED)[39m (0 secs / 0.209 secs)
[1A[2KChrome Headless 143.0.0.0 (Windows 10): Executed 72 of 336[31m (12 FAILED)[39m (0 secs / 0.209 secs)
[1A[2KChrome Headless 143.0.0.0 (Windows 10): Executed 73 of 336[31m (12 FAILED)[39m (0 secs / 0.21 secs)
[1A[2KChrome Headless 143.0.0.0 (Windows 10): Executed 74 of 336[31m (12 FAILED)[39m (0 secs / 0.21 secs)
[1A[2KChrome Headless 143.0.0.0 (Windows 10): Executed 75 of 336[31m (12 FAILED)[39m (0 secs / 0.21 secs)
[1A[2KChrome Headless 143.0.0.0 (Windows 10): Executed 76 of 336[31m (12 FAILED)[39m (0 secs / 0.211 secs)
[1A[2KChrome Headless 143.0.0.0 (Windows 10): Executed 77 of 336[31m (12 FAILED)[39m (0 secs / 0.211 secs)
[1A[2KChrome Headless 143.0.0.0 (Windows 10): Executed 78 of 336[31m (12 FAILED)[39m (0 secs / 0.211 secs)
[1A[2KChrome Headless 143.0.0.0 (Windows 10): Executed 79 of 336[31m (12 FAILED)[39m (0 secs / 0.212 secs)
[1A[2KChrome Headless 143.0.0.0 (Windows 10): Executed 80 of 336[31m (12 FAILED)[39m (0 secs / 0.212 secs)
[1A[2KChrome Headless 143.0.0.0 (Windows 10): Executed 81 of 336[31m (12 FAILED)[39m (0 secs / 0.212 secs)
[1A[2KChrome Headless 143.0.0.0 (Windows 10): Executed 82 of 336[31m (12 FAILED)[39m (0 secs / 0.212 secs)
[1A[2KChrome Headless 143.0.0.0 (Windows 10): Executed 83 of 336[31m (12 FAILED)[39m (0 secs / 0.213 secs)
[1A[2KChrome Headless 143.0.0.0 (Windows 10): Executed 84 of 336[31m (12 FAILED)[39m (0 secs / 0.213 secs)
[1A[2KChrome Headless 143.0.0.0 (Windows 10): Executed 85 of 336[31m (12 FAILED)[39m (0 secs / 0.214 secs)
[1A[2KChrome Headless 143.0.0.0 (Windows 10): Executed 86 of 336[31m (12 FAILED)[39m (0 secs / 0.214 secs)
[1A[2KChrome Headless 143.0.0.0 (Windows 10): Executed 87 of 336[31m (12 FAILED)[39m (0 secs / 0.214 secs)
[1A[2KChrome Headless 143.0.0.0 (Windows 10): Executed 88 of 336[31m (12 FAILED)[39m (0 secs / 0.214 secs)
[1A[2KChrome Headless 143.0.0.0 (Windows 10): Executed 89 of 336[31m (12 FAILED)[39m (0 secs / 0.214 secs)
[1A[2KChrome Headless 143.0.0.0 (Windows 10): Executed 90 of 336[31m (12 FAILED)[39m (0 secs / 0.215 secs)
[1A[2KChrome Headless 143.0.0.0 (Windows 10): Executed 91 of 336[31m (12 FAILED)[39m (0 secs / 0.215 secs)
[1A[2KChrome Headless 143.0.0.0 (Windows 10): Executed 92 of 336[31m (12 FAILED)[39m (0 secs / 0.215 secs)
[1A[2KChrome Headless 143.0.0.0 (Windows 10): Executed 93 of 336[31m (12 FAILED)[39m (0 secs / 0.215 secs)
[1A[2KChrome Headless 143.0.0.0 (Windows 10): Executed 94 of 336[31m (12 FAILED)[39m (0 secs / 0.215 secs)
[1A[2KChrome Headless 143.0.0.0 (Windows 10): Executed 95 of 336[31m (12 FAILED)[39m (0 secs / 0.216 secs)
[1A[2KChrome Headless 143.0.0.0 (Windows 10): Executed 96 of 336[31m (12 FAILED)[39m (0 secs / 0.216 secs)
[1A[2KChrome Headless 143.0.0.0 (Windows 10): Executed 97 of 336[31m (12 FAILED)[39m (0 secs / 0.217 secs)
[1A[2KChrome Headless 143.0.0.0 (Windows 10): Executed 98 of 336[31m (12 FAILED)[39m (0 secs / 0.217 secs)
[1A[2KChrome Headless 143.0.0.0 (Windows 10): Executed 99 of 336[31m (12 FAILED)[39m (0 secs / 0.217 secs)
[1A[2KChrome Headless 143.0.0.0 (Windows 10): Executed 100 of 336[31m (12 FAILED)[39m (0 secs / 0.217 secs)
[1A[2KChrome Headless 143.0.0.0 (Windows 10): Executed 101 of 336[31m (12 FAILED)[39m (0 secs / 0.217 secs)
[1A[2KChrome Headless 143.0.0.0 (Windows 10): Executed 102 of 336[31m (12 FAILED)[39m (0 secs / 0.218 secs)
[1A[2KChrome Headless 143.0.0.0 (Windows 10): Executed 103 of 336[31m (12 FAILED)[39m (0 secs / 0.218 secs)
[1A[2KChrome Headless 143.0.0.0 (Windows 10): Executed 104 of 336[31m (12 FAILED)[39m (0 secs / 0.218 secs)
[1A[2KChrome Headless 143.0.0.0 (Windows 10): Executed 105 of 336[31m (12 FAILED)[39m (0 secs / 0.218 secs)
[1A[2KChrome Headless 143.0.0.0 (Windows 10): Executed 106 of 336[31m (12 FAILED)[39m (0 secs / 0.218 secs)
[1A[2KChrome Headless 143.0.0.0 (Windows 10): Executed 107 of 336[31m (12 FAILED)[39m (0 secs / 0.218 secs)
[1A[2KChrome Headless 143.0.0.0 (Windows 10): Executed 108 of 336[31m (12 FAILED)[39m (0 secs / 0.218 secs)
[1A[2KChrome Headless 143.0.0.0 (Windows 10): Executed 109 of 336[31m (12 FAILED)[39m (0 secs / 0.219 secs)
[1A[2KChrome Headless 143.0.0.0 (Windows 10): Executed 110 of 336[31m (12 FAILED)[39m (0 secs / 0.219 secs)
[1A[2KChrome Headless 143.0.0.0 (Windows 10): Executed 111 of 336[31m (12 FAILED)[39m (0 secs / 0.223 secs)
[1A[2KChrome Headless 143.0.0.0 (Windows 10): Executed 112 of 336[31m (12 FAILED)[39m (0 secs / 0.223 secs)
[1A[2KChrome Headless 143.0.0.0 (Windows 10): Executed 113 of 336[31m (12 FAILED)[39m (skipped 2) (0 secs / 0.224 secs)
[1A[2KChrome Headless 143.0.0.0 (Windows 10): Executed 114 of 336[31m (12 FAILED)[39m (skipped 2) (0 secs / 0.224 secs)
[1A[2KChrome Headless 143.0.0.0 (Windows 10): Executed 115 of 336[31m (12 FAILED)[39m (skipped 3) (0 secs / 0.224 secs)
[1A[2KChrome Headless 143.0.0.0 (Windows 10): Executed 116 of 336[31m (12 FAILED)[39m (skipped 10) (0 secs / 0.225 secs)
[1A[2KChrome Headless 143.0.0.0 (Windows 10): Executed 117 of 336[31m (12 FAILED)[39m (skipped 10) (0 secs / 0.226 secs)
[1A[2KChrome Headless 143.0.0.0 (Windows 10): Executed 118 of 336[31m (12 FAILED)[39m (skipped 10) (0 secs / 0.226 secs)
[1A[2KChrome Headless 143.0.0.0 (Windows 10): Executed 119 of 336[31m (12 FAILED)[39m (skipped 10) (0 secs / 0.227 secs)
[1A[2KChrome Headless 143.0.0.0 (Windows 10): Executed 120 of 336[31m (12 FAILED)[39m (skipped 10) (0 secs / 0.227 secs)
[1A[2KChrome Headless 143.0.0.0 (Windows 10): Executed 121 of 336[31m (12 FAILED)[39m (skipped 10) (0 secs / 0.228 secs)
[1A[2KChrome Headless 143.0.0.0 (Windows 10): Executed 122 of 336[31m (12 FAILED)[39m (skipped 10) (0 secs / 0.228 secs)
[1A[2KChrome Headless 143.0.0.0 (Windows 10): Executed 123 of 336[31m (12 FAILED)[39m (skipped 10) (0 secs / 0.229 secs)
[1A[2KChrome Headless 143.0.0.0 (Windows 10): Executed 124 of 336[31m (12 FAILED)[39m (skipped 10) (0 secs / 0.229 secs)
[1A[2KChrome Headless 143.0.0.0 (Windows 10): Executed 125 of 336[31m (12 FAILED)[39m (skipped 10) (0 secs / 0.23 secs)
[1A[2KChrome Headless 143.0.0.0 (Windows 10): Executed 126 of 336[31m (12 FAILED)[39m (skipped 10) (0 secs / 0.23 secs)
[1A[2KChrome Headless 143.0.0.0 (Windows 10): Executed 127 of 336[31m (12 FAILED)[39m (skipped 10) (0 secs / 0.231 secs)
[1A[2KChrome Headless 143.0.0.0 (Windows 10): Executed 128 of 336[31m (12 FAILED)[39m (skipped 10) (0 secs / 0.231 secs)
[1A[2KChrome Headless 143.0.0.0 (Windows 10): Executed 129 of 336[31m (12 FAILED)[39m (skipped 10) (0 secs / 0.232 secs)
[1A[2KChrome Headless 143.0.0.0 (Windows 10): Executed 130 of 336[31m (12 FAILED)[39m (skipped 10) (0 secs / 0.232 secs)
[1A[2KChrome Headless 143.0.0.0 (Windows 10): Executed 131 of 336[31m (12 FAILED)[39m (skipped 10) (0 secs / 0.232 secs)
[1A[2KChrome Headless 143.0.0.0 (Windows 10): Executed 132 of 336[31m (12 FAILED)[39m (skipped 10) (0 secs / 0.233 secs)
[1A[2KChrome Headless 143.0.0.0 (Windows 10): Executed 133 of 336[31m (12 FAILED)[39m (skipped 10) (0 secs / 0.233 secs)
[1A[2KChrome Headless 143.0.0.0 (Windows 10): Executed 134 of 336[31m (12 FAILED)[39m (skipped 10) (0 secs / 0.234 secs)
[1A[2KChrome Headless 143.0.0.0 (Windows 10): Executed 135 of 336[31m (12 FAILED)[39m (skipped 10) (0 secs / 0.234 secs)
[1A[2KChrome Headless 143.0.0.0 (Windows 10): Executed 136 of 336[31m (12 FAILED)[39m (skipped 10) (0 secs / 0.235 secs)
[1A[2KChrome Headless 143.0.0.0 (Windows 10): Executed 137 of 336[31m (12 FAILED)[39m (skipped 10) (0 secs / 0.235 secs)
[1A[2KChrome Headless 143.0.0.0 (Windows 10): Executed 138 of 336[31m (12 FAILED)[39m (skipped 10) (0 secs / 0.236 secs)
[1A[2KChrome Headless 143.0.0.0 (Windows 10): Executed 139 of 336[31m (12 FAILED)[39m (skipped 10) (0 secs / 0.236 secs)
[1A[2KChrome Headless 143.0.0.0 (Windows 10): Executed 140 of 336[31m (12 FAILED)[39m (skipped 10) (0 secs / 0.237 secs)
[1A[2KChrome Headless 143.0.0.0 (Windows 10): Executed 141 of 336[31m (12 FAILED)[39m (skipped 10) (0 secs / 0.237 secs)
[1A[2KChrome Headless 143.0.0.0 (Windows 10): Executed 142 of 336[31m (12 FAILED)[39m (skipped 10) (0 secs / 0.238 secs)
[1A[2KChrome Headless 143.0.0.0 (Windows 10): Executed 143 of 336[31m (12 FAILED)[39m (skipped 10) (0 secs / 0.238 secs)
[1A[2KChrome Headless 143.0.0.0 (Windows 10): Executed 144 of 336[31m (12 FAILED)[39m (skipped 10) (0 secs / 0.239 secs)
[1A[2KChrome Headless 143.0.0.0 (Windows 10): Executed 145 of 336[31m (12 FAILED)[39m (skipped 10) (0 secs / 0.24 secs)
[1A[2KChrome Headless 143.0.0.0 (Windows 10): Executed 146 of 336[31m (12 FAILED)[39m (skipped 10) (0 secs / 0.24 secs)
[1A[2KChrome Headless 143.0.0.0 (Windows 10): Executed 147 of 336[31m (12 FAILED)[39m (skipped 10) (0 secs / 0.28 secs)
[1A[2KChrome Headless 143.0.0.0 (Windows 10): Executed 148 of 336[31m (12 FAILED)[39m (skipped 10) (0 secs / 0.281 secs)
[1A[2KChrome Headless 143.0.0.0 (Windows 10): Executed 149 of 336[31m (12 FAILED)[39m (skipped 10) (0 secs / 0.282 secs)
[1A[2KChrome Headless 143.0.0.0 (Windows 10): Executed 150 of 336[31m (12 FAILED)[39m (skipped 10) (0 secs / 0.283 secs)
[1A[2KChrome Headless 143.0.0.0 (Windows 10): Executed 151 of 336[31m (12 FAILED)[39m (skipped 10) (0 secs / 0.283 secs)
[1A[2K[31mChrome Headless 143.0.0.0 (Windows 10) LicenseService activateLicense should send activation request and return response FAILED[39m
	Expected undefined to equal 'aaaaaaaaaaaaaaaaaaaaaaaaaaaaaaaaaaaaaaaaaaaaaaaaaaaaaaaaaaaaaaaaaaaaaaaaaaaaaaaaaaaaaaaaaaaaaaaaaaaaaaaaaaaaaaaaaaaaaaaaaaaaaaaa'.
	    at <Jasmine>
	    at UserContext.apply (src/services/license.service.spec.ts:125:42)
	    at _ZoneDelegate.invoke (node_modules/zone.js/fesm2015/zone.js:369:28)
	    at ProxyZoneSpec.onInvoke (node_modules/zone.js/fesm2015/zone-testing.js:2082:39)
	    at _ZoneDelegate.invoke (node_modules/zone.js/fesm2015/zone.js:368:34)
Chrome Headless 143.0.0.0 (Windows 10): Executed 152 of 336[31m (13 FAILED)[39m (skipped 10) (0 secs / 0.284 secs)
[1A[2KChrome Headless 143.0.0.0 (Windows 10): Executed 153 of 336[31m (13 FAILED)[39m (skipped 10) (0 secs / 0.284 secs)
[1A[2KChrome Headless 143.0.0.0 (Windows 10): Executed 154 of 336[31m (13 FAILED)[39m (skipped 10) (0 secs / 0.285 secs)
[1A[2KChrome Headless 143.0.0.0 (Windows 10): Executed 155 of 336[31m (13 FAILED)[39m (skipped 10) (0 secs / 0.285 secs)
[1A[2KChrome Headless 143.0.0.0 (Windows 10): Executed 156 of 336[31m (13 FAILED)[39m (skipped 10) (0 secs / 0.286 secs)
[1A[2KChrome Headless 143.0.0.0 (Windows 10): Executed 157 of 336[31m (13 FAILED)[39m (skipped 10) (0 secs / 0.286 secs)
[1A[2KChrome Headless 143.0.0.0 (Windows 10): Executed 158 of 336[31m (13 FAILED)[39m (skipped 10) (0 secs / 0.287 secs)
[1A[2KChrome Headless 143.0.0.0 (Windows 10): Executed 159 of 336[31m (13 FAILED)[39m (skipped 10) (0 secs / 0.287 secs)
[1A[2KChrome Headless 143.0.0.0 (Windows 10): Executed 160 of 336[31m (13 FAILED)[39m (skipped 10) (0 secs / 0.287 secs)
[1A[2KChrome Headless 143.0.0.0 (Windows 10): Executed 161 of 336[31m (13 FAILED)[39m (skipped 10) (0 secs / 0.288 secs)
[1A[2KERROR: [36m'Failed to check license status:', HttpErrorResponse{headers: HttpHeaders{headers: Map{}, normalizedNames: Map{}, lazyInit: undefined, lazyUpdate: null}, status: 0, statusText: 'Unknown Error', url: '/licenses/status', ok: false, type: undefined, name: 'HttpErrorResponse', message: 'Http failure response for /licenses/status: 0 ', error: ProgressEvent{isTrusted: false}}[39m
Chrome Headless 143.0.0.0 (Windows 10): Executed 161 of 336[31m (13 FAILED)[39m (skipped 10) (0 secs / 0.288 secs)
ERROR: 'Failed to check license status:', HttpErrorResponse{headers: HttpHeaders{headers: Map{}, normalizedNames: Map{}, lazyInit: undefined, lazyUpdate: null}, status: 0, statusText: 'Unknown Error', url: '/licenses/status', ok: false, type: undefined, name: 'HttpErrorResponse', message: 'Http failure response for /licenses/status: 0 ', error: ProgressEvent{isTrusted: false}}
[1A[2KChrome Headless 143.0.0.0 (Windows 10): Executed 162 of 336[31m (13 FAILED)[39m (skipped 10) (0 secs / 0.289 secs)
[1A[2KChrome Headless 143.0.0.0 (Windows 10): Executed 163 of 336[31m (13 FAILED)[39m (skipped 10) (0 secs / 0.29 secs)
[1A[2KChrome Headless 143.0.0.0 (Windows 10): Executed 164 of 336[31m (13 FAILED)[39m (skipped 10) (0 secs / 0.291 secs)
[1A[2KChrome Headless 143.0.0.0 (Windows 10): Executed 165 of 336[31m (13 FAILED)[39m (skipped 10) (0 secs / 0.291 secs)
[1A[2KChrome Headless 143.0.0.0 (Windows 10): Executed 166 of 336[31m (13 FAILED)[39m (skipped 10) (0 secs / 0.292 secs)
[1A[2KChrome Headless 143.0.0.0 (Windows 10): Executed 167 of 336[31m (13 FAILED)[39m (skipped 10) (0 secs / 0.292 secs)
[1A[2KChrome Headless 143.0.0.0 (Windows 10): Executed 168 of 336[31m (13 FAILED)[39m (skipped 10) (0 secs / 0.292 secs)
[1A[2K[31mChrome Headless 143.0.0.0 (Windows 10) ReportService exportPDF should export PDF with summary detail level FAILED[39m
	Error: Expected one matching request for criteria "Match by function: ", found none. Requests received are: GET /reports/pdf?start_date=2024-01-01&end_date=2024-01-31&detail_level=summary.
	    at HttpClientTestingBackend.expectOne (node_modules/@angular/common/fesm2022/http/testing.mjs:277:19)
	    at UserContext.apply (src/services/report.service.spec.ts:188:28)
	    at _ZoneDelegate.invoke (node_modules/zone.js/fesm2015/zone.js:369:28)
	    at ProxyZoneSpec.onInvoke (node_modules/zone.js/fesm2015/zone-testing.js:2082:39)
	    at _ZoneDelegate.invoke (node_modules/zone.js/fesm2015/zone.js:368:34)
	    at ZoneImpl.run (node_modules/zone.js/fesm2015/zone.js:111:43)
	    at runInTestZone (node_modules/zone.js/fesm2015/zone-testing.js:216:38)
	    at UserContext.<anonymous> (node_modules/zone.js/fesm2015/zone-testing.js:234:32)
	    at <Jasmine>
	Error: Expected no open requests, found 1: GET /reports/pdf?start_date=2024-01-01&end_date=2024-01-31&detail_level=summary
	    at HttpClientTestingBackend.verify (node_modules/@angular/common/fesm2022/http/testing.mjs:305:19)
	    at UserContext.apply (src/services/report.service.spec.ts:20:14)
	    at _ZoneDelegate.invoke (node_modules/zone.js/fesm2015/zone.js:369:28)
	    at ProxyZoneSpec.onInvoke (node_modules/zone.js/fesm2015/zone-testing.js:2082:39)
	    at _ZoneDelegate.invoke (node_modules/zone.js/fesm2015/zone.js:368:34)
	    at ZoneImpl.run (node_modules/zone.js/fesm2015/zone.js:111:43)
	    at runInTestZone (node_modules/zone.js/fesm2015/zone-testing.js:216:38)
	    at UserContext.<anonymous> (node_modules/zone.js/fesm2015/zone-testing.js:234:32)
	    at <Jasmine>
Chrome Headless 143.0.0.0 (Windows 10): Executed 169 of 336[31m (14 FAILED)[39m (skipped 10) (0 secs / 0.293 secs)
[1A[2KChrome Headless 143.0.0.0 (Windows 10): Executed 170 of 336[31m (14 FAILED)[39m (skipped 10) (0 secs / 0.293 secs)
[1A[2KChrome Headless 143.0.0.0 (Windows 10): Executed 171 of 336[31m (14 FAILED)[39m (skipped 10) (0 secs / 0.294 secs)
[1A[2K[31mChrome Headless 143.0.0.0 (Windows 10) ReportService exportPDF should handle PDF export error FAILED[39m
	Error: Expected one matching request for criteria "Match by function: ", found none. Requests received are: GET /reports/pdf?start_date=2024-01-01&end_date=2024-01-31&detail_level=summary.
	    at HttpClientTestingBackend.expectOne (node_modules/@angular/common/fesm2022/http/testing.mjs:277:19)
	    at UserContext.apply (src/services/report.service.spec.ts:302:28)
	    at _ZoneDelegate.invoke (node_modules/zone.js/fesm2015/zone.js:369:28)
	    at ProxyZoneSpec.onInvoke (node_modules/zone.js/fesm2015/zone-testing.js:2082:39)
	    at _ZoneDelegate.invoke (node_modules/zone.js/fesm2015/zone.js:368:34)
	    at ZoneImpl.run (node_modules/zone.js/fesm2015/zone.js:111:43)
	    at runInTestZone (node_modules/zone.js/fesm2015/zone-testing.js:216:38)
	    at UserContext.<anonymous> (node_modules/zone.js/fesm2015/zone-testing.js:234:32)
	    at <Jasmine>
	Error: Expected no open requests, found 1: GET /reports/pdf?start_date=2024-01-01&end_date=2024-01-31&detail_level=summary
	    at HttpClientTestingBackend.verify (node_modules/@angular/common/fesm2022/http/testing.mjs:305:19)
	    at UserContext.apply (src/services/report.service.spec.ts:20:14)
	    at _ZoneDelegate.invoke (node_modules/zone.js/fesm2015/zone.js:369:28)
	    at ProxyZoneSpec.onInvoke (node_modules/zone.js/fesm2015/zone-testing.js:2082:39)
	    at _ZoneDelegate.invoke (node_modules/zone.js/fesm2015/zone.js:368:34)
	    at ZoneImpl.run (node_modules/zone.js/fesm2015/zone.js:111:43)
	    at runInTestZone (node_modules/zone.js/fesm2015/zone-testing.js:216:38)
	    at UserContext.<anonymous> (node_modules/zone.js/fesm2015/zone-testing.js:234:32)
	    at <Jasmine>
Chrome Headless 143.0.0.0 (Windows 10): Executed 172 of 336[31m (15 FAILED)[39m (skipped 10) (0 secs / 0.295 secs)
[1A[2KChrome Headless 143.0.0.0 (Windows 10): Executed 173 of 336[31m (15 FAILED)[39m (skipped 10) (0 secs / 0.295 secs)
[1A[2KChrome Headless 143.0.0.0 (Windows 10): Executed 174 of 336[31m (15 FAILED)[39m (skipped 10) (0 secs / 0.296 secs)
[1A[2KChrome Headless 143.0.0.0 (Windows 10): Executed 175 of 336[31m (15 FAILED)[39m (skipped 10) (0 secs / 0.296 secs)
[1A[2KChrome Headless 143.0.0.0 (Windows 10): Executed 176 of 336[31m (15 FAILED)[39m (skipped 10) (0 secs / 0.297 secs)
[1A[2KChrome Headless 143.0.0.0 (Windows 10): Executed 177 of 336[31m (15 FAILED)[39m (skipped 10) (0 secs / 0.298 secs)
[1A[2KChrome Headless 143.0.0.0 (Windows 10): Executed 178 of 336[31m (15 FAILED)[39m (skipped 10) (0 secs / 0.299 secs)
[1A[2K[31mChrome Headless 143.0.0.0 (Windows 10) ReportService generateReport should generate report for single employee FAILED[39m
	Error: Expected one matching request for criteria "Match URL: /", found none. Requests received are: POST /reports.
	    at HttpClientTestingBackend.expectOne (node_modules/@angular/common/fesm2022/http/testing.mjs:277:19)
	    at UserContext.apply (src/services/report.service.spec.ts:106:28)
	    at _ZoneDelegate.invoke (node_modules/zone.js/fesm2015/zone.js:369:28)
	    at ProxyZoneSpec.onInvoke (node_modules/zone.js/fesm2015/zone-testing.js:2082:39)
	    at _ZoneDelegate.invoke (node_modules/zone.js/fesm2015/zone.js:368:34)
	    at ZoneImpl.run (node_modules/zone.js/fesm2015/zone.js:111:43)
	    at runInTestZone (node_modules/zone.js/fesm2015/zone-testing.js:216:38)
	    at UserContext.<anonymous> (node_modules/zone.js/fesm2015/zone-testing.js:234:32)
	    at <Jasmine>
	Error: Expected no open requests, found 1: POST /reports
	    at HttpClientTestingBackend.verify (node_modules/@angular/common/fesm2022/http/testing.mjs:305:19)
	    at UserContext.apply (src/services/report.service.spec.ts:20:14)
	    at _ZoneDelegate.invoke (node_modules/zone.js/fesm2015/zone.js:369:28)
	    at ProxyZoneSpec.onInvoke (node_modules/zone.js/fesm2015/zone-testing.js:2082:39)
	    at _ZoneDelegate.invoke (node_modules/zone.js/fesm2015/zone.js:368:34)
	    at ZoneImpl.run (node_modules/zone.js/fesm2015/zone.js:111:43)
	    at runInTestZone (node_modules/zone.js/fesm2015/zone-testing.js:216:38)
	    at UserContext.<anonymous> (node_modules/zone.js/fesm2015/zone-testing.js:234:32)
	    at <Jasmine>
Chrome Headless 143.0.0.0 (Windows 10): Executed 179 of 336[31m (16 FAILED)[39m (skipped 10) (0 secs / 0.3 secs)
[1A[2K[31mChrome Headless 143.0.0.0 (Windows 10) ReportService generateReport should generate report for department FAILED[39m
	Error: Expected one matching request for criteria "Match URL: /", found none. Requests received are: POST /reports.
	    at HttpClientTestingBackend.expectOne (node_modules/@angular/common/fesm2022/http/testing.mjs:277:19)
	    at UserContext.apply (src/services/report.service.spec.ts:131:28)
	    at _ZoneDelegate.invoke (node_modules/zone.js/fesm2015/zone.js:369:28)
	    at ProxyZoneSpec.onInvoke (node_modules/zone.js/fesm2015/zone-testing.js:2082:39)
	    at _ZoneDelegate.invoke (node_modules/zone.js/fesm2015/zone.js:368:34)
	    at ZoneImpl.run (node_modules/zone.js/fesm2015/zone.js:111:43)
	    at runInTestZone (node_modules/zone.js/fesm2015/zone-testing.js:216:38)
	    at UserContext.<anonymous> (node_modules/zone.js/fesm2015/zone-testing.js:234:32)
	    at <Jasmine>
	Error: Expected no open requests, found 1: POST /reports
	    at HttpClientTestingBackend.verify (node_modules/@angular/common/fesm2022/http/testing.mjs:305:19)
	    at UserContext.apply (src/services/report.service.spec.ts:20:14)
	    at _ZoneDelegate.invoke (node_modules/zone.js/fesm2015/zone.js:369:28)
	    at ProxyZoneSpec.onInvoke (node_modules/zone.js/fesm2015/zone-testing.js:2082:39)
	    at _ZoneDelegate.invoke (node_modules/zone.js/fesm2015/zone.js:368:34)
	    at ZoneImpl.run (node_modules/zone.js/fesm2015/zone.js:111:43)
	    at runInTestZone (node_modules/zone.js/fesm2015/zone-testing.js:216:38)
	    at UserContext.<anonymous> (node_modules/zone.js/fesm2015/zone-testing.js:234:32)
	    at <Jasmine>
Chrome Headless 143.0.0.0 (Windows 10): Executed 180 of 336[31m (17 FAILED)[39m (skipped 10) (0 secs / 0.3 secs)
[1A[2K[31mChrome Headless 143.0.0.0 (Windows 10) ReportService generateReport should generate report for org unit FAILED[39m
	Error: Expected one matching request for criteria "Match URL: /", found none. Requests received are: POST /reports.
	    at HttpClientTestingBackend.expectOne (node_modules/@angular/common/fesm2022/http/testing.mjs:277:19)
	    at UserContext.apply (src/services/report.service.spec.ts:155:28)
	    at _ZoneDelegate.invoke (node_modules/zone.js/fesm2015/zone.js:369:28)
	    at ProxyZoneSpec.onInvoke (node_modules/zone.js/fesm2015/zone-testing.js:2082:39)
	    at _ZoneDelegate.invoke (node_modules/zone.js/fesm2015/zone.js:368:34)
	    at ZoneImpl.run (node_modules/zone.js/fesm2015/zone.js:111:43)
	    at runInTestZone (node_modules/zone.js/fesm2015/zone-testing.js:216:38)
	    at UserContext.<anonymous> (node_modules/zone.js/fesm2015/zone-testing.js:234:32)
	    at <Jasmine>
	Error: Expected no open requests, found 1: POST /reports
	    at HttpClientTestingBackend.verify (node_modules/@angular/common/fesm2022/http/testing.mjs:305:19)
	    at UserContext.apply (src/services/report.service.spec.ts:20:14)
	    at _ZoneDelegate.invoke (node_modules/zone.js/fesm2015/zone.js:369:28)
	    at ProxyZoneSpec.onInvoke (node_modules/zone.js/fesm2015/zone-testing.js:2082:39)
	    at _ZoneDelegate.invoke (node_modules/zone.js/fesm2015/zone.js:368:34)
	    at ZoneImpl.run (node_modules/zone.js/fesm2015/zone.js:111:43)
	    at runInTestZone (node_modules/zone.js/fesm2015/zone-testing.js:216:38)
	    at UserContext.<anonymous> (node_modules/zone.js/fesm2015/zone-testing.js:234:32)
	    at <Jasmine>
Chrome Headless 143.0.0.0 (Windows 10): Executed 181 of 336[31m (18 FAILED)[39m (skipped 10) (0 secs / 0.301 secs)
[1A[2K[31mChrome Headless 143.0.0.0 (Windows 10) ReportService generateReport should handle HTTP error FAILED[39m
	Error: Expected one matching request for criteria "Match URL: /", found none. Requests received are: POST /reports.
	    at HttpClientTestingBackend.expectOne (node_modules/@angular/common/fesm2022/http/testing.mjs:277:19)
	    at UserContext.apply (src/services/report.service.spec.ts:174:28)
	    at _ZoneDelegate.invoke (node_modules/zone.js/fesm2015/zone.js:369:28)
	    at ProxyZoneSpec.onInvoke (node_modules/zone.js/fesm2015/zone-testing.js:2082:39)
	    at _ZoneDelegate.invoke (node_modules/zone.js/fesm2015/zone.js:368:34)
	    at ZoneImpl.run (node_modules/zone.js/fesm2015/zone.js:111:43)
	    at runInTestZone (node_modules/zone.js/fesm2015/zone-testing.js:216:38)
	    at UserContext.<anonymous> (node_modules/zone.js/fesm2015/zone-testing.js:234:32)
	    at <Jasmine>
	Error: Expected no open requests, found 1: POST /reports
	    at HttpClientTestingBackend.verify (node_modules/@angular/common/fesm2022/http/testing.mjs:305:19)
	    at UserContext.apply (src/services/report.service.spec.ts:20:14)
	    at _ZoneDelegate.invoke (node_modules/zone.js/fesm2015/zone.js:369:28)
	    at ProxyZoneSpec.onInvoke (node_modules/zone.js/fesm2015/zone-testing.js:2082:39)
	    at _ZoneDelegate.invoke (node_modules/zone.js/fesm2015/zone.js:368:34)
	    at ZoneImpl.run (node_modules/zone.js/fesm2015/zone.js:111:43)
	    at runInTestZone (node_modules/zone.js/fesm2015/zone-testing.js:216:38)
	    at UserContext.<anonymous> (node_modules/zone.js/fesm2015/zone-testing.js:234:32)
	    at <Jasmine>
Chrome Headless 143.0.0.0 (Windows 10): Executed 182 of 336[31m (19 FAILED)[39m (skipped 10) (0 secs / 0.302 secs)
[1A[2K[31mChrome Headless 143.0.0.0 (Windows 10) ReportService generateReport should generate report for all employees FAILED[39m
	Error: Expected one matching request for criteria "Match URL: /", found none. Requests received are: POST /reports.
	    at HttpClientTestingBackend.expectOne (node_modules/@angular/common/fesm2022/http/testing.mjs:277:19)
	    at UserContext.apply (src/services/report.service.spec.ts:63:28)
	    at _ZoneDelegate.invoke (node_modules/zone.js/fesm2015/zone.js:369:28)
	    at ProxyZoneSpec.onInvoke (node_modules/zone.js/fesm2015/zone-testing.js:2082:39)
	    at _ZoneDelegate.invoke (node_modules/zone.js/fesm2015/zone.js:368:34)
	    at ZoneImpl.run (node_modules/zone.js/fesm2015/zone.js:111:43)
	    at runInTestZone (node_modules/zone.js/fesm2015/zone-testing.js:216:38)
	    at UserContext.<anonymous> (node_modules/zone.js/fesm2015/zone-testing.js:234:32)
	    at <Jasmine>
	Error: Expected no open requests, found 1: POST /reports
	    at HttpClientTestingBackend.verify (node_modules/@angular/common/fesm2022/http/testing.mjs:305:19)
	    at UserContext.apply (src/services/report.service.spec.ts:20:14)
	    at _ZoneDelegate.invoke (node_modules/zone.js/fesm2015/zone.js:369:28)
	    at ProxyZoneSpec.onInvoke (node_modules/zone.js/fesm2015/zone-testing.js:2082:39)
	    at _ZoneDelegate.invoke (node_modules/zone.js/fesm2015/zone.js:368:34)
	    at ZoneImpl.run (node_modules/zone.js/fesm2015/zone.js:111:43)
	    at runInTestZone (node_modules/zone.js/fesm2015/zone-testing.js:216:38)
	    at UserContext.<anonymous> (node_modules/zone.js/fesm2015/zone-testing.js:234:32)
	    at <Jasmine>
Chrome Headless 143.0.0.0 (Windows 10): Executed 183 of 336[31m (20 FAILED)[39m (skipped 10) (0 secs / 0.302 secs)
[1A[2KChrome Headless 143.0.0.0 (Windows 10): Executed 184 of 336[31m (20 FAILED)[39m (skipped 10) (0 secs / 0.35 secs)
[1A[2KChrome Headless 143.0.0.0 (Windows 10): Executed 185 of 336[31m (20 FAILED)[39m (skipped 10) (0 secs / 0.374 secs)
[1A[2KChrome Headless 143.0.0.0 (Windows 10): Executed 186 of 336[31m (20 FAILED)[39m (skipped 10) (0 secs / 0.393 secs)
[1A[2KChrome Headless 143.0.0.0 (Windows 10): Executed 187 of 336[31m (20 FAILED)[39m (skipped 10) (0 secs / 0.413 secs)
[1A[2KChrome Headless 143.0.0.0 (Windows 10): Executed 188 of 336[31m (20 FAILED)[39m (skipped 10) (0 secs / 0.439 secs)
[1A[2KChrome Headless 143.0.0.0 (Windows 10): Executed 189 of 336[31m (20 FAILED)[39m (skipped 10) (0 secs / 0.458 secs)
[1A[2KChrome Headless 143.0.0.0 (Windows 10): Executed 190 of 336[31m (20 FAILED)[39m (skipped 10) (0 secs / 0.475 secs)
[1A[2KChrome Headless 143.0.0.0 (Windows 10): Executed 191 of 336[31m (20 FAILED)[39m (skipped 10) (0 secs / 0.491 secs)
[1A[2KChrome Headless 143.0.0.0 (Windows 10): Executed 192 of 336[31m (20 FAILED)[39m (skipped 10) (0 secs / 0.51 secs)
[1A[2KChrome Headless 143.0.0.0 (Windows 10): Executed 193 of 336[31m (20 FAILED)[39m (skipped 10) (0 secs / 0.526 secs)
[1A[2KChrome Headless 143.0.0.0 (Windows 10): Executed 194 of 336[31m (20 FAILED)[39m (skipped 10) (0 secs / 0.541 secs)
[1A[2KChrome Headless 143.0.0.0 (Windows 10): Executed 195 of 336[31m (20 FAILED)[39m (skipped 10) (0 secs / 0.559 secs)
[1A[2KChrome Headless 143.0.0.0 (Windows 10): Executed 196 of 336[31m (20 FAILED)[39m (skipped 10) (0 secs / 0.575 secs)
[1A[2KChrome Headless 143.0.0.0 (Windows 10): Executed 197 of 336[31m (20 FAILED)[39m (skipped 10) (0 secs / 0.591 secs)
[1A[2KChrome Headless 143.0.0.0 (Windows 10): Executed 198 of 336[31m (20 FAILED)[39m (skipped 10) (0 secs / 0.608 secs)
[1A[2KChrome Headless 143.0.0.0 (Windows 10): Executed 199 of 336[31m (20 FAILED)[39m (skipped 10) (0 secs / 0.623 secs)
[1A[2KChrome Headless 143.0.0.0 (Windows 10): Executed 200 of 336[31m (20 FAILED)[39m (skipped 10) (0 secs / 0.639 secs)
[1A[2KChrome Headless 143.0.0.0 (Windows 10): Executed 201 of 336[31m (20 FAILED)[39m (skipped 10) (0 secs / 0.655 secs)
[1A[2KChrome Headless 143.0.0.0 (Windows 10): Executed 202 of 336[31m (20 FAILED)[39m (skipped 10) (0 secs / 0.674 secs)
[1A[2KChrome Headless 143.0.0.0 (Windows 10): Executed 203 of 336[31m (20 FAILED)[39m (skipped 10) (0 secs / 0.691 secs)
[1A[2KChrome Headless 143.0.0.0 (Windows 10): Executed 204 of 336[31m (20 FAILED)[39m (skipped 10) (0 secs / 0.702 secs)
[1A[2KChrome Headless 143.0.0.0 (Windows 10): Executed 205 of 336[31m (20 FAILED)[39m (skipped 10) (0 secs / 0.717 secs)
[1A[2KChrome Headless 143.0.0.0 (Windows 10): Executed 206 of 336[31m (20 FAILED)[39m (skipped 10) (0 secs / 0.724 secs)
[1A[2KChrome Headless 143.0.0.0 (Windows 10): Executed 207 of 336[31m (20 FAILED)[39m (skipped 10) (0 secs / 0.731 secs)
[1A[2KChrome Headless 143.0.0.0 (Windows 10): Executed 208 of 336[31m (20 FAILED)[39m (skipped 10) (0 secs / 0.738 secs)
[1A[2KChrome Headless 143.0.0.0 (Windows 10): Executed 209 of 336[31m (20 FAILED)[39m (skipped 10) (0 secs / 0.745 secs)
[1A[2KChrome Headless 143.0.0.0 (Windows 10): Executed 210 of 336[31m (20 FAILED)[39m (skipped 10) (0 secs / 0.752 secs)
[1A[2KChrome Headless 143.0.0.0 (Windows 10): Executed 211 of 336[31m (20 FAILED)[39m (skipped 10) (0 secs / 0.759 secs)
[1A[2KChrome Headless 143.0.0.0 (Windows 10): Executed 212 of 336[31m (20 FAILED)[39m (skipped 10) (0 secs / 0.768 secs)
[1A[2KChrome Headless 143.0.0.0 (Windows 10): Executed 213 of 336[31m (20 FAILED)[39m (skipped 10) (0 secs / 0.776 secs)
[1A[2KChrome Headless 143.0.0.0 (Windows 10): Executed 214 of 336[31m (20 FAILED)[39m (skipped 10) (0 secs / 0.784 secs)
[1A[2KChrome Headless 143.0.0.0 (Windows 10): Executed 215 of 336[31m (20 FAILED)[39m (skipped 10) (0 secs / 0.791 secs)
[1A[2KChrome Headless 143.0.0.0 (Windows 10): Executed 216 of 336[31m (20 FAILED)[39m (skipped 10) (0 secs / 0.798 secs)
[1A[2K[31mChrome Headless 143.0.0.0 (Windows 10) LicenseManagementComponent License Form should disable submit button when form is invalid FAILED[39m
	Expected true to be false.
	    at <Jasmine>
	    at UserContext.apply (src/app/license-management/license-management.component.spec.ts:164:37)
	    at _ZoneDelegate.invoke (node_modules/zone.js/fesm2015/zone.js:369:28)
	    at ProxyZoneSpec.onInvoke (node_modules/zone.js/fesm2015/zone-testing.js:2082:39)
	    at _ZoneDelegate.invoke (node_modules/zone.js/fesm2015/zone.js:368:34)
Chrome Headless 143.0.0.0 (Windows 10): Executed 217 of 336[31m (21 FAILED)[39m (skipped 10) (0 secs / 0.812 secs)
[1A[2K[31mChrome Headless 143.0.0.0 (Windows 10) LicenseManagementComponent License Form should validate license key format FAILED[39m
	Expected false to be true.
	    at <Jasmine>
	    at UserContext.apply (src/app/license-management/license-management.component.spec.ts:120:40)
	    at _ZoneDelegate.invoke (node_modules/zone.js/fesm2015/zone.js:369:28)
	    at ProxyZoneSpec.onInvoke (node_modules/zone.js/fesm2015/zone-testing.js:2082:39)
	    at _ZoneDelegate.invoke (node_modules/zone.js/fesm2015/zone.js:368:34)
Chrome Headless 143.0.0.0 (Windows 10): Executed 218 of 336[31m (22 FAILED)[39m (skipped 10) (0 secs / 0.821 secs)
[1A[2K[31mChrome Headless 143.0.0.0 (Windows 10) LicenseManagementComponent License Form should validate signature length FAILED[39m
	Expected undefined to be true.
	    at <Jasmine>
	    at UserContext.apply (src/app/license-management/license-management.component.spec.ts:140:39)
	    at _ZoneDelegate.invoke (node_modules/zone.js/fesm2015/zone.js:369:28)
	    at ProxyZoneSpec.onInvoke (node_modules/zone.js/fesm2015/zone-testing.js:2082:39)
	    at _ZoneDelegate.invoke (node_modules/zone.js/fesm2015/zone.js:368:34)
	Expected undefined to be true.
	    at <Jasmine>
	    at UserContext.apply (src/app/license-management/license-management.component.spec.ts:144:55)
	    at _ZoneDelegate.invoke (node_modules/zone.js/fesm2015/zone.js:369:28)
	    at ProxyZoneSpec.onInvoke (node_modules/zone.js/fesm2015/zone-testing.js:2082:39)
	    at _ZoneDelegate.invoke (node_modules/zone.js/fesm2015/zone.js:368:34)
	Expected undefined to be true.
	    at <Jasmine>
	    at UserContext.apply (src/app/license-management/license-management.component.spec.ts:148:54)
	    at _ZoneDelegate.invoke (node_modules/zone.js/fesm2015/zone.js:369:28)
	    at ProxyZoneSpec.onInvoke (node_modules/zone.js/fesm2015/zone-testing.js:2082:39)
	    at _ZoneDelegate.invoke (node_modules/zone.js/fesm2015/zone.js:368:34)
Chrome Headless 143.0.0.0 (Windows 10): Executed 219 of 336[31m (23 FAILED)[39m (skipped 10) (0 secs / 0.83 secs)
[1A[2K[31mChrome Headless 143.0.0.0 (Windows 10) LicenseManagementComponent License Form should initialize form with empty values FAILED[39m
	Expected undefined to be ''.
	    at <Jasmine>
	    at UserContext.apply (src/app/license-management/license-management.component.spec.ts:112:61)
	    at _ZoneDelegate.invoke (node_modules/zone.js/fesm2015/zone.js:369:28)
	    at ProxyZoneSpec.onInvoke (node_modules/zone.js/fesm2015/zone-testing.js:2082:39)
	    at _ZoneDelegate.invoke (node_modules/zone.js/fesm2015/zone.js:368:34)
Chrome Headless 143.0.0.0 (Windows 10): Executed 220 of 336[31m (24 FAILED)[39m (skipped 10) (0 secs / 0.837 secs)
[1A[2K[31mChrome Headless 143.0.0.0 (Windows 10) LicenseManagementComponent activateLicense should handle activation error FAILED[39m
	Expected spy ErrorDialogComponent.openErrorDialog to have been called with:
	  [ 'Failed to activate license', Object({ error: Object({ detail: 'Invalid license key or signature' }) }) ]
	but it was never called.
	    at <Jasmine>
	    at UserContext.apply (src/app/license-management/license-management.component.spec.ts:245:47)
	    at _ZoneDelegate.invoke (node_modules/zone.js/fesm2015/zone.js:369:28)
	    at ProxyZoneSpec.onInvoke (node_modules/zone.js/fesm2015/zone-testing.js:2082:39)
	    at _ZoneDelegate.invoke (node_modules/zone.js/fesm2015/zone.js:368:34)
Chrome Headless 143.0.0.0 (Windows 10): Executed 221 of 336[31m (25 FAILED)[39m (skipped 10) (0 secs / 0.843 secs)
[1A[2KChrome Headless 143.0.0.0 (Windows 10): Executed 222 of 336[31m (25 FAILED)[39m (skipped 10) (0 secs / 0.849 secs)
[1A[2K[31mChrome Headless 143.0.0.0 (Windows 10) LicenseManagementComponent activateLicense should activate license with valid form data FAILED[39m
	Error: NG01001: Cannot find form control with name: 'signature'
	error properties: Object({ code: 1001 })
	    at assertControlPresent (node_modules/@angular/forms/fesm2022/forms.mjs:1736:15)
	    at forEach (node_modules/@angular/forms/fesm2022/forms.mjs:2870:13)
	    at Array.forEach (<anonymous>)
	    at FormGroup.setValue (node_modules/@angular/forms/fesm2022/forms.mjs:2869:28)
	    at UserContext.apply (src/app/license-management/license-management.component.spec.ts:187:29)
	    at _ZoneDelegate.invoke (node_modules/zone.js/fesm2015/zone.js:369:28)
	    at ProxyZoneSpec.onInvoke (node_modules/zone.js/fesm2015/zone-testing.js:2082:39)
	    at _ZoneDelegate.invoke (node_modules/zone.js/fesm2015/zone.js:368:34)
	    at ZoneImpl.run (node_modules/zone.js/fesm2015/zone.js:111:43)
	    at runInTestZone (node_modules/zone.js/fesm2015/zone-testing.js:213:38)
Chrome Headless 143.0.0.0 (Windows 10): Executed 223 of 336[31m (26 FAILED)[39m (skipped 10) (0 secs / 0.855 secs)
[1A[2KChrome Headless 143.0.0.0 (Windows 10): Executed 224 of 336[31m (26 FAILED)[39m (skipped 10) (0 secs / 0.861 secs)
[1A[2KChrome Headless 143.0.0.0 (Windows 10): Executed 225 of 336[31m (26 FAILED)[39m (skipped 10) (0 secs / 0.867 secs)
[1A[2KChrome Headless 143.0.0.0 (Windows 10): Executed 226 of 336[31m (26 FAILED)[39m (skipped 10) (0 secs / 0.875 secs)
[1A[2KChrome Headless 143.0.0.0 (Windows 10): Executed 227 of 336[31m (26 FAILED)[39m (skipped 10) (0 secs / 0.88 secs)
[1A[2KChrome Headless 143.0.0.0 (Windows 10): Executed 228 of 336[31m (26 FAILED)[39m (skipped 10) (0 secs / 0.886 secs)
[1A[2KChrome Headless 143.0.0.0 (Windows 10): Executed 229 of 336[31m (26 FAILED)[39m (skipped 10) (0 secs / 0.89 secs)
[1A[2KChrome Headless 143.0.0.0 (Windows 10): Executed 230 of 336[31m (26 FAILED)[39m (skipped 10) (0 secs / 0.894 secs)
[1A[2KChrome Headless 143.0.0.0 (Windows 10): Executed 231 of 336[31m (26 FAILED)[39m (skipped 10) (0 secs / 0.9 secs)
[1A[2K[31mChrome Headless 143.0.0.0 (Windows 10) LicenseManagementComponent Template rendering should show activation form when license is inactive FAILED[39m
	Expected null to be truthy.
	    at <Jasmine>
	    at UserContext.apply (src/app/license-management/license-management.component.spec.ts:373:31)
	    at _ZoneDelegate.invoke (node_modules/zone.js/fesm2015/zone.js:369:28)
	    at ProxyZoneSpec.onInvoke (node_modules/zone.js/fesm2015/zone-testing.js:2082:39)
	    at _ZoneDelegate.invoke (node_modules/zone.js/fesm2015/zone.js:368:34)
	Expected null to be truthy.
	    at <Jasmine>
	    at UserContext.apply (src/app/license-management/license-management.component.spec.ts:374:30)
	    at _ZoneDelegate.invoke (node_modules/zone.js/fesm2015/zone.js:369:28)
	    at ProxyZoneSpec.onInvoke (node_modules/zone.js/fesm2015/zone-testing.js:2082:39)
	    at _ZoneDelegate.invoke (node_modules/zone.js/fesm2015/zone.js:368:34)
Chrome Headless 143.0.0.0 (Windows 10): Executed 232 of 336[31m (27 FAILED)[39m (skipped 10) (0 secs / 0.906 secs)
[1A[2KChrome Headless 143.0.0.0 (Windows 10): Executed 233 of 336[31m (27 FAILED)[39m (skipped 10) (0 secs / 0.913 secs)
[1A[2KChrome Headless 143.0.0.0 (Windows 10): Executed 234 of 336[31m (27 FAILED)[39m (skipped 10) (0 secs / 0.918 secs)
[1A[2KChrome Headless 143.0.0.0 (Windows 10): Executed 235 of 336[31m (27 FAILED)[39m (skipped 10) (0 secs / 0.924 secs)
[1A[2KChrome Headless 143.0.0.0 (Windows 10): Executed 236 of 336[31m (27 FAILED)[39m (skipped 10) (0 secs / 0.928 secs)
[1A[2KChrome Headless 143.0.0.0 (Windows 10): Executed 237 of 336[31m (27 FAILED)[39m (skipped 10) (0 secs / 0.931 secs)
[1A[2KChrome Headless 143.0.0.0 (Windows 10): Executed 238 of 336[31m (27 FAILED)[39m (skipped 10) (0 secs / 0.931 secs)
[1A[2KChrome Headless 143.0.0.0 (Windows 10): Executed 239 of 336[31m (27 FAILED)[39m (skipped 10) (0 secs / 0.932 secs)
[1A[2KChrome Headless 143.0.0.0 (Windows 10): Executed 240 of 336[31m (27 FAILED)[39m (skipped 10) (0 secs / 0.932 secs)
[1A[2KChrome Headless 143.0.0.0 (Windows 10): Executed 241 of 336[31m (27 FAILED)[39m (skipped 10) (0 secs / 0.933 secs)
[1A[2KChrome Headless 143.0.0.0 (Windows 10): Executed 242 of 336[31m (27 FAILED)[39m (skipped 10) (0 secs / 0.933 secs)
[1A[2KChrome Headless 143.0.0.0 (Windows 10): Executed 243 of 336[31m (27 FAILED)[39m (skipped 10) (0 secs / 0.934 secs)
[1A[2KChrome Headless 143.0.0.0 (Windows 10): Executed 244 of 336[31m (27 FAILED)[39m (skipped 10) (0 secs / 0.934 secs)
[1A[2KChrome Headless 143.0.0.0 (Windows 10): Executed 245 of 336[31m (27 FAILED)[39m (skipped 10) (0 secs / 0.935 secs)
[1A[2KChrome Headless 143.0.0.0 (Windows 10): Executed 246 of 336[31m (27 FAILED)[39m (skipped 10) (0 secs / 0.935 secs)
[1A[2KChrome Headless 143.0.0.0 (Windows 10): Executed 247 of 336[31m (27 FAILED)[39m (skipped 10) (0 secs / 0.937 secs)
[1A[2KChrome Headless 143.0.0.0 (Windows 10): Executed 248 of 336[31m (27 FAILED)[39m (skipped 10) (0 secs / 0.937 secs)
[1A[2KChrome Headless 143.0.0.0 (Windows 10): Executed 249 of 336[31m (27 FAILED)[39m (skipped 10) (0 secs / 0.937 secs)
[1A[2KChrome Headless 143.0.0.0 (Windows 10): Executed 250 of 336[31m (27 FAILED)[39m (skipped 10) (0 secs / 0.937 secs)
[1A[2KChrome Headless 143.0.0.0 (Windows 10): Executed 251 of 336[31m (27 FAILED)[39m (skipped 10) (0 secs / 0.937 secs)
[1A[2KChrome Headless 143.0.0.0 (Windows 10): Executed 252 of 336[31m (27 FAILED)[39m (skipped 10) (0 secs / 0.938 secs)
[1A[2KChrome Headless 143.0.0.0 (Windows 10): Executed 253 of 336[31m (27 FAILED)[39m (skipped 10) (0 secs / 0.938 secs)
[1A[2KChrome Headless 143.0.0.0 (Windows 10): Executed 254 of 336[31m (27 FAILED)[39m (skipped 10) (0 secs / 0.939 secs)
[1A[2KChrome Headless 143.0.0.0 (Windows 10): Executed 255 of 336[31m (27 FAILED)[39m (skipped 10) (0 secs / 0.939 secs)
[1A[2KChrome Headless 143.0.0.0 (Windows 10): Executed 256 of 336[31m (27 FAILED)[39m (skipped 10) (0 secs / 0.94 secs)
[1A[2KChrome Headless 143.0.0.0 (Windows 10): Executed 257 of 336[31m (27 FAILED)[39m (skipped 10) (0 secs / 0.94 secs)
[1A[2KChrome Headless 143.0.0.0 (Windows 10): Executed 258 of 336[31m (27 FAILED)[39m (skipped 10) (0 secs / 0.941 secs)
[1A[2KChrome Headless 143.0.0.0 (Windows 10): Executed 259 of 336[31m (27 FAILED)[39m (skipped 10) (0 secs / 0.941 secs)
[1A[2KChrome Headless 143.0.0.0 (Windows 10): Executed 260 of 336[31m (27 FAILED)[39m (skipped 10) (0 secs / 0.942 secs)
[1A[2KChrome Headless 143.0.0.0 (Windows 10): Executed 261 of 336[31m (27 FAILED)[39m (skipped 10) (0 secs / 0.942 secs)
[1A[2KChrome Headless 143.0.0.0 (Windows 10): Executed 262 of 336[31m (27 FAILED)[39m (skipped 10) (0 secs / 0.942 secs)
[1A[2KChrome Headless 143.0.0.0 (Windows 10): Executed 263 of 336[31m (27 FAILED)[39m (skipped 10) (0 secs / 0.942 secs)
[1A[2KChrome Headless 143.0.0.0 (Windows 10): Executed 264 of 336[31m (27 FAILED)[39m (skipped 10) (0 secs / 0.942 secs)
[1A[2KChrome Headless 143.0.0.0 (Windows 10): Executed 265 of 336[31m (27 FAILED)[39m (skipped 10) (0 secs / 0.943 secs)
[1A[2KChrome Headless 143.0.0.0 (Windows 10): Executed 266 of 336[31m (27 FAILED)[39m (skipped 10) (0 secs / 0.943 secs)
[1A[2KChrome Headless 143.0.0.0 (Windows 10): Executed 267 of 336[31m (27 FAILED)[39m (skipped 10) (0 secs / 0.943 secs)
[1A[2KChrome Headless 143.0.0.0 (Windows 10): Executed 268 of 336[31m (27 FAILED)[39m (skipped 10) (0 secs / 0.943 secs)
[1A[2KChrome Headless 143.0.0.0 (Windows 10): Executed 269 of 336[31m (27 FAILED)[39m (skipped 10) (0 secs / 0.943 secs)
[1A[2KChrome Headless 143.0.0.0 (Windows 10): Executed 270 of 336[31m (27 FAILED)[39m (skipped 10) (0 secs / 0.944 secs)
[1A[2KChrome Headless 143.0.0.0 (Windows 10): Executed 271 of 336[31m (27 FAILED)[39m (skipped 10) (0 secs / 0.944 secs)
[1A[2KChrome Headless 143.0.0.0 (Windows 10): Executed 272 of 336[31m (27 FAILED)[39m (skipped 10) (0 secs / 0.945 secs)
[1A[2KChrome Headless 143.0.0.0 (Windows 10): Executed 273 of 336[31m (27 FAILED)[39m (skipped 10) (0 secs / 0.945 secs)
[1A[2KChrome Headless 143.0.0.0 (Windows 10): Executed 274 of 336[31m (27 FAILED)[39m (skipped 10) (0 secs / 0.946 secs)
[1A[2KChrome Headless 143.0.0.0 (Windows 10): Executed 275 of 336[31m (27 FAILED)[39m (skipped 10) (0 secs / 0.946 secs)
[1A[2KChrome Headless 143.0.0.0 (Windows 10): Executed 276 of 336[31m (27 FAILED)[39m (skipped 10) (0 secs / 0.946 secs)
[1A[2KChrome Headless 143.0.0.0 (Windows 10): Executed 277 of 336[31m (27 FAILED)[39m (skipped 10) (0 secs / 0.946 secs)
[1A[2KChrome Headless 143.0.0.0 (Windows 10): Executed 278 of 336[31m (27 FAILED)[39m (skipped 10) (0 secs / 0.946 secs)
[1A[2KChrome Headless 143.0.0.0 (Windows 10): Executed 279 of 336[31m (27 FAILED)[39m (skipped 10) (0 secs / 0.946 secs)
[1A[2KChrome Headless 143.0.0.0 (Windows 10): Executed 280 of 336[31m (27 FAILED)[39m (skipped 10) (0 secs / 0.946 secs)
[1A[2KChrome Headless 143.0.0.0 (Windows 10): Executed 281 of 336[31m (27 FAILED)[39m (skipped 10) (0 secs / 0.946 secs)
[1A[2KChrome Headless 143.0.0.0 (Windows 10): Executed 282 of 336[31m (27 FAILED)[39m (skipped 10) (0 secs / 0.946 secs)
[1A[2KChrome Headless 143.0.0.0 (Windows 10): Executed 283 of 336[31m (27 FAILED)[39m (skipped 10) (0 secs / 0.946 secs)
[1A[2KChrome Headless 143.0.0.0 (Windows 10): Executed 284 of 336[31m (27 FAILED)[39m (skipped 10) (0 secs / 0.946 secs)
[1A[2KChrome Headless 143.0.0.0 (Windows 10): Executed 285 of 336[31m (27 FAILED)[39m (skipped 10) (0 secs / 0.947 secs)
[1A[2KChrome Headless 143.0.0.0 (Windows 10): Executed 286 of 336[31m (27 FAILED)[39m (skipped 10) (0 secs / 0.947 secs)
[1A[2KChrome Headless 143.0.0.0 (Windows 10): Executed 287 of 336[31m (27 FAILED)[39m (skipped 10) (0 secs / 0.948 secs)
[1A[2KChrome Headless 143.0.0.0 (Windows 10): Executed 288 of 336[31m (27 FAILED)[39m (skipped 10) (0 secs / 0.948 secs)
[1A[2KChrome Headless 143.0.0.0 (Windows 10): Executed 289 of 336[31m (27 FAILED)[39m (skipped 10) (0 secs / 0.949 secs)
[1A[2KChrome Headless 143.0.0.0 (Windows 10): Executed 290 of 336[31m (27 FAILED)[39m (skipped 10) (0 secs / 0.949 secs)
[1A[2KChrome Headless 143.0.0.0 (Windows 10): Executed 291 of 336[31m (27 FAILED)[39m (skipped 10) (0 secs / 0.949 secs)
[1A[2KChrome Headless 143.0.0.0 (Windows 10): Executed 292 of 336[31m (27 FAILED)[39m (skipped 10) (0 secs / 0.949 secs)
[1A[2KChrome Headless 143.0.0.0 (Windows 10): Executed 293 of 336[31m (27 FAILED)[39m (skipped 10) (0 secs / 0.949 secs)
[1A[2KChrome Headless 143.0.0.0 (Windows 10): Executed 294 of 336[31m (27 FAILED)[39m (skipped 10) (0 secs / 0.95 secs)
[1A[2KERROR: [36m'Test error message', Object{error: Object{detail: 'API error detail'}}[39m
Chrome Headless 143.0.0.0 (Windows 10): Executed 294 of 336[31m (27 FAILED)[39m (skipped 10) (0 secs / 0.95 secs)
ERROR: 'Test error message', Object{error: Object{detail: 'API error detail'}}
[1A[2KChrome Headless 143.0.0.0 (Windows 10): Executed 295 of 336[31m (27 FAILED)[39m (skipped 10) (0 secs / 0.953 secs)
[1A[2KERROR: [36m'Test error message', 'Detailed error information'[39m
Chrome Headless 143.0.0.0 (Windows 10): Executed 295 of 336[31m (27 FAILED)[39m (skipped 10) (0 secs / 0.953 secs)
ERROR: 'Test error message', 'Detailed error information'
[1A[2KChrome Headless 143.0.0.0 (Windows 10): Executed 296 of 336[31m (27 FAILED)[39m (skipped 10) (0 secs / 0.953 secs)
[1A[2KChrome Headless 143.0.0.0 (Windows 10): Executed 297 of 336[31m (27 FAILED)[39m (skipped 10) (0 secs / 0.954 secs)
[1A[2KChrome Headless 143.0.0.0 (Windows 10): Executed 298 of 336[31m (27 FAILED)[39m (skipped 10) (0 secs / 0.956 secs)
[1A[2KChrome Headless 143.0.0.0 (Windows 10): Executed 299 of 336[31m (27 FAILED)[39m (skipped 10) (0 secs / 0.957 secs)
[1A[2KChrome Headless 143.0.0.0 (Windows 10): Executed 300 of 336[31m (27 FAILED)[39m (skipped 10) (0 secs / 0.957 secs)
[1A[2KChrome Headless 143.0.0.0 (Windows 10): Executed 301 of 336[31m (27 FAILED)[39m (skipped 10) (0 secs / 0.958 secs)
[1A[2KChrome Headless 143.0.0.0 (Windows 10): Executed 302 of 336[31m (27 FAILED)[39m (skipped 10) (0 secs / 0.959 secs)
[1A[2KChrome Headless 143.0.0.0 (Windows 10): Executed 303 of 336[31m (27 FAILED)[39m (skipped 10) (0 secs / 0.959 secs)
[1A[2KChrome Headless 143.0.0.0 (Windows 10): Executed 304 of 336[31m (27 FAILED)[39m (skipped 10) (0 secs / 0.96 secs)
[1A[2KChrome Headless 143.0.0.0 (Windows 10): Executed 305 of 336[31m (27 FAILED)[39m (skipped 10) (0 secs / 0.96 secs)
[1A[2K[31mChrome Headless 143.0.0.0 (Windows 10) UserService refreshToken should send POST request to refresh endpoint FAILED[39m
	Error: Expected one matching request for criteria "Match URL: //refresh", found none. Requests received are: POST /users/refresh.
	    at HttpClientTestingBackend.expectOne (node_modules/@angular/common/fesm2022/http/testing.mjs:277:19)
	    at UserContext.apply (src/services/user.service.spec.ts:84:28)
	    at _ZoneDelegate.invoke (node_modules/zone.js/fesm2015/zone.js:369:28)
	    at ProxyZoneSpec.onInvoke (node_modules/zone.js/fesm2015/zone-testing.js:2082:39)
	    at _ZoneDelegate.invoke (node_modules/zone.js/fesm2015/zone.js:368:34)
	    at ZoneImpl.run (node_modules/zone.js/fesm2015/zone.js:111:43)
	    at runInTestZone (node_modules/zone.js/fesm2015/zone-testing.js:213:38)
	    at UserContext.<anonymous> (node_modules/zone.js/fesm2015/zone-testing.js:231:32)
	    at <Jasmine>
	Error: Expected no open requests, found 1: POST /users/refresh
	    at HttpClientTestingBackend.verify (node_modules/@angular/common/fesm2022/http/testing.mjs:305:19)
	    at UserContext.apply (src/services/user.service.spec.ts:24:14)
	    at _ZoneDelegate.invoke (node_modules/zone.js/fesm2015/zone.js:369:28)
	    at ProxyZoneSpec.onInvoke (node_modules/zone.js/fesm2015/zone-testing.js:2082:39)
	    at _ZoneDelegate.invoke (node_modules/zone.js/fesm2015/zone.js:368:34)
	    at ZoneImpl.run (node_modules/zone.js/fesm2015/zone.js:111:43)
	    at runInTestZone (node_modules/zone.js/fesm2015/zone-testing.js:216:38)
	    at UserContext.<anonymous> (node_modules/zone.js/fesm2015/zone-testing.js:234:32)
	    at <Jasmine>
Chrome Headless 143.0.0.0 (Windows 10): Executed 306 of 336[31m (28 FAILED)[39m (skipped 10) (0 secs / 0.96 secs)
[1A[2K[31mChrome Headless 143.0.0.0 (Windows 10) UserService refreshToken should handle refresh token errors FAILED[39m
	Error: Expected one matching request for criteria "Match URL: //refresh", found none. Requests received are: POST /users/refresh.
	    at HttpClientTestingBackend.expectOne (node_modules/@angular/common/fesm2022/http/testing.mjs:277:19)
	    at UserContext.apply (src/services/user.service.spec.ts:98:28)
	    at _ZoneDelegate.invoke (node_modules/zone.js/fesm2015/zone.js:369:28)
	    at ProxyZoneSpec.onInvoke (node_modules/zone.js/fesm2015/zone-testing.js:2082:39)
	    at _ZoneDelegate.invoke (node_modules/zone.js/fesm2015/zone.js:368:34)
	    at ZoneImpl.run (node_modules/zone.js/fesm2015/zone.js:111:43)
	    at runInTestZone (node_modules/zone.js/fesm2015/zone-testing.js:213:38)
	    at UserContext.<anonymous> (node_modules/zone.js/fesm2015/zone-testing.js:231:32)
	    at <Jasmine>
	Error: Expected no open requests, found 1: POST /users/refresh
	    at HttpClientTestingBackend.verify (node_modules/@angular/common/fesm2022/http/testing.mjs:305:19)
	    at UserContext.apply (src/services/user.service.spec.ts:24:14)
	    at _ZoneDelegate.invoke (node_modules/zone.js/fesm2015/zone.js:369:28)
	    at ProxyZoneSpec.onInvoke (node_modules/zone.js/fesm2015/zone-testing.js:2082:39)
	    at _ZoneDelegate.invoke (node_modules/zone.js/fesm2015/zone.js:368:34)
	    at ZoneImpl.run (node_modules/zone.js/fesm2015/zone.js:111:43)
	    at runInTestZone (node_modules/zone.js/fesm2015/zone-testing.js:216:38)
	    at UserContext.<anonymous> (node_modules/zone.js/fesm2015/zone-testing.js:234:32)
	    at <Jasmine>
Chrome Headless 143.0.0.0 (Windows 10): Executed 307 of 336[31m (29 FAILED)[39m (skipped 10) (0 secs / 0.96 secs)
[1A[2K[31mChrome Headless 143.0.0.0 (Windows 10) UserService getUsers should retrieve all users FAILED[39m
	Error: Expected one matching request for criteria "Match URL: //", found none. Requests received are: GET /users/.
	    at HttpClientTestingBackend.expectOne (node_modules/@angular/common/fesm2022/http/testing.mjs:277:19)
	    at UserContext.apply (src/services/user.service.spec.ts:119:28)
	    at _ZoneDelegate.invoke (node_modules/zone.js/fesm2015/zone.js:369:28)
	    at ProxyZoneSpec.onInvoke (node_modules/zone.js/fesm2015/zone-testing.js:2082:39)
	    at _ZoneDelegate.invoke (node_modules/zone.js/fesm2015/zone.js:368:34)
	    at ZoneImpl.run (node_modules/zone.js/fesm2015/zone.js:111:43)
	    at runInTestZone (node_modules/zone.js/fesm2015/zone-testing.js:213:38)
	    at UserContext.<anonymous> (node_modules/zone.js/fesm2015/zone-testing.js:231:32)
	    at <Jasmine>
	Error: Expected no open requests, found 1: GET /users/
	    at HttpClientTestingBackend.verify (node_modules/@angular/common/fesm2022/http/testing.mjs:305:19)
	    at UserContext.apply (src/services/user.service.spec.ts:24:14)
	    at _ZoneDelegate.invoke (node_modules/zone.js/fesm2015/zone.js:369:28)
	    at ProxyZoneSpec.onInvoke (node_modules/zone.js/fesm2015/zone-testing.js:2082:39)
	    at _ZoneDelegate.invoke (node_modules/zone.js/fesm2015/zone.js:368:34)
	    at ZoneImpl.run (node_modules/zone.js/fesm2015/zone.js:111:43)
	    at runInTestZone (node_modules/zone.js/fesm2015/zone-testing.js:216:38)
	    at UserContext.<anonymous> (node_modules/zone.js/fesm2015/zone-testing.js:234:32)
	    at <Jasmine>
Chrome Headless 143.0.0.0 (Windows 10): Executed 308 of 336[31m (30 FAILED)[39m (skipped 10) (0 secs / 0.961 secs)
[1A[2K[31mChrome Headless 143.0.0.0 (Windows 10) UserService getUsers should return empty array when no users exist FAILED[39m
	Error: Expected one matching request for criteria "Match URL: //", found none. Requests received are: GET /users/.
	    at HttpClientTestingBackend.expectOne (node_modules/@angular/common/fesm2022/http/testing.mjs:277:19)
	    at UserContext.apply (src/services/user.service.spec.ts:131:28)
	    at _ZoneDelegate.invoke (node_modules/zone.js/fesm2015/zone.js:369:28)
	    at ProxyZoneSpec.onInvoke (node_modules/zone.js/fesm2015/zone-testing.js:2082:39)
	    at _ZoneDelegate.invoke (node_modules/zone.js/fesm2015/zone.js:368:34)
	    at ZoneImpl.run (node_modules/zone.js/fesm2015/zone.js:111:43)
	    at runInTestZone (node_modules/zone.js/fesm2015/zone-testing.js:213:38)
	    at UserContext.<anonymous> (node_modules/zone.js/fesm2015/zone-testing.js:231:32)
	    at <Jasmine>
	Error: Expected no open requests, found 1: GET /users/
	    at HttpClientTestingBackend.verify (node_modules/@angular/common/fesm2022/http/testing.mjs:305:19)
	    at UserContext.apply (src/services/user.service.spec.ts:24:14)
	    at _ZoneDelegate.invoke (node_modules/zone.js/fesm2015/zone.js:369:28)
	    at ProxyZoneSpec.onInvoke (node_modules/zone.js/fesm2015/zone-testing.js:2082:39)
	    at _ZoneDelegate.invoke (node_modules/zone.js/fesm2015/zone.js:368:34)
	    at ZoneImpl.run (node_modules/zone.js/fesm2015/zone.js:111:43)
	    at runInTestZone (node_modules/zone.js/fesm2015/zone-testing.js:216:38)
	    at UserContext.<anonymous> (node_modules/zone.js/fesm2015/zone-testing.js:234:32)
	    at <Jasmine>
Chrome Headless 143.0.0.0 (Windows 10): Executed 309 of 336[31m (31 FAILED)[39m (skipped 10) (0 secs / 0.962 secs)
[1A[2K[31mChrome Headless 143.0.0.0 (Windows 10) UserService getUsers should handle server errors FAILED[39m
	Error: Expected one matching request for criteria "Match URL: //", found none. Requests received are: GET /users/.
	    at HttpClientTestingBackend.expectOne (node_modules/@angular/common/fesm2022/http/testing.mjs:277:19)
	    at UserContext.apply (src/services/user.service.spec.ts:144:28)
	    at _ZoneDelegate.invoke (node_modules/zone.js/fesm2015/zone.js:369:28)
	    at ProxyZoneSpec.onInvoke (node_modules/zone.js/fesm2015/zone-testing.js:2082:39)
	    at _ZoneDelegate.invoke (node_modules/zone.js/fesm2015/zone.js:368:34)
	    at ZoneImpl.run (node_modules/zone.js/fesm2015/zone.js:111:43)
	    at runInTestZone (node_modules/zone.js/fesm2015/zone-testing.js:213:38)
	    at UserContext.<anonymous> (node_modules/zone.js/fesm2015/zone-testing.js:231:32)
	    at <Jasmine>
	Error: Expected no open requests, found 1: GET /users/
	    at HttpClientTestingBackend.verify (node_modules/@angular/common/fesm2022/http/testing.mjs:305:19)
	    at UserContext.apply (src/services/user.service.spec.ts:24:14)
	    at _ZoneDelegate.invoke (node_modules/zone.js/fesm2015/zone.js:369:28)
	    at ProxyZoneSpec.onInvoke (node_modules/zone.js/fesm2015/zone-testing.js:2082:39)
	    at _ZoneDelegate.invoke (node_modules/zone.js/fesm2015/zone.js:368:34)
	    at ZoneImpl.run (node_modules/zone.js/fesm2015/zone.js:111:43)
	    at runInTestZone (node_modules/zone.js/fesm2015/zone-testing.js:216:38)
	    at UserContext.<anonymous> (node_modules/zone.js/fesm2015/zone-testing.js:234:32)
	    at <Jasmine>
Chrome Headless 143.0.0.0 (Windows 10): Executed 310 of 336[31m (32 FAILED)[39m (skipped 10) (0 secs / 0.962 secs)
[1A[2K[31mChrome Headless 143.0.0.0 (Windows 10) UserService getUserById should retrieve user by id FAILED[39m
	Error: Expected one matching request for criteria "Match URL: //5", found none. Requests received are: GET /users/5.
	    at HttpClientTestingBackend.expectOne (node_modules/@angular/common/fesm2022/http/testing.mjs:277:19)
	    at UserContext.apply (src/services/user.service.spec.ts:160:28)
	    at _ZoneDelegate.invoke (node_modules/zone.js/fesm2015/zone.js:369:28)
	    at ProxyZoneSpec.onInvoke (node_modules/zone.js/fesm2015/zone-testing.js:2082:39)
	    at _ZoneDelegate.invoke (node_modules/zone.js/fesm2015/zone.js:368:34)
	    at ZoneImpl.run (node_modules/zone.js/fesm2015/zone.js:111:43)
	    at runInTestZone (node_modules/zone.js/fesm2015/zone-testing.js:213:38)
	    at UserContext.<anonymous> (node_modules/zone.js/fesm2015/zone-testing.js:231:32)
	    at <Jasmine>
	Error: Expected no open requests, found 1: GET /users/5
	    at HttpClientTestingBackend.verify (node_modules/@angular/common/fesm2022/http/testing.mjs:305:19)
	    at UserContext.apply (src/services/user.service.spec.ts:24:14)
	    at _ZoneDelegate.invoke (node_modules/zone.js/fesm2015/zone.js:369:28)
	    at ProxyZoneSpec.onInvoke (node_modules/zone.js/fesm2015/zone-testing.js:2082:39)
	    at _ZoneDelegate.invoke (node_modules/zone.js/fesm2015/zone.js:368:34)
	    at ZoneImpl.run (node_modules/zone.js/fesm2015/zone.js:111:43)
	    at runInTestZone (node_modules/zone.js/fesm2015/zone-testing.js:216:38)
	    at UserContext.<anonymous> (node_modules/zone.js/fesm2015/zone-testing.js:234:32)
	    at <Jasmine>
Chrome Headless 143.0.0.0 (Windows 10): Executed 311 of 336[31m (33 FAILED)[39m (skipped 10) (0 secs / 0.962 secs)
[1A[2K[31mChrome Headless 143.0.0.0 (Windows 10) UserService getUserById should handle user not found FAILED[39m
	Error: Expected one matching request for criteria "Match URL: //999", found none. Requests received are: GET /users/999.
	    at HttpClientTestingBackend.expectOne (node_modules/@angular/common/fesm2022/http/testing.mjs:277:19)
	    at UserContext.apply (src/services/user.service.spec.ts:174:28)
	    at _ZoneDelegate.invoke (node_modules/zone.js/fesm2015/zone.js:369:28)
	    at ProxyZoneSpec.onInvoke (node_modules/zone.js/fesm2015/zone-testing.js:2082:39)
	    at _ZoneDelegate.invoke (node_modules/zone.js/fesm2015/zone.js:368:34)
	    at ZoneImpl.run (node_modules/zone.js/fesm2015/zone.js:111:43)
	    at runInTestZone (node_modules/zone.js/fesm2015/zone-testing.js:213:38)
	    at UserContext.<anonymous> (node_modules/zone.js/fesm2015/zone-testing.js:231:32)
	    at <Jasmine>
	Error: Expected no open requests, found 1: GET /users/999
	    at HttpClientTestingBackend.verify (node_modules/@angular/common/fesm2022/http/testing.mjs:305:19)
	    at UserContext.apply (src/services/user.service.spec.ts:24:14)
	    at _ZoneDelegate.invoke (node_modules/zone.js/fesm2015/zone.js:369:28)
	    at ProxyZoneSpec.onInvoke (node_modules/zone.js/fesm2015/zone-testing.js:2082:39)
	    at _ZoneDelegate.invoke (node_modules/zone.js/fesm2015/zone.js:368:34)
	    at ZoneImpl.run (node_modules/zone.js/fesm2015/zone.js:111:43)
	    at runInTestZone (node_modules/zone.js/fesm2015/zone-testing.js:216:38)
	    at UserContext.<anonymous> (node_modules/zone.js/fesm2015/zone-testing.js:234:32)
	    at <Jasmine>
Chrome Headless 143.0.0.0 (Windows 10): Executed 312 of 336[31m (34 FAILED)[39m (skipped 10) (0 secs / 0.963 secs)
[1A[2K[31mChrome Headless 143.0.0.0 (Windows 10) UserService deleteUser should handle user not found on delete FAILED[39m
	Error: Expected one matching request for criteria "Match URL: //999", found none. Requests received are: DELETE /users/999.
	    at HttpClientTestingBackend.expectOne (node_modules/@angular/common/fesm2022/http/testing.mjs:277:19)
	    at UserContext.apply (src/services/user.service.spec.ts:262:28)
	    at _ZoneDelegate.invoke (node_modules/zone.js/fesm2015/zone.js:369:28)
	    at ProxyZoneSpec.onInvoke (node_modules/zone.js/fesm2015/zone-testing.js:2082:39)
	    at _ZoneDelegate.invoke (node_modules/zone.js/fesm2015/zone.js:368:34)
	    at ZoneImpl.run (node_modules/zone.js/fesm2015/zone.js:111:43)
	    at runInTestZone (node_modules/zone.js/fesm2015/zone-testing.js:213:38)
	    at UserContext.<anonymous> (node_modules/zone.js/fesm2015/zone-testing.js:231:32)
	    at <Jasmine>
	Error: Expected no open requests, found 1: DELETE /users/999
	    at HttpClientTestingBackend.verify (node_modules/@angular/common/fesm2022/http/testing.mjs:305:19)
	    at UserContext.apply (src/services/user.service.spec.ts:24:14)
	    at _ZoneDelegate.invoke (node_modules/zone.js/fesm2015/zone.js:369:28)
	    at ProxyZoneSpec.onInvoke (node_modules/zone.js/fesm2015/zone-testing.js:2082:39)
	    at _ZoneDelegate.invoke (node_modules/zone.js/fesm2015/zone.js:368:34)
	    at ZoneImpl.run (node_modules/zone.js/fesm2015/zone.js:111:43)
	    at runInTestZone (node_modules/zone.js/fesm2015/zone-testing.js:216:38)
	    at UserContext.<anonymous> (node_modules/zone.js/fesm2015/zone-testing.js:234:32)
	    at <Jasmine>
Chrome Headless 143.0.0.0 (Windows 10): Executed 313 of 336[31m (35 FAILED)[39m (skipped 10) (0 secs / 0.964 secs)
[1A[2K[31mChrome Headless 143.0.0.0 (Windows 10) UserService deleteUser should delete user by id FAILED[39m
	Error: Expected one matching request for criteria "Match URL: //5", found none. Requests received are: DELETE /users/5.
	    at HttpClientTestingBackend.expectOne (node_modules/@angular/common/fesm2022/http/testing.mjs:277:19)
	    at UserContext.apply (src/services/user.service.spec.ts:248:28)
	    at _ZoneDelegate.invoke (node_modules/zone.js/fesm2015/zone.js:369:28)
	    at ProxyZoneSpec.onInvoke (node_modules/zone.js/fesm2015/zone-testing.js:2082:39)
	    at _ZoneDelegate.invoke (node_modules/zone.js/fesm2015/zone.js:368:34)
	    at ZoneImpl.run (node_modules/zone.js/fesm2015/zone.js:111:43)
	    at runInTestZone (node_modules/zone.js/fesm2015/zone-testing.js:213:38)
	    at UserContext.<anonymous> (node_modules/zone.js/fesm2015/zone-testing.js:231:32)
	    at <Jasmine>
	Error: Expected no open requests, found 1: DELETE /users/5
	    at HttpClientTestingBackend.verify (node_modules/@angular/common/fesm2022/http/testing.mjs:305:19)
	    at UserContext.apply (src/services/user.service.spec.ts:24:14)
	    at _ZoneDelegate.invoke (node_modules/zone.js/fesm2015/zone.js:369:28)
	    at ProxyZoneSpec.onInvoke (node_modules/zone.js/fesm2015/zone-testing.js:2082:39)
	    at _ZoneDelegate.invoke (node_modules/zone.js/fesm2015/zone.js:368:34)
	    at ZoneImpl.run (node_modules/zone.js/fesm2015/zone.js:111:43)
	    at runInTestZone (node_modules/zone.js/fesm2015/zone-testing.js:216:38)
	    at UserContext.<anonymous> (node_modules/zone.js/fesm2015/zone-testing.js:234:32)
	    at <Jasmine>
Chrome Headless 143.0.0.0 (Windows 10): Executed 314 of 336[31m (36 FAILED)[39m (skipped 10) (0 secs / 0.964 secs)
[1A[2K[31mChrome Headless 143.0.0.0 (Windows 10) UserService deleteUser should accept numeric id parameter FAILED[39m
	Error: Expected one matching request for criteria "Match URL: //42", found none. Requests received are: DELETE /users/42.
	    at HttpClientTestingBackend.expectOne (node_modules/@angular/common/fesm2022/http/testing.mjs:277:19)
	    at UserContext.apply (src/services/user.service.spec.ts:273:28)
	    at _ZoneDelegate.invoke (node_modules/zone.js/fesm2015/zone.js:369:28)
	    at ProxyZoneSpec.onInvoke (node_modules/zone.js/fesm2015/zone-testing.js:2082:39)
	    at _ZoneDelegate.invoke (node_modules/zone.js/fesm2015/zone.js:368:34)
	    at ZoneImpl.run (node_modules/zone.js/fesm2015/zone.js:111:43)
	    at runInTestZone (node_modules/zone.js/fesm2015/zone-testing.js:213:38)
	    at UserContext.<anonymous> (node_modules/zone.js/fesm2015/zone-testing.js:231:32)
	    at <Jasmine>
	Error: Expected no open requests, found 1: DELETE /users/42
	    at HttpClientTestingBackend.verify (node_modules/@angular/common/fesm2022/http/testing.mjs:305:19)
	    at UserContext.apply (src/services/user.service.spec.ts:24:14)
	    at _ZoneDelegate.invoke (node_modules/zone.js/fesm2015/zone.js:369:28)
	    at ProxyZoneSpec.onInvoke (node_modules/zone.js/fesm2015/zone-testing.js:2082:39)
	    at _ZoneDelegate.invoke (node_modules/zone.js/fesm2015/zone.js:368:34)
	    at ZoneImpl.run (node_modules/zone.js/fesm2015/zone.js:111:43)
	    at runInTestZone (node_modules/zone.js/fesm2015/zone-testing.js:216:38)
	    at UserContext.<anonymous> (node_modules/zone.js/fesm2015/zone-testing.js:234:32)
	    at <Jasmine>
Chrome Headless 143.0.0.0 (Windows 10): Executed 315 of 336[31m (37 FAILED)[39m (skipped 10) (0 secs / 0.965 secs)
[1A[2K[31mChrome Headless 143.0.0.0 (Windows 10) UserService updateUserPassword should handle incorrect old password FAILED[39m
	Error: Expected one matching request for criteria "Match URL: //EMP001", found none. Requests received are: PUT /users/EMP001.
	    at HttpClientTestingBackend.expectOne (node_modules/@angular/common/fesm2022/http/testing.mjs:277:19)
	    at UserContext.apply (src/services/user.service.spec.ts:316:28)
	    at _ZoneDelegate.invoke (node_modules/zone.js/fesm2015/zone.js:369:28)
	    at ProxyZoneSpec.onInvoke (node_modules/zone.js/fesm2015/zone-testing.js:2082:39)
	    at _ZoneDelegate.invoke (node_modules/zone.js/fesm2015/zone.js:368:34)
	    at ZoneImpl.run (node_modules/zone.js/fesm2015/zone.js:111:43)
	    at runInTestZone (node_modules/zone.js/fesm2015/zone-testing.js:213:38)
	    at UserContext.<anonymous> (node_modules/zone.js/fesm2015/zone-testing.js:231:32)
	    at <Jasmine>
	Error: Expected no open requests, found 1: PUT /users/EMP001
	    at HttpClientTestingBackend.verify (node_modules/@angular/common/fesm2022/http/testing.mjs:305:19)
	    at UserContext.apply (src/services/user.service.spec.ts:24:14)
	    at _ZoneDelegate.invoke (node_modules/zone.js/fesm2015/zone.js:369:28)
	    at ProxyZoneSpec.onInvoke (node_modules/zone.js/fesm2015/zone-testing.js:2082:39)
	    at _ZoneDelegate.invoke (node_modules/zone.js/fesm2015/zone.js:368:34)
	    at ZoneImpl.run (node_modules/zone.js/fesm2015/zone.js:111:43)
	    at runInTestZone (node_modules/zone.js/fesm2015/zone-testing.js:216:38)
	    at UserContext.<anonymous> (node_modules/zone.js/fesm2015/zone-testing.js:234:32)
	    at <Jasmine>
Chrome Headless 143.0.0.0 (Windows 10): Executed 316 of 336[31m (38 FAILED)[39m (skipped 10) (0 secs / 0.966 secs)
[1A[2K[31mChrome Headless 143.0.0.0 (Windows 10) UserService updateUserPassword should update user password FAILED[39m
	Error: Expected one matching request for criteria "Match URL: //EMP003", found none. Requests received are: PUT /users/EMP003.
	    at HttpClientTestingBackend.expectOne (node_modules/@angular/common/fesm2022/http/testing.mjs:277:19)
	    at UserContext.apply (src/services/user.service.spec.ts:295:28)
	    at _ZoneDelegate.invoke (node_modules/zone.js/fesm2015/zone.js:369:28)
	    at ProxyZoneSpec.onInvoke (node_modules/zone.js/fesm2015/zone-testing.js:2082:39)
	    at _ZoneDelegate.invoke (node_modules/zone.js/fesm2015/zone.js:368:34)
	    at ZoneImpl.run (node_modules/zone.js/fesm2015/zone.js:111:43)
	    at runInTestZone (node_modules/zone.js/fesm2015/zone-testing.js:213:38)
	    at UserContext.<anonymous> (node_modules/zone.js/fesm2015/zone-testing.js:231:32)
	    at <Jasmine>
	Error: Expected no open requests, found 1: PUT /users/EMP003
	    at HttpClientTestingBackend.verify (node_modules/@angular/common/fesm2022/http/testing.mjs:305:19)
	    at UserContext.apply (src/services/user.service.spec.ts:24:14)
	    at _ZoneDelegate.invoke (node_modules/zone.js/fesm2015/zone.js:369:28)
	    at ProxyZoneSpec.onInvoke (node_modules/zone.js/fesm2015/zone-testing.js:2082:39)
	    at _ZoneDelegate.invoke (node_modules/zone.js/fesm2015/zone.js:368:34)
	    at ZoneImpl.run (node_modules/zone.js/fesm2015/zone.js:111:43)
	    at runInTestZone (node_modules/zone.js/fesm2015/zone-testing.js:216:38)
	    at UserContext.<anonymous> (node_modules/zone.js/fesm2015/zone-testing.js:234:32)
	    at <Jasmine>
Chrome Headless 143.0.0.0 (Windows 10): Executed 317 of 336[31m (39 FAILED)[39m (skipped 10) (0 secs / 0.966 secs)
[1A[2KChrome Headless 143.0.0.0 (Windows 10): Executed 318 of 336[31m (39 FAILED)[39m (skipped 10) (0 secs / 0.966 secs)
[1A[2KChrome Headless 143.0.0.0 (Windows 10): Executed 319 of 336[31m (39 FAILED)[39m (skipped 10) (0 secs / 0.966 secs)
[1A[2K[31mChrome Headless 143.0.0.0 (Windows 10) UserService login should handle login errors FAILED[39m
	Error: Expected one matching request for criteria "Match URL: //login", found none. Requests received are: POST /users/login.
	    at HttpClientTestingBackend.expectOne (node_modules/@angular/common/fesm2022/http/testing.mjs:277:19)
	    at UserContext.apply (src/services/user.service.spec.ts:65:28)
	    at _ZoneDelegate.invoke (node_modules/zone.js/fesm2015/zone.js:369:28)
	    at ProxyZoneSpec.onInvoke (node_modules/zone.js/fesm2015/zone-testing.js:2082:39)
	    at _ZoneDelegate.invoke (node_modules/zone.js/fesm2015/zone.js:368:34)
	    at ZoneImpl.run (node_modules/zone.js/fesm2015/zone.js:111:43)
	    at runInTestZone (node_modules/zone.js/fesm2015/zone-testing.js:213:38)
	    at UserContext.<anonymous> (node_modules/zone.js/fesm2015/zone-testing.js:231:32)
	    at <Jasmine>
	Error: Expected no open requests, found 1: POST /users/login
	    at HttpClientTestingBackend.verify (node_modules/@angular/common/fesm2022/http/testing.mjs:305:19)
	    at UserContext.apply (src/services/user.service.spec.ts:24:14)
	    at _ZoneDelegate.invoke (node_modules/zone.js/fesm2015/zone.js:369:28)
	    at ProxyZoneSpec.onInvoke (node_modules/zone.js/fesm2015/zone-testing.js:2082:39)
	    at _ZoneDelegate.invoke (node_modules/zone.js/fesm2015/zone.js:368:34)
	    at ZoneImpl.run (node_modules/zone.js/fesm2015/zone.js:111:43)
	    at runInTestZone (node_modules/zone.js/fesm2015/zone-testing.js:216:38)
	    at UserContext.<anonymous> (node_modules/zone.js/fesm2015/zone-testing.js:234:32)
	    at <Jasmine>
Chrome Headless 143.0.0.0 (Windows 10): Executed 320 of 336[31m (40 FAILED)[39m (skipped 10) (0 secs / 0.966 secs)
[1A[2K[31mChrome Headless 143.0.0.0 (Windows 10) UserService login should send POST request with FormData and return access token FAILED[39m
	Error: Expected one matching request for criteria "Match URL: //login", found none. Requests received are: POST /users/login.
	    at HttpClientTestingBackend.expectOne (node_modules/@angular/common/fesm2022/http/testing.mjs:277:19)
	    at UserContext.apply (src/services/user.service.spec.ts:46:28)
	    at _ZoneDelegate.invoke (node_modules/zone.js/fesm2015/zone.js:369:28)
	    at ProxyZoneSpec.onInvoke (node_modules/zone.js/fesm2015/zone-testing.js:2082:39)
	    at _ZoneDelegate.invoke (node_modules/zone.js/fesm2015/zone.js:368:34)
	    at ZoneImpl.run (node_modules/zone.js/fesm2015/zone.js:111:43)
	    at runInTestZone (node_modules/zone.js/fesm2015/zone-testing.js:213:38)
	    at UserContext.<anonymous> (node_modules/zone.js/fesm2015/zone-testing.js:231:32)
	    at <Jasmine>
	Error: Expected no open requests, found 1: POST /users/login
	    at HttpClientTestingBackend.verify (node_modules/@angular/common/fesm2022/http/testing.mjs:305:19)
	    at UserContext.apply (src/services/user.service.spec.ts:24:14)
	    at _ZoneDelegate.invoke (node_modules/zone.js/fesm2015/zone.js:369:28)
	    at ProxyZoneSpec.onInvoke (node_modules/zone.js/fesm2015/zone-testing.js:2082:39)
	    at _ZoneDelegate.invoke (node_modules/zone.js/fesm2015/zone.js:368:34)
	    at ZoneImpl.run (node_modules/zone.js/fesm2015/zone.js:111:43)
	    at runInTestZone (node_modules/zone.js/fesm2015/zone-testing.js:216:38)
	    at UserContext.<anonymous> (node_modules/zone.js/fesm2015/zone-testing.js:234:32)
	    at <Jasmine>
Chrome Headless 143.0.0.0 (Windows 10): Executed 321 of 336[31m (41 FAILED)[39m (skipped 10) (0 secs / 0.967 secs)
[1A[2KChrome Headless 143.0.0.0 (Windows 10): Executed 322 of 336[31m (41 FAILED)[39m (skipped 10) (0 secs / 0.967 secs)
[1A[2KChrome Headless 143.0.0.0 (Windows 10): Executed 323 of 336[31m (41 FAILED)[39m (skipped 10) (0 secs / 0.968 secs)
[1A[2K[31mChrome Headless 143.0.0.0 (Windows 10) UserService createUser should handle validation errors FAILED[39m
	Error: Expected one matching request for criteria "Match URL: //", found none. Requests received are: POST /users/.
	    at HttpClientTestingBackend.expectOne (node_modules/@angular/common/fesm2022/http/testing.mjs:277:19)
	    at UserContext.apply (src/services/user.service.spec.ts:218:28)
	    at _ZoneDelegate.invoke (node_modules/zone.js/fesm2015/zone.js:369:28)
	    at ProxyZoneSpec.onInvoke (node_modules/zone.js/fesm2015/zone-testing.js:2082:39)
	    at _ZoneDelegate.invoke (node_modules/zone.js/fesm2015/zone.js:368:34)
	    at ZoneImpl.run (node_modules/zone.js/fesm2015/zone.js:111:43)
	    at runInTestZone (node_modules/zone.js/fesm2015/zone-testing.js:213:38)
	    at UserContext.<anonymous> (node_modules/zone.js/fesm2015/zone-testing.js:231:32)
	    at <Jasmine>
	Error: Expected no open requests, found 1: POST /users/
	    at HttpClientTestingBackend.verify (node_modules/@angular/common/fesm2022/http/testing.mjs:305:19)
	    at UserContext.apply (src/services/user.service.spec.ts:24:14)
	    at _ZoneDelegate.invoke (node_modules/zone.js/fesm2015/zone.js:369:28)
	    at ProxyZoneSpec.onInvoke (node_modules/zone.js/fesm2015/zone-testing.js:2082:39)
	    at _ZoneDelegate.invoke (node_modules/zone.js/fesm2015/zone.js:368:34)
	    at ZoneImpl.run (node_modules/zone.js/fesm2015/zone.js:111:43)
	    at runInTestZone (node_modules/zone.js/fesm2015/zone-testing.js:216:38)
	    at UserContext.<anonymous> (node_modules/zone.js/fesm2015/zone-testing.js:234:32)
	    at <Jasmine>
Chrome Headless 143.0.0.0 (Windows 10): Executed 324 of 336[31m (42 FAILED)[39m (skipped 10) (0 secs / 0.969 secs)
[1A[2K[31mChrome Headless 143.0.0.0 (Windows 10) UserService createUser should create new user FAILED[39m
	Error: Expected one matching request for criteria "Match URL: //", found none. Requests received are: POST /users/.
	    at HttpClientTestingBackend.expectOne (node_modules/@angular/common/fesm2022/http/testing.mjs:277:19)
	    at UserContext.apply (src/services/user.service.spec.ts:198:28)
	    at _ZoneDelegate.invoke (node_modules/zone.js/fesm2015/zone.js:369:28)
	    at ProxyZoneSpec.onInvoke (node_modules/zone.js/fesm2015/zone-testing.js:2082:39)
	    at _ZoneDelegate.invoke (node_modules/zone.js/fesm2015/zone.js:368:34)
	    at ZoneImpl.run (node_modules/zone.js/fesm2015/zone.js:111:43)
	    at runInTestZone (node_modules/zone.js/fesm2015/zone-testing.js:213:38)
	    at UserContext.<anonymous> (node_modules/zone.js/fesm2015/zone-testing.js:231:32)
	    at <Jasmine>
	Error: Expected no open requests, found 1: POST /users/
	    at HttpClientTestingBackend.verify (node_modules/@angular/common/fesm2022/http/testing.mjs:305:19)
	    at UserContext.apply (src/services/user.service.spec.ts:24:14)
	    at _ZoneDelegate.invoke (node_modules/zone.js/fesm2015/zone.js:369:28)
	    at ProxyZoneSpec.onInvoke (node_modules/zone.js/fesm2015/zone-testing.js:2082:39)
	    at _ZoneDelegate.invoke (node_modules/zone.js/fesm2015/zone.js:368:34)
	    at ZoneImpl.run (node_modules/zone.js/fesm2015/zone.js:111:43)
	    at runInTestZone (node_modules/zone.js/fesm2015/zone-testing.js:216:38)
	    at UserContext.<anonymous> (node_modules/zone.js/fesm2015/zone-testing.js:234:32)
	    at <Jasmine>
Chrome Headless 143.0.0.0 (Windows 10): Executed 325 of 336[31m (43 FAILED)[39m (skipped 10) (0 secs / 0.969 secs)
[1A[2K[31mChrome Headless 143.0.0.0 (Windows 10) UserService createUser should handle duplicate badge number FAILED[39m
	Error: Expected one matching request for criteria "Match URL: //", found none. Requests received are: POST /users/.
	    at HttpClientTestingBackend.expectOne (node_modules/@angular/common/fesm2022/http/testing.mjs:277:19)
	    at UserContext.apply (src/services/user.service.spec.ts:236:28)
	    at _ZoneDelegate.invoke (node_modules/zone.js/fesm2015/zone.js:369:28)
	    at ProxyZoneSpec.onInvoke (node_modules/zone.js/fesm2015/zone-testing.js:2082:39)
	    at _ZoneDelegate.invoke (node_modules/zone.js/fesm2015/zone.js:368:34)
	    at ZoneImpl.run (node_modules/zone.js/fesm2015/zone.js:111:43)
	    at runInTestZone (node_modules/zone.js/fesm2015/zone-testing.js:213:38)
	    at UserContext.<anonymous> (node_modules/zone.js/fesm2015/zone-testing.js:231:32)
	    at <Jasmine>
	Error: Expected no open requests, found 1: POST /users/
	    at HttpClientTestingBackend.verify (node_modules/@angular/common/fesm2022/http/testing.mjs:305:19)
	    at UserContext.apply (src/services/user.service.spec.ts:24:14)
	    at _ZoneDelegate.invoke (node_modules/zone.js/fesm2015/zone.js:369:28)
	    at ProxyZoneSpec.onInvoke (node_modules/zone.js/fesm2015/zone-testing.js:2082:39)
	    at _ZoneDelegate.invoke (node_modules/zone.js/fesm2015/zone.js:368:34)
	    at ZoneImpl.run (node_modules/zone.js/fesm2015/zone.js:111:43)
	    at runInTestZone (node_modules/zone.js/fesm2015/zone-testing.js:216:38)
	    at UserContext.<anonymous> (node_modules/zone.js/fesm2015/zone-testing.js:234:32)
	    at <Jasmine>
Chrome Headless 143.0.0.0 (Windows 10): Executed 326 of 336[31m (44 FAILED)[39m (skipped 10) (0 secs / 0.969 secs)
[1A[2KChrome Headless 143.0.0.0 (Windows 10): Executed 326 of 336[31m (44 FAILED)[39m (skipped 10) (2.038 secs / 0.969 secs)
[31mTOTAL: 44 FAILED, 282 SUCCESS[39m
âœ” Browser application bundle generation complete.
âœ” Browser application bundle generation complete.
