{"meta": {"format": 3, "version": "7.8.0", "timestamp": "2026-01-12T07:25:23.449760", "branch_coverage": false, "show_contexts": false}, "files": {"src\\__init__.py": {"executed_lines": [0], "summary": {"covered_lines": 0, "num_statements": 0, "percent_covered": 100.0, "percent_covered_display": "100", "missing_lines": 0, "excluded_lines": 0}, "missing_lines": [], "excluded_lines": [], "functions": {"": {"executed_lines": [], "summary": {"covered_lines": 0, "num_statements": 0, "percent_covered": 100.0, "percent_covered_display": "100", "missing_lines": 0, "excluded_lines": 0}, "missing_lines": [], "excluded_lines": []}}, "classes": {"": {"executed_lines": [], "summary": {"covered_lines": 0, "num_statements": 0, "percent_covered": 100.0, "percent_covered_display": "100", "missing_lines": 0, "excluded_lines": 0}, "missing_lines": [], "excluded_lines": []}}}, "src\\auth_role\\constants.py": {"executed_lines": [1, 3, 5, 6, 7, 8, 9, 10, 11, 12, 13, 14, 15, 16], "summary": {"covered_lines": 13, "num_statements": 13, "percent_covered": 100.0, "percent_covered_display": "100", "missing_lines": 0, "excluded_lines": 0}, "missing_lines": [], "excluded_lines": [], "functions": {"": {"executed_lines": [1, 3, 5, 6, 7, 8, 9, 10, 11, 12, 13, 14, 15, 16], "summary": {"covered_lines": 13, "num_statements": 13, "percent_covered": 100.0, "percent_covered_display": "100", "missing_lines": 0, "excluded_lines": 0}, "missing_lines": [], "excluded_lines": []}}, "classes": {"": {"executed_lines": [1, 3, 5, 6, 7, 8, 9, 10, 11, 12, 13, 14, 15, 16], "summary": {"covered_lines": 13, "num_statements": 13, "percent_covered": 100.0, "percent_covered_display": "100", "missing_lines": 0, "excluded_lines": 0}, "missing_lines": [], "excluded_lines": []}}}, "src\\auth_role\\models.py": {"executed_lines": [1, 12, 14, 15, 17, 22, 23, 25, 28, 31, 32, 40, 41, 45, 48, 49, 57, 60, 66, 69, 70, 78, 79, 80, 84, 89], "summary": {"covered_lines": 22, "num_statements": 23, "percent_covered": 95.65217391304348, "percent_covered_display": "96", "missing_lines": 1, "excluded_lines": 0}, "missing_lines": [26], "excluded_lines": [], "functions": {"": {"executed_lines": [1, 12, 14, 15, 17, 22, 23, 25, 28, 31, 32, 40, 41, 45, 48, 49, 57, 60, 66, 69, 70, 78, 79, 80, 84, 89], "summary": {"covered_lines": 22, "num_statements": 23, "percent_covered": 95.65217391304348, "percent_covered_display": "96", "missing_lines": 1, "excluded_lines": 0}, "missing_lines": [26], "excluded_lines": []}}, "classes": {"AuthRolePermission": {"executed_lines": [], "summary": {"covered_lines": 0, "num_statements": 0, "percent_covered": 100.0, "percent_covered_display": "100", "missing_lines": 0, "excluded_lines": 0}, "missing_lines": [], "excluded_lines": []}, "AuthRoleMembership": {"executed_lines": [], "summary": {"covered_lines": 0, "num_statements": 0, "percent_covered": 100.0, "percent_covered_display": "100", "missing_lines": 0, "excluded_lines": 0}, "missing_lines": [], "excluded_lines": []}, "AuthRole": {"executed_lines": [], "summary": {"covered_lines": 0, "num_statements": 0, "percent_covered": 100.0, "percent_covered_display": "100", "missing_lines": 0, "excluded_lines": 0}, "missing_lines": [], "excluded_lines": []}, "": {"executed_lines": [1, 12, 14, 15, 17, 22, 23, 25, 28, 31, 32, 40, 41, 45, 48, 49, 57, 60, 66, 69, 70, 78, 79, 80, 84, 89], "summary": {"covered_lines": 22, "num_statements": 23, "percent_covered": 95.65217391304348, "percent_covered_display": "96", "missing_lines": 1, "excluded_lines": 0}, "missing_lines": [26], "excluded_lines": []}}}, "src\\auth_role\\repository.py": {"executed_lines": [1, 3, 5, 6, 8, 13, 16, 27, 33, 34, 35, 38, 52, 53, 54, 55, 56, 59, 69, 72, 84, 87, 99, 102, 116, 118, 119, 120, 121, 122, 123, 124, 125, 126, 127, 130, 132, 133, 134, 135, 138, 146, 147, 150, 164, 170, 171, 172], "summary": {"covered_lines": 47, "num_statements": 47, "percent_covered": 100.0, "percent_covered_display": "100", "missing_lines": 0, "excluded_lines": 0}, "missing_lines": [], "excluded_lines": [], "functions": {"create_auth_role": {"executed_lines": [27, 33, 34, 35], "summary": {"covered_lines": 4, "num_statements": 4, "percent_covered": 100.0, "percent_covered_display": "100", "missing_lines": 0, "excluded_lines": 0}, "missing_lines": [], "excluded_lines": []}, "create_membership": {"executed_lines": [52, 53, 54, 55, 56], "summary": {"covered_lines": 5, "num_statements": 5, "percent_covered": 100.0, "percent_covered_display": "100", "missing_lines": 0, "excluded_lines": 0}, "missing_lines": [], "excluded_lines": []}, "get_auth_roles": {"executed_lines": [69], "summary": {"covered_lines": 1, "num_statements": 1, "percent_covered": 100.0, "percent_covered_display": "100", "missing_lines": 0, "excluded_lines": 0}, "missing_lines": [], "excluded_lines": []}, "get_auth_role_by_id": {"executed_lines": [84], "summary": {"covered_lines": 1, "num_statements": 1, "percent_covered": 100.0, "percent_covered_display": "100", "missing_lines": 0, "excluded_lines": 0}, "missing_lines": [], "excluded_lines": []}, "get_auth_role_by_name": {"executed_lines": [99], "summary": {"covered_lines": 1, "num_statements": 1, "percent_covered": 100.0, "percent_covered_display": "100", "missing_lines": 0, "excluded_lines": 0}, "missing_lines": [], "excluded_lines": []}, "update_auth_role": {"executed_lines": [116, 118, 119, 120, 121, 122, 123, 124, 125, 126, 127, 130, 132, 133, 134, 135], "summary": {"covered_lines": 16, "num_statements": 16, "percent_covered": 100.0, "percent_covered_display": "100", "missing_lines": 0, "excluded_lines": 0}, "missing_lines": [], "excluded_lines": []}, "delete_auth_role": {"executed_lines": [146, 147], "summary": {"covered_lines": 2, "num_statements": 2, "percent_covered": 100.0, "percent_covered_display": "100", "missing_lines": 0, "excluded_lines": 0}, "missing_lines": [], "excluded_lines": []}, "delete_membership": {"executed_lines": [164, 170, 171, 172], "summary": {"covered_lines": 4, "num_statements": 4, "percent_covered": 100.0, "percent_covered_display": "100", "missing_lines": 0, "excluded_lines": 0}, "missing_lines": [], "excluded_lines": []}, "": {"executed_lines": [1, 3, 5, 6, 8, 13, 16, 38, 59, 72, 87, 102, 138, 150], "summary": {"covered_lines": 13, "num_statements": 13, "percent_covered": 100.0, "percent_covered_display": "100", "missing_lines": 0, "excluded_lines": 0}, "missing_lines": [], "excluded_lines": []}}, "classes": {"": {"executed_lines": [1, 3, 5, 6, 8, 13, 16, 27, 33, 34, 35, 38, 52, 53, 54, 55, 56, 59, 69, 72, 84, 87, 99, 102, 116, 118, 119, 120, 121, 122, 123, 124, 125, 126, 127, 130, 132, 133, 134, 135, 138, 146, 147, 150, 164, 170, 171, 172], "summary": {"covered_lines": 47, "num_statements": 47, "percent_covered": 100.0, "percent_covered_display": "100", "missing_lines": 0, "excluded_lines": 0}, "missing_lines": [], "excluded_lines": []}}}, "src\\auth_role\\routes.py": {"executed_lines": [1, 3, 4, 6, 7, 8, 18, 19, 20, 21, 22, 24, 27, 32, 50, 53, 59, 60, 61, 62, 65, 70, 90, 91, 97, 98, 104, 107, 108, 111, 114, 119, 133, 136, 141, 159, 160, 166, 169, 174, 192, 193, 199, 202, 207, 227, 233, 234, 240, 243, 249, 250, 251, 252, 255, 256, 271, 272, 277, 283, 284, 285, 288, 293, 313, 314, 320, 321, 327, 330, 331, 334], "summary": {"covered_lines": 71, "num_statements": 71, "percent_covered": 100.0, "percent_covered_display": "100", "missing_lines": 0, "excluded_lines": 0}, "missing_lines": [], "excluded_lines": [], "functions": {"create_auth_role": {"executed_lines": [50, 53, 59, 60, 61, 62], "summary": {"covered_lines": 6, "num_statements": 6, "percent_covered": 100.0, "percent_covered_display": "100", "missing_lines": 0, "excluded_lines": 0}, "missing_lines": [], "excluded_lines": []}, "create_auth_role_membership": {"executed_lines": [90, 91, 97, 98, 104, 107, 108, 111], "summary": {"covered_lines": 8, "num_statements": 8, "percent_covered": 100.0, "percent_covered_display": "100", "missing_lines": 0, "excluded_lines": 0}, "missing_lines": [], "excluded_lines": []}, "get_auth_roles": {"executed_lines": [133], "summary": {"covered_lines": 1, "num_statements": 1, "percent_covered": 100.0, "percent_covered_display": "100", "missing_lines": 0, "excluded_lines": 0}, "missing_lines": [], "excluded_lines": []}, "get_auth_role_by_id": {"executed_lines": [159, 160, 166], "summary": {"covered_lines": 3, "num_statements": 3, "percent_covered": 100.0, "percent_covered_display": "100", "missing_lines": 0, "excluded_lines": 0}, "missing_lines": [], "excluded_lines": []}, "get_users_by_auth_role": {"executed_lines": [192, 193, 199], "summary": {"covered_lines": 3, "num_statements": 3, "percent_covered": 100.0, "percent_covered_display": "100", "missing_lines": 0, "excluded_lines": 0}, "missing_lines": [], "excluded_lines": []}, "update_auth_role": {"executed_lines": [227, 233, 234, 240, 243, 249, 250, 251, 252], "summary": {"covered_lines": 9, "num_statements": 9, "percent_covered": 100.0, "percent_covered_display": "100", "missing_lines": 0, "excluded_lines": 0}, "missing_lines": [], "excluded_lines": []}, "delete_auth_role": {"executed_lines": [271, 272, 277, 283, 284, 285], "summary": {"covered_lines": 6, "num_statements": 6, "percent_covered": 100.0, "percent_covered_display": "100", "missing_lines": 0, "excluded_lines": 0}, "missing_lines": [], "excluded_lines": []}, "delete_auth_role_membership": {"executed_lines": [313, 314, 320, 321, 327, 330, 331, 334], "summary": {"covered_lines": 8, "num_statements": 8, "percent_covered": 100.0, "percent_covered_display": "100", "missing_lines": 0, "excluded_lines": 0}, "missing_lines": [], "excluded_lines": []}, "": {"executed_lines": [1, 3, 4, 6, 7, 8, 18, 19, 20, 21, 22, 24, 27, 32, 65, 70, 114, 119, 136, 141, 169, 174, 202, 207, 255, 256, 288, 293], "summary": {"covered_lines": 27, "num_statements": 27, "percent_covered": 100.0, "percent_covered_display": "100", "missing_lines": 0, "excluded_lines": 0}, "missing_lines": [], "excluded_lines": []}}, "classes": {"": {"executed_lines": [1, 3, 4, 6, 7, 8, 18, 19, 20, 21, 22, 24, 27, 32, 50, 53, 59, 60, 61, 62, 65, 70, 90, 91, 97, 98, 104, 107, 108, 111, 114, 119, 133, 136, 141, 159, 160, 166, 169, 174, 192, 193, 199, 202, 207, 227, 233, 234, 240, 243, 249, 250, 251, 252, 255, 256, 271, 272, 277, 283, 284, 285, 288, 293, 313, 314, 320, 321, 327, 330, 331, 334], "summary": {"covered_lines": 71, "num_statements": 71, "percent_covered": 100.0, "percent_covered_display": "100", "missing_lines": 0, "excluded_lines": 0}, "missing_lines": [], "excluded_lines": []}}}, "src\\auth_role\\schemas.py": {"executed_lines": [1, 10, 11, 13, 18, 21, 22, 29, 31, 35, 36, 37, 38, 42, 45, 46, 55, 56, 58, 63, 64, 71, 73], "summary": {"covered_lines": 19, "num_statements": 19, "percent_covered": 100.0, "percent_covered_display": "100", "missing_lines": 0, "excluded_lines": 0}, "missing_lines": [], "excluded_lines": [], "functions": {"PermissionBase.check_values": {"executed_lines": [37, 38, 42], "summary": {"covered_lines": 3, "num_statements": 3, "percent_covered": 100.0, "percent_covered_display": "100", "missing_lines": 0, "excluded_lines": 0}, "missing_lines": [], "excluded_lines": []}, "": {"executed_lines": [1, 10, 11, 13, 18, 21, 22, 29, 31, 35, 36, 45, 46, 55, 56, 58, 63, 64, 71, 73], "summary": {"covered_lines": 16, "num_statements": 16, "percent_covered": 100.0, "percent_covered_display": "100", "missing_lines": 0, "excluded_lines": 0}, "missing_lines": [], "excluded_lines": []}}, "classes": {"PermissionBase": {"executed_lines": [37, 38, 42], "summary": {"covered_lines": 3, "num_statements": 3, "percent_covered": 100.0, "percent_covered_display": "100", "missing_lines": 0, "excluded_lines": 0}, "missing_lines": [], "excluded_lines": []}, "AuthRoleBase": {"executed_lines": [], "summary": {"covered_lines": 0, "num_statements": 0, "percent_covered": 100.0, "percent_covered_display": "100", "missing_lines": 0, "excluded_lines": 0}, "missing_lines": [], "excluded_lines": []}, "AuthRoleExtended": {"executed_lines": [], "summary": {"covered_lines": 0, "num_statements": 0, "percent_covered": 100.0, "percent_covered_display": "100", "missing_lines": 0, "excluded_lines": 0}, "missing_lines": [], "excluded_lines": []}, "": {"executed_lines": [1, 10, 11, 13, 18, 21, 22, 29, 31, 35, 36, 45, 46, 55, 56, 58, 63, 64, 71, 73], "summary": {"covered_lines": 16, "num_statements": 16, "percent_covered": 100.0, "percent_covered_display": "100", "missing_lines": 0, "excluded_lines": 0}, "missing_lines": [], "excluded_lines": []}}}, "src\\config.py": {"executed_lines": [1, 3, 6, 7, 16, 17, 18, 20, 26, 29, 32, 34], "summary": {"covered_lines": 10, "num_statements": 12, "percent_covered": 83.33333333333333, "percent_covered_display": "83", "missing_lines": 2, "excluded_lines": 0}, "missing_lines": [27, 30], "excluded_lines": [], "functions": {"Settings.get_database_url": {"executed_lines": [26, 29, 32], "summary": {"covered_lines": 3, "num_statements": 5, "percent_covered": 60.0, "percent_covered_display": "60", "missing_lines": 2, "excluded_lines": 0}, "missing_lines": [27, 30], "excluded_lines": []}, "": {"executed_lines": [1, 3, 6, 7, 16, 17, 18, 20, 34], "summary": {"covered_lines": 7, "num_statements": 7, "percent_covered": 100.0, "percent_covered_display": "100", "missing_lines": 0, "excluded_lines": 0}, "missing_lines": [], "excluded_lines": []}}, "classes": {"Settings": {"executed_lines": [26, 29, 32], "summary": {"covered_lines": 3, "num_statements": 5, "percent_covered": 60.0, "percent_covered_display": "60", "missing_lines": 2, "excluded_lines": 0}, "missing_lines": [27, 30], "excluded_lines": []}, "": {"executed_lines": [1, 3, 6, 7, 16, 17, 18, 20, 34], "summary": {"covered_lines": 7, "num_statements": 7, "percent_covered": 100.0, "percent_covered_display": "100", "missing_lines": 0, "excluded_lines": 0}, "missing_lines": [], "excluded_lines": []}}}, "src\\constants.py": {"executed_lines": [1, 3, 4, 5, 6, 8], "summary": {"covered_lines": 5, "num_statements": 5, "percent_covered": 100.0, "percent_covered_display": "100", "missing_lines": 0, "excluded_lines": 0}, "missing_lines": [], "excluded_lines": [], "functions": {"": {"executed_lines": [1, 3, 4, 5, 6, 8], "summary": {"covered_lines": 5, "num_statements": 5, "percent_covered": 100.0, "percent_covered_display": "100", "missing_lines": 0, "excluded_lines": 0}, "missing_lines": [], "excluded_lines": []}}, "classes": {"": {"executed_lines": [1, 3, 4, 5, 6, 8], "summary": {"covered_lines": 5, "num_statements": 5, "percent_covered": 100.0, "percent_covered_display": "100", "missing_lines": 0, "excluded_lines": 0}, "missing_lines": [], "excluded_lines": []}}}, "src\\database.py": {"executed_lines": [1, 3, 5, 6, 7, 8, 15, 17, 20, 21, 24, 25, 26, 27, 28, 31, 33, 36, 50, 53, 66, 78], "summary": {"covered_lines": 21, "num_statements": 34, "percent_covered": 61.76470588235294, "percent_covered_display": "62", "missing_lines": 13, "excluded_lines": 0}, "missing_lines": [43, 44, 45, 47, 60, 61, 62, 63, 74, 75, 86, 89, 90], "excluded_lines": [], "functions": {"set_sqlite_pragma": {"executed_lines": [26, 27, 28], "summary": {"covered_lines": 3, "num_statements": 3, "percent_covered": 100.0, "percent_covered_display": "100", "missing_lines": 0, "excluded_lines": 0}, "missing_lines": [], "excluded_lines": []}, "get_db": {"executed_lines": [], "summary": {"covered_lines": 0, "num_statements": 4, "percent_covered": 0.0, "percent_covered_display": "0", "missing_lines": 4, "excluded_lines": 0}, "missing_lines": [43, 44, 45, 47], "excluded_lines": []}, "cleanup_tables": {"executed_lines": [], "summary": {"covered_lines": 0, "num_statements": 4, "percent_covered": 0.0, "percent_covered_display": "0", "missing_lines": 4, "excluded_lines": 0}, "missing_lines": [60, 61, 62, 63], "excluded_lines": []}, "delete_all_table_data": {"executed_lines": [], "summary": {"covered_lines": 0, "num_statements": 2, "percent_covered": 0.0, "percent_covered_display": "0", "missing_lines": 2, "excluded_lines": 0}, "missing_lines": [74, 75], "excluded_lines": []}, "reset_primary_key": {"executed_lines": [], "summary": {"covered_lines": 0, "num_statements": 3, "percent_covered": 0.0, "percent_covered_display": "0", "missing_lines": 3, "excluded_lines": 0}, "missing_lines": [86, 89, 90], "excluded_lines": []}, "": {"executed_lines": [1, 3, 5, 6, 7, 8, 15, 17, 20, 21, 24, 25, 31, 33, 36, 50, 53, 66, 78], "summary": {"covered_lines": 18, "num_statements": 18, "percent_covered": 100.0, "percent_covered_display": "100", "missing_lines": 0, "excluded_lines": 0}, "missing_lines": [], "excluded_lines": []}}, "classes": {"": {"executed_lines": [1, 3, 5, 6, 7, 8, 15, 17, 20, 21, 24, 25, 26, 27, 28, 31, 33, 36, 50, 53, 66, 78], "summary": {"covered_lines": 21, "num_statements": 34, "percent_covered": 61.76470588235294, "percent_covered_display": "62", "missing_lines": 13, "excluded_lines": 0}, "missing_lines": [43, 44, 45, 47, 60, 61, 62, 63, 74, 75, 86, 89, 90], "excluded_lines": []}}}, "src\\department\\constants.py": {"executed_lines": [1, 3, 5, 6, 7, 8, 9, 10, 11, 12, 13, 14], "summary": {"covered_lines": 11, "num_statements": 11, "percent_covered": 100.0, "percent_covered_display": "100", "missing_lines": 0, "excluded_lines": 0}, "missing_lines": [], "excluded_lines": [], "functions": {"": {"executed_lines": [1, 3, 5, 6, 7, 8, 9, 10, 11, 12, 13, 14], "summary": {"covered_lines": 11, "num_statements": 11, "percent_covered": 100.0, "percent_covered_display": "100", "missing_lines": 0, "excluded_lines": 0}, "missing_lines": [], "excluded_lines": []}}, "classes": {"": {"executed_lines": [1, 3, 5, 6, 7, 8, 9, 10, 11, 12, 13, 14], "summary": {"covered_lines": 11, "num_statements": 11, "percent_covered": 100.0, "percent_covered_display": "100", "missing_lines": 0, "excluded_lines": 0}, "missing_lines": [], "excluded_lines": []}}}, "src\\department\\models.py": {"executed_lines": [1, 10, 12, 13, 15, 16, 17, 19, 22, 25, 26, 34, 37, 43, 46, 47, 55, 56, 57, 62], "summary": {"covered_lines": 17, "num_statements": 18, "percent_covered": 94.44444444444444, "percent_covered_display": "94", "missing_lines": 1, "excluded_lines": 0}, "missing_lines": [20], "excluded_lines": [], "functions": {"": {"executed_lines": [1, 10, 12, 13, 15, 16, 17, 19, 22, 25, 26, 34, 37, 43, 46, 47, 55, 56, 57, 62], "summary": {"covered_lines": 17, "num_statements": 18, "percent_covered": 94.44444444444444, "percent_covered_display": "94", "missing_lines": 1, "excluded_lines": 0}, "missing_lines": [20], "excluded_lines": []}}, "classes": {"DepartmentMembership": {"executed_lines": [], "summary": {"covered_lines": 0, "num_statements": 0, "percent_covered": 100.0, "percent_covered_display": "100", "missing_lines": 0, "excluded_lines": 0}, "missing_lines": [], "excluded_lines": []}, "Department": {"executed_lines": [], "summary": {"covered_lines": 0, "num_statements": 0, "percent_covered": 100.0, "percent_covered_display": "100", "missing_lines": 0, "excluded_lines": 0}, "missing_lines": [], "excluded_lines": []}, "": {"executed_lines": [1, 10, 12, 13, 15, 16, 17, 19, 22, 25, 26, 34, 37, 43, 46, 47, 55, 56, 57, 62], "summary": {"covered_lines": 17, "num_statements": 18, "percent_covered": 94.44444444444444, "percent_covered_display": "94", "missing_lines": 1, "excluded_lines": 0}, "missing_lines": [20], "excluded_lines": []}}}, "src\\department\\repository.py": {"executed_lines": [1, 3, 5, 6, 8, 9, 12, 23, 24, 25, 26, 27, 30, 44, 48, 49, 50, 53, 63, 66, 78, 81, 93, 98, 112, 113, 114, 115, 118, 126, 127, 130, 144, 149, 150, 151], "summary": {"covered_lines": 35, "num_statements": 35, "percent_covered": 100.0, "percent_covered_display": "100", "missing_lines": 0, "excluded_lines": 0}, "missing_lines": [], "excluded_lines": [], "functions": {"create_department": {"executed_lines": [23, 24, 25, 26, 27], "summary": {"covered_lines": 5, "num_statements": 5, "percent_covered": 100.0, "percent_covered_display": "100", "missing_lines": 0, "excluded_lines": 0}, "missing_lines": [], "excluded_lines": []}, "create_membership": {"executed_lines": [44, 48, 49, 50], "summary": {"covered_lines": 4, "num_statements": 4, "percent_covered": 100.0, "percent_covered_display": "100", "missing_lines": 0, "excluded_lines": 0}, "missing_lines": [], "excluded_lines": []}, "get_departments": {"executed_lines": [63], "summary": {"covered_lines": 1, "num_statements": 1, "percent_covered": 100.0, "percent_covered_display": "100", "missing_lines": 0, "excluded_lines": 0}, "missing_lines": [], "excluded_lines": []}, "get_department_by_id": {"executed_lines": [78], "summary": {"covered_lines": 1, "num_statements": 1, "percent_covered": 100.0, "percent_covered_display": "100", "missing_lines": 0, "excluded_lines": 0}, "missing_lines": [], "excluded_lines": []}, "get_department_by_name": {"executed_lines": [93], "summary": {"covered_lines": 1, "num_statements": 1, "percent_covered": 100.0, "percent_covered_display": "100", "missing_lines": 0, "excluded_lines": 0}, "missing_lines": [], "excluded_lines": []}, "update_department": {"executed_lines": [112, 113, 114, 115], "summary": {"covered_lines": 4, "num_statements": 4, "percent_covered": 100.0, "percent_covered_display": "100", "missing_lines": 0, "excluded_lines": 0}, "missing_lines": [], "excluded_lines": []}, "delete_department": {"executed_lines": [126, 127], "summary": {"covered_lines": 2, "num_statements": 2, "percent_covered": 100.0, "percent_covered_display": "100", "missing_lines": 0, "excluded_lines": 0}, "missing_lines": [], "excluded_lines": []}, "delete_membership": {"executed_lines": [144, 149, 150, 151], "summary": {"covered_lines": 4, "num_statements": 4, "percent_covered": 100.0, "percent_covered_display": "100", "missing_lines": 0, "excluded_lines": 0}, "missing_lines": [], "excluded_lines": []}, "": {"executed_lines": [1, 3, 5, 6, 8, 9, 12, 30, 53, 66, 81, 98, 118, 130], "summary": {"covered_lines": 13, "num_statements": 13, "percent_covered": 100.0, "percent_covered_display": "100", "missing_lines": 0, "excluded_lines": 0}, "missing_lines": [], "excluded_lines": []}}, "classes": {"": {"executed_lines": [1, 3, 5, 6, 8, 9, 12, 23, 24, 25, 26, 27, 30, 44, 48, 49, 50, 53, 63, 66, 78, 81, 93, 98, 112, 113, 114, 115, 118, 126, 127, 130, 144, 149, 150, 151], "summary": {"covered_lines": 35, "num_statements": 35, "percent_covered": 100.0, "percent_covered_display": "100", "missing_lines": 0, "excluded_lines": 0}, "missing_lines": [], "excluded_lines": []}}}, "src\\department\\routes.py": {"executed_lines": [1, 3, 4, 6, 7, 8, 9, 10, 20, 21, 22, 24, 27, 32, 49, 52, 58, 59, 60, 61, 64, 69, 89, 90, 96, 97, 103, 106, 110, 113, 116, 121, 136, 139, 144, 161, 162, 168, 171, 176, 194, 195, 201, 204, 209, 228, 234, 235, 241, 244, 250, 253, 254, 255, 258, 262, 276, 277, 282, 288, 289, 290, 293, 298, 319, 320, 326, 327, 333, 336, 340, 343], "summary": {"covered_lines": 71, "num_statements": 71, "percent_covered": 100.0, "percent_covered_display": "100", "missing_lines": 0, "excluded_lines": 0}, "missing_lines": [], "excluded_lines": [], "functions": {"create_department": {"executed_lines": [49, 52, 58, 59, 60, 61], "summary": {"covered_lines": 6, "num_statements": 6, "percent_covered": 100.0, "percent_covered_display": "100", "missing_lines": 0, "excluded_lines": 0}, "missing_lines": [], "excluded_lines": []}, "create_department_membership": {"executed_lines": [89, 90, 96, 97, 103, 106, 110, 113], "summary": {"covered_lines": 8, "num_statements": 8, "percent_covered": 100.0, "percent_covered_display": "100", "missing_lines": 0, "excluded_lines": 0}, "missing_lines": [], "excluded_lines": []}, "get_departments": {"executed_lines": [136], "summary": {"covered_lines": 1, "num_statements": 1, "percent_covered": 100.0, "percent_covered_display": "100", "missing_lines": 0, "excluded_lines": 0}, "missing_lines": [], "excluded_lines": []}, "get_department": {"executed_lines": [161, 162, 168], "summary": {"covered_lines": 3, "num_statements": 3, "percent_covered": 100.0, "percent_covered_display": "100", "missing_lines": 0, "excluded_lines": 0}, "missing_lines": [], "excluded_lines": []}, "get_employees_by_department": {"executed_lines": [194, 195, 201], "summary": {"covered_lines": 3, "num_statements": 3, "percent_covered": 100.0, "percent_covered_display": "100", "missing_lines": 0, "excluded_lines": 0}, "missing_lines": [], "excluded_lines": []}, "update_department": {"executed_lines": [228, 234, 235, 241, 244, 250, 253, 254, 255], "summary": {"covered_lines": 9, "num_statements": 9, "percent_covered": 100.0, "percent_covered_display": "100", "missing_lines": 0, "excluded_lines": 0}, "missing_lines": [], "excluded_lines": []}, "delete_department": {"executed_lines": [276, 277, 282, 288, 289, 290], "summary": {"covered_lines": 6, "num_statements": 6, "percent_covered": 100.0, "percent_covered_display": "100", "missing_lines": 0, "excluded_lines": 0}, "missing_lines": [], "excluded_lines": []}, "delete_department_membership": {"executed_lines": [319, 320, 326, 327, 333, 336, 340, 343], "summary": {"covered_lines": 8, "num_statements": 8, "percent_covered": 100.0, "percent_covered_display": "100", "missing_lines": 0, "excluded_lines": 0}, "missing_lines": [], "excluded_lines": []}, "": {"executed_lines": [1, 3, 4, 6, 7, 8, 9, 10, 20, 21, 22, 24, 27, 32, 64, 69, 116, 121, 139, 144, 171, 176, 204, 209, 258, 262, 293, 298], "summary": {"covered_lines": 27, "num_statements": 27, "percent_covered": 100.0, "percent_covered_display": "100", "missing_lines": 0, "excluded_lines": 0}, "missing_lines": [], "excluded_lines": []}}, "classes": {"": {"executed_lines": [1, 3, 4, 6, 7, 8, 9, 10, 20, 21, 22, 24, 27, 32, 49, 52, 58, 59, 60, 61, 64, 69, 89, 90, 96, 97, 103, 106, 110, 113, 116, 121, 136, 139, 144, 161, 162, 168, 171, 176, 194, 195, 201, 204, 209, 228, 234, 235, 241, 244, 250, 253, 254, 255, 258, 262, 276, 277, 282, 288, 289, 290, 293, 298, 319, 320, 326, 327, 333, 336, 340, 343], "summary": {"covered_lines": 71, "num_statements": 71, "percent_covered": 100.0, "percent_covered_display": "100", "missing_lines": 0, "excluded_lines": 0}, "missing_lines": [], "excluded_lines": []}}}, "src\\department\\schemas.py": {"executed_lines": [1, 9, 11, 14, 15, 22, 24, 29, 30, 37, 39], "summary": {"covered_lines": 8, "num_statements": 8, "percent_covered": 100.0, "percent_covered_display": "100", "missing_lines": 0, "excluded_lines": 0}, "missing_lines": [], "excluded_lines": [], "functions": {"": {"executed_lines": [1, 9, 11, 14, 15, 22, 24, 29, 30, 37, 39], "summary": {"covered_lines": 8, "num_statements": 8, "percent_covered": 100.0, "percent_covered_display": "100", "missing_lines": 0, "excluded_lines": 0}, "missing_lines": [], "excluded_lines": []}}, "classes": {"DepartmentBase": {"executed_lines": [], "summary": {"covered_lines": 0, "num_statements": 0, "percent_covered": 100.0, "percent_covered_display": "100", "missing_lines": 0, "excluded_lines": 0}, "missing_lines": [], "excluded_lines": []}, "DepartmentExtended": {"executed_lines": [], "summary": {"covered_lines": 0, "num_statements": 0, "percent_covered": 100.0, "percent_covered_display": "100", "missing_lines": 0, "excluded_lines": 0}, "missing_lines": [], "excluded_lines": []}, "": {"executed_lines": [1, 9, 11, 14, 15, 22, 24, 29, 30, 37, 39], "summary": {"covered_lines": 8, "num_statements": 8, "percent_covered": 100.0, "percent_covered_display": "100", "missing_lines": 0, "excluded_lines": 0}, "missing_lines": [], "excluded_lines": []}}}, "src\\employee\\constants.py": {"executed_lines": [1, 3, 5, 6, 7, 8, 9], "summary": {"covered_lines": 6, "num_statements": 6, "percent_covered": 100.0, "percent_covered_display": "100", "missing_lines": 0, "excluded_lines": 0}, "missing_lines": [], "excluded_lines": [], "functions": {"": {"executed_lines": [1, 3, 5, 6, 7, 8, 9], "summary": {"covered_lines": 6, "num_statements": 6, "percent_covered": 100.0, "percent_covered_display": "100", "missing_lines": 0, "excluded_lines": 0}, "missing_lines": [], "excluded_lines": []}}, "classes": {"": {"executed_lines": [1, 3, 5, 6, 7, 8, 9], "summary": {"covered_lines": 6, "num_statements": 6, "percent_covered": 100.0, "percent_covered_display": "100", "missing_lines": 0, "excluded_lines": 0}, "missing_lines": [], "excluded_lines": []}}}, "src\\employee\\models.py": {"executed_lines": [1, 8, 9, 11, 12, 14, 15, 18, 19, 20, 22, 27, 28, 29, 32, 33, 53, 54, 55, 56, 57, 58, 59, 60, 61, 62, 63, 64, 68, 72, 76, 83, 87, 91, 96], "summary": {"covered_lines": 33, "num_statements": 36, "percent_covered": 91.66666666666667, "percent_covered_display": "92", "missing_lines": 3, "excluded_lines": 0}, "missing_lines": [23, 24, 25], "excluded_lines": [], "functions": {"": {"executed_lines": [1, 8, 9, 11, 12, 14, 15, 18, 19, 20, 22, 27, 28, 29, 32, 33, 53, 54, 55, 56, 57, 58, 59, 60, 61, 62, 63, 64, 68, 72, 76, 83, 87, 91, 96], "summary": {"covered_lines": 33, "num_statements": 36, "percent_covered": 91.66666666666667, "percent_covered_display": "92", "missing_lines": 3, "excluded_lines": 0}, "missing_lines": [23, 24, 25], "excluded_lines": []}}, "classes": {"Employee": {"executed_lines": [], "summary": {"covered_lines": 0, "num_statements": 0, "percent_covered": 100.0, "percent_covered_display": "100", "missing_lines": 0, "excluded_lines": 0}, "missing_lines": [], "excluded_lines": []}, "": {"executed_lines": [1, 8, 9, 11, 12, 14, 15, 18, 19, 20, 22, 27, 28, 29, 32, 33, 53, 54, 55, 56, 57, 58, 59, 60, 61, 62, 63, 64, 68, 72, 76, 83, 87, 91, 96], "summary": {"covered_lines": 33, "num_statements": 36, "percent_covered": 91.66666666666667, "percent_covered_display": "92", "missing_lines": 3, "excluded_lines": 0}, "missing_lines": [23, 24, 25], "excluded_lines": []}}}, "src\\employee\\repository.py": {"executed_lines": [1, 3, 5, 6, 8, 9, 10, 11, 12, 15, 26, 27, 28, 29, 30, 33, 43, 46, 58, 61, 75, 80, 105, 106, 110, 114, 120, 121, 122, 123, 124, 125, 127, 130, 144, 145, 146, 147, 148, 151, 165, 166, 167, 168, 171, 179, 180], "summary": {"covered_lines": 46, "num_statements": 49, "percent_covered": 93.87755102040816, "percent_covered_display": "94", "missing_lines": 3, "excluded_lines": 0}, "missing_lines": [107, 111, 115], "excluded_lines": [], "functions": {"create_employee": {"executed_lines": [26, 27, 28, 29, 30], "summary": {"covered_lines": 5, "num_statements": 5, "percent_covered": 100.0, "percent_covered_display": "100", "missing_lines": 0, "excluded_lines": 0}, "missing_lines": [], "excluded_lines": []}, "get_employees": {"executed_lines": [43], "summary": {"covered_lines": 1, "num_statements": 1, "percent_covered": 100.0, "percent_covered_display": "100", "missing_lines": 0, "excluded_lines": 0}, "missing_lines": [], "excluded_lines": []}, "get_employee_by_id": {"executed_lines": [58], "summary": {"covered_lines": 1, "num_statements": 1, "percent_covered": 100.0, "percent_covered_display": "100", "missing_lines": 0, "excluded_lines": 0}, "missing_lines": [], "excluded_lines": []}, "get_employee_by_badge_number": {"executed_lines": [75], "summary": {"covered_lines": 1, "num_statements": 1, "percent_covered": 100.0, "percent_covered_display": "100", "missing_lines": 0, "excluded_lines": 0}, "missing_lines": [], "excluded_lines": []}, "search_for_employees": {"executed_lines": [105, 106, 110, 114, 120, 121, 122, 123, 124, 125, 127], "summary": {"covered_lines": 11, "num_statements": 14, "percent_covered": 78.57142857142857, "percent_covered_display": "79", "missing_lines": 3, "excluded_lines": 0}, "missing_lines": [107, 111, 115], "excluded_lines": []}, "update_employee_by_id": {"executed_lines": [144, 145, 146, 147, 148], "summary": {"covered_lines": 5, "num_statements": 5, "percent_covered": 100.0, "percent_covered_display": "100", "missing_lines": 0, "excluded_lines": 0}, "missing_lines": [], "excluded_lines": []}, "update_employee_badge_number": {"executed_lines": [165, 166, 167, 168], "summary": {"covered_lines": 4, "num_statements": 4, "percent_covered": 100.0, "percent_covered_display": "100", "missing_lines": 0, "excluded_lines": 0}, "missing_lines": [], "excluded_lines": []}, "delete_employee": {"executed_lines": [179, 180], "summary": {"covered_lines": 2, "num_statements": 2, "percent_covered": 100.0, "percent_covered_display": "100", "missing_lines": 0, "excluded_lines": 0}, "missing_lines": [], "excluded_lines": []}, "": {"executed_lines": [1, 3, 5, 6, 8, 9, 10, 11, 12, 15, 33, 46, 61, 80, 130, 151, 171], "summary": {"covered_lines": 16, "num_statements": 16, "percent_covered": 100.0, "percent_covered_display": "100", "missing_lines": 0, "excluded_lines": 0}, "missing_lines": [], "excluded_lines": []}}, "classes": {"": {"executed_lines": [1, 3, 5, 6, 8, 9, 10, 11, 12, 15, 26, 27, 28, 29, 30, 33, 43, 46, 58, 61, 75, 80, 105, 106, 110, 114, 120, 121, 122, 123, 124, 125, 127, 130, 144, 145, 146, 147, 148, 151, 165, 166, 167, 168, 171, 179, 180], "summary": {"covered_lines": 46, "num_statements": 49, "percent_covered": 93.87755102040816, "percent_covered_display": "94", "missing_lines": 3, "excluded_lines": 0}, "missing_lines": [107, 111, 115], "excluded_lines": []}}}, "src\\employee\\routes.py": {"executed_lines": [1, 3, 4, 5, 7, 8, 9, 10, 11, 17, 18, 20, 23, 28, 45, 48, 54, 55, 56, 57, 60, 65, 80, 83, 88, 115, 125, 128, 133, 150, 151, 157, 160, 165, 182, 185, 191, 194, 198, 215, 216, 222, 225, 229, 246, 247, 253, 254, 260, 266, 270, 287, 288, 294, 297, 301, 318, 319, 325, 328, 333, 352, 358, 359, 365, 366, 367, 368, 371, 376, 396, 397, 403, 406, 412, 415, 418, 422, 423, 426, 427, 441, 442, 448, 449, 450], "summary": {"covered_lines": 85, "num_statements": 86, "percent_covered": 98.83720930232558, "percent_covered_display": "99", "missing_lines": 1, "excluded_lines": 0}, "missing_lines": [413], "excluded_lines": [], "functions": {"create_employee": {"executed_lines": [45, 48, 54, 55, 56, 57], "summary": {"covered_lines": 6, "num_statements": 6, "percent_covered": 100.0, "percent_covered_display": "100", "missing_lines": 0, "excluded_lines": 0}, "missing_lines": [], "excluded_lines": []}, "get_employees": {"executed_lines": [80], "summary": {"covered_lines": 1, "num_statements": 1, "percent_covered": 100.0, "percent_covered_display": "100", "missing_lines": 0, "excluded_lines": 0}, "missing_lines": [], "excluded_lines": []}, "search_for_employees": {"executed_lines": [115, 125], "summary": {"covered_lines": 2, "num_statements": 2, "percent_covered": 100.0, "percent_covered_display": "100", "missing_lines": 0, "excluded_lines": 0}, "missing_lines": [], "excluded_lines": []}, "get_employee_by_id": {"executed_lines": [150, 151, 157], "summary": {"covered_lines": 3, "num_statements": 3, "percent_covered": 100.0, "percent_covered_display": "100", "missing_lines": 0, "excluded_lines": 0}, "missing_lines": [], "excluded_lines": []}, "get_employee_by_badge_number": {"executed_lines": [182, 185, 191], "summary": {"covered_lines": 3, "num_statements": 3, "percent_covered": 100.0, "percent_covered_display": "100", "missing_lines": 0, "excluded_lines": 0}, "missing_lines": [], "excluded_lines": []}, "get_employee_departments": {"executed_lines": [215, 216, 222], "summary": {"covered_lines": 3, "num_statements": 3, "percent_covered": 100.0, "percent_covered_display": "100", "missing_lines": 0, "excluded_lines": 0}, "missing_lines": [], "excluded_lines": []}, "get_employee_manager": {"executed_lines": [246, 247, 253, 254, 260], "summary": {"covered_lines": 5, "num_statements": 5, "percent_covered": 100.0, "percent_covered_display": "100", "missing_lines": 0, "excluded_lines": 0}, "missing_lines": [], "excluded_lines": []}, "get_employee_org_unit": {"executed_lines": [287, 288, 294], "summary": {"covered_lines": 3, "num_statements": 3, "percent_covered": 100.0, "percent_covered_display": "100", "missing_lines": 0, "excluded_lines": 0}, "missing_lines": [], "excluded_lines": []}, "get_employee_holiday_group": {"executed_lines": [318, 319, 325], "summary": {"covered_lines": 3, "num_statements": 3, "percent_covered": 100.0, "percent_covered_display": "100", "missing_lines": 0, "excluded_lines": 0}, "missing_lines": [], "excluded_lines": []}, "update_employee_by_id": {"executed_lines": [352, 358, 359, 365, 366, 367, 368], "summary": {"covered_lines": 7, "num_statements": 7, "percent_covered": 100.0, "percent_covered_display": "100", "missing_lines": 0, "excluded_lines": 0}, "missing_lines": [], "excluded_lines": []}, "update_employee_badge_number": {"executed_lines": [396, 397, 403, 406, 412, 415, 418, 422, 423], "summary": {"covered_lines": 9, "num_statements": 10, "percent_covered": 90.0, "percent_covered_display": "90", "missing_lines": 1, "excluded_lines": 0}, "missing_lines": [413], "excluded_lines": []}, "delete_employee_by_id": {"executed_lines": [441, 442, 448, 449, 450], "summary": {"covered_lines": 5, "num_statements": 5, "percent_covered": 100.0, "percent_covered_display": "100", "missing_lines": 0, "excluded_lines": 0}, "missing_lines": [], "excluded_lines": []}, "": {"executed_lines": [1, 3, 4, 5, 7, 8, 9, 10, 11, 17, 18, 20, 23, 28, 60, 65, 83, 88, 128, 133, 160, 165, 194, 198, 225, 229, 266, 270, 297, 301, 328, 333, 371, 376, 426, 427], "summary": {"covered_lines": 35, "num_statements": 35, "percent_covered": 100.0, "percent_covered_display": "100", "missing_lines": 0, "excluded_lines": 0}, "missing_lines": [], "excluded_lines": []}}, "classes": {"": {"executed_lines": [1, 3, 4, 5, 7, 8, 9, 10, 11, 17, 18, 20, 23, 28, 45, 48, 54, 55, 56, 57, 60, 65, 80, 83, 88, 115, 125, 128, 133, 150, 151, 157, 160, 165, 182, 185, 191, 194, 198, 215, 216, 222, 225, 229, 246, 247, 253, 254, 260, 266, 270, 287, 288, 294, 297, 301, 318, 319, 325, 328, 333, 352, 358, 359, 365, 366, 367, 368, 371, 376, 396, 397, 403, 406, 412, 415, 418, 422, 423, 426, 427, 441, 442, 448, 449, 450], "summary": {"covered_lines": 85, "num_statements": 86, "percent_covered": 98.83720930232558, "percent_covered_display": "99", "missing_lines": 1, "excluded_lines": 0}, "missing_lines": [413], "excluded_lines": []}}}, "src\\employee\\schemas.py": {"executed_lines": [1, 8, 9, 11, 13, 14, 15, 16, 19, 20, 40, 41, 42, 43, 44, 45, 46, 47, 48, 49, 50, 51, 52, 54, 57, 58, 65, 66, 67, 68, 70, 73, 74, 94, 95, 96, 97, 98, 99, 100, 101, 102, 103, 104, 105, 106], "summary": {"covered_lines": 42, "num_statements": 42, "percent_covered": 100.0, "percent_covered_display": "100", "missing_lines": 0, "excluded_lines": 0}, "missing_lines": [], "excluded_lines": [], "functions": {"": {"executed_lines": [1, 8, 9, 11, 13, 14, 15, 16, 19, 20, 40, 41, 42, 43, 44, 45, 46, 47, 48, 49, 50, 51, 52, 54, 57, 58, 65, 66, 67, 68, 70, 73, 74, 94, 95, 96, 97, 98, 99, 100, 101, 102, 103, 104, 105, 106], "summary": {"covered_lines": 42, "num_statements": 42, "percent_covered": 100.0, "percent_covered_display": "100", "missing_lines": 0, "excluded_lines": 0}, "missing_lines": [], "excluded_lines": []}}, "classes": {"EmployeeBase": {"executed_lines": [], "summary": {"covered_lines": 0, "num_statements": 0, "percent_covered": 100.0, "percent_covered_display": "100", "missing_lines": 0, "excluded_lines": 0}, "missing_lines": [], "excluded_lines": []}, "EmployeeExtended": {"executed_lines": [], "summary": {"covered_lines": 0, "num_statements": 0, "percent_covered": 100.0, "percent_covered_display": "100", "missing_lines": 0, "excluded_lines": 0}, "missing_lines": [], "excluded_lines": []}, "EmployeeUpdate": {"executed_lines": [], "summary": {"covered_lines": 0, "num_statements": 0, "percent_covered": 100.0, "percent_covered_display": "100", "missing_lines": 0, "excluded_lines": 0}, "missing_lines": [], "excluded_lines": []}, "": {"executed_lines": [1, 8, 9, 11, 13, 14, 15, 16, 19, 20, 40, 41, 42, 43, 44, 45, 46, 47, 48, 49, 50, 51, 52, 54, 57, 58, 65, 66, 67, 68, 70, 73, 74, 94, 95, 96, 97, 98, 99, 100, 101, 102, 103, 104, 105, 106], "summary": {"covered_lines": 42, "num_statements": 42, "percent_covered": 100.0, "percent_covered_display": "100", "missing_lines": 0, "excluded_lines": 0}, "missing_lines": [], "excluded_lines": []}}}, "src\\event_log\\constants.py": {"executed_lines": [1, 3, 4, 7, 8, 11, 12, 13, 14, 15, 18, 19, 21, 22, 23, 24], "summary": {"covered_lines": 15, "num_statements": 15, "percent_covered": 100.0, "percent_covered_display": "100", "missing_lines": 0, "excluded_lines": 0}, "missing_lines": [], "excluded_lines": [], "functions": {"": {"executed_lines": [1, 3, 4, 7, 8, 11, 12, 13, 14, 15, 18, 19, 21, 22, 23, 24], "summary": {"covered_lines": 15, "num_statements": 15, "percent_covered": 100.0, "percent_covered_display": "100", "missing_lines": 0, "excluded_lines": 0}, "missing_lines": [], "excluded_lines": []}}, "classes": {"": {"executed_lines": [1, 3, 4, 7, 8, 11, 12, 13, 14, 15, 18, 19, 21, 22, 23, 24], "summary": {"covered_lines": 15, "num_statements": 15, "percent_covered": 100.0, "percent_covered_display": "100", "missing_lines": 0, "excluded_lines": 0}, "missing_lines": [], "excluded_lines": []}}}, "src\\event_log\\models.py": {"executed_lines": [1, 8, 10, 11, 13, 14, 15, 18, 19, 29, 30, 31, 34, 39], "summary": {"covered_lines": 12, "num_statements": 12, "percent_covered": 100.0, "percent_covered_display": "100", "missing_lines": 0, "excluded_lines": 0}, "missing_lines": [], "excluded_lines": [], "functions": {"": {"executed_lines": [1, 8, 10, 11, 13, 14, 15, 18, 19, 29, 30, 31, 34, 39], "summary": {"covered_lines": 12, "num_statements": 12, "percent_covered": 100.0, "percent_covered_display": "100", "missing_lines": 0, "excluded_lines": 0}, "missing_lines": [], "excluded_lines": []}}, "classes": {"EventLog": {"executed_lines": [], "summary": {"covered_lines": 0, "num_statements": 0, "percent_covered": 100.0, "percent_covered_display": "100", "missing_lines": 0, "excluded_lines": 0}, "missing_lines": [], "excluded_lines": []}, "": {"executed_lines": [1, 8, 10, 11, 13, 14, 15, 18, 19, 29, 30, 31, 34, 39], "summary": {"covered_lines": 12, "num_statements": 12, "percent_covered": 100.0, "percent_covered_display": "100", "missing_lines": 0, "excluded_lines": 0}, "missing_lines": [], "excluded_lines": []}}}, "src\\event_log\\repository.py": {"executed_lines": [1, 3, 4, 6, 7, 9, 10, 11, 14, 25, 28, 29, 30, 31, 34, 45, 48, 74, 79, 80, 81, 82, 83, 86, 94, 95, 98, 115, 116, 117, 118, 121, 132, 133, 134, 137, 138, 139, 141, 142, 143, 144, 145, 146, 147, 148, 149, 151, 152, 154], "summary": {"covered_lines": 49, "num_statements": 49, "percent_covered": 100.0, "percent_covered_display": "100", "missing_lines": 0, "excluded_lines": 0}, "missing_lines": [], "excluded_lines": [], "functions": {"create_event_log": {"executed_lines": [25, 28, 29, 30, 31], "summary": {"covered_lines": 5, "num_statements": 5, "percent_covered": 100.0, "percent_covered_display": "100", "missing_lines": 0, "excluded_lines": 0}, "missing_lines": [], "excluded_lines": []}, "get_event_log_by_id": {"executed_lines": [45], "summary": {"covered_lines": 1, "num_statements": 1, "percent_covered": 100.0, "percent_covered_display": "100", "missing_lines": 0, "excluded_lines": 0}, "missing_lines": [], "excluded_lines": []}, "get_event_log_entries": {"executed_lines": [74, 79, 80, 81, 82, 83], "summary": {"covered_lines": 6, "num_statements": 6, "percent_covered": 100.0, "percent_covered_display": "100", "missing_lines": 0, "excluded_lines": 0}, "missing_lines": [], "excluded_lines": []}, "delete_event_log_entry": {"executed_lines": [94, 95], "summary": {"covered_lines": 2, "num_statements": 2, "percent_covered": 100.0, "percent_covered_display": "100", "missing_lines": 0, "excluded_lines": 0}, "missing_lines": [], "excluded_lines": []}, "filter_logs_by_permissions": {"executed_lines": [115, 116, 117, 118, 121, 132, 133, 134, 137, 138, 139, 141, 142, 143, 144, 145, 146, 147, 148, 149, 151, 152, 154], "summary": {"covered_lines": 23, "num_statements": 23, "percent_covered": 100.0, "percent_covered_display": "100", "missing_lines": 0, "excluded_lines": 0}, "missing_lines": [], "excluded_lines": []}, "": {"executed_lines": [1, 3, 4, 6, 7, 9, 10, 11, 14, 34, 48, 86, 98], "summary": {"covered_lines": 12, "num_statements": 12, "percent_covered": 100.0, "percent_covered_display": "100", "missing_lines": 0, "excluded_lines": 0}, "missing_lines": [], "excluded_lines": []}}, "classes": {"": {"executed_lines": [1, 3, 4, 6, 7, 9, 10, 11, 14, 25, 28, 29, 30, 31, 34, 45, 48, 74, 79, 80, 81, 82, 83, 86, 94, 95, 98, 115, 116, 117, 118, 121, 132, 133, 134, 137, 138, 139, 141, 142, 143, 144, 145, 146, 147, 148, 149, 151, 152, 154], "summary": {"covered_lines": 49, "num_statements": 49, "percent_covered": 100.0, "percent_covered_display": "100", "missing_lines": 0, "excluded_lines": 0}, "missing_lines": [], "excluded_lines": []}}}, "src\\event_log\\routes.py": {"executed_lines": [1, 3, 5, 6, 8, 9, 10, 11, 12, 13, 15, 18, 23, 40, 41, 44, 49, 82, 85, 90, 94, 97, 102, 119, 120, 126, 129, 133, 147, 148, 154], "summary": {"covered_lines": 30, "num_statements": 30, "percent_covered": 100.0, "percent_covered_display": "100", "missing_lines": 0, "excluded_lines": 0}, "missing_lines": [], "excluded_lines": [], "functions": {"create_event_log": {"executed_lines": [40, 41], "summary": {"covered_lines": 2, "num_statements": 2, "percent_covered": 100.0, "percent_covered_display": "100", "missing_lines": 0, "excluded_lines": 0}, "missing_lines": [], "excluded_lines": []}, "get_event_log_entries": {"executed_lines": [82, 85, 90, 94], "summary": {"covered_lines": 4, "num_statements": 4, "percent_covered": 100.0, "percent_covered_display": "100", "missing_lines": 0, "excluded_lines": 0}, "missing_lines": [], "excluded_lines": []}, "get_event_log_by_id": {"executed_lines": [119, 120, 126], "summary": {"covered_lines": 3, "num_statements": 3, "percent_covered": 100.0, "percent_covered_display": "100", "missing_lines": 0, "excluded_lines": 0}, "missing_lines": [], "excluded_lines": []}, "delete_event_log_by_id": {"executed_lines": [147, 148, 154], "summary": {"covered_lines": 3, "num_statements": 3, "percent_covered": 100.0, "percent_covered_display": "100", "missing_lines": 0, "excluded_lines": 0}, "missing_lines": [], "excluded_lines": []}, "": {"executed_lines": [1, 3, 5, 6, 8, 9, 10, 11, 12, 13, 15, 18, 23, 44, 49, 97, 102, 129, 133], "summary": {"covered_lines": 18, "num_statements": 18, "percent_covered": 100.0, "percent_covered_display": "100", "missing_lines": 0, "excluded_lines": 0}, "missing_lines": [], "excluded_lines": []}}, "classes": {"": {"executed_lines": [1, 3, 5, 6, 8, 9, 10, 11, 12, 13, 15, 18, 23, 40, 41, 44, 49, 82, 85, 90, 94, 97, 102, 119, 120, 126, 129, 133, 147, 148, 154], "summary": {"covered_lines": 30, "num_statements": 30, "percent_covered": 100.0, "percent_covered_display": "100", "missing_lines": 0, "excluded_lines": 0}, "missing_lines": [], "excluded_lines": []}}}, "src\\event_log\\schemas.py": {"executed_lines": [1, 9, 11, 14, 15, 23, 24, 26, 29, 30, 38, 39, 41], "summary": {"covered_lines": 10, "num_statements": 10, "percent_covered": 100.0, "percent_covered_display": "100", "missing_lines": 0, "excluded_lines": 0}, "missing_lines": [], "excluded_lines": [], "functions": {"": {"executed_lines": [1, 9, 11, 14, 15, 23, 24, 26, 29, 30, 38, 39, 41], "summary": {"covered_lines": 10, "num_statements": 10, "percent_covered": 100.0, "percent_covered_display": "100", "missing_lines": 0, "excluded_lines": 0}, "missing_lines": [], "excluded_lines": []}}, "classes": {"EventLogBase": {"executed_lines": [], "summary": {"covered_lines": 0, "num_statements": 0, "percent_covered": 100.0, "percent_covered_display": "100", "missing_lines": 0, "excluded_lines": 0}, "missing_lines": [], "excluded_lines": []}, "EventLogExtended": {"executed_lines": [], "summary": {"covered_lines": 0, "num_statements": 0, "percent_covered": 100.0, "percent_covered_display": "100", "missing_lines": 0, "excluded_lines": 0}, "missing_lines": [], "excluded_lines": []}, "": {"executed_lines": [1, 9, 11, 14, 15, 23, 24, 26, 29, 30, 38, 39, 41], "summary": {"covered_lines": 10, "num_statements": 10, "percent_covered": 100.0, "percent_covered_display": "100", "missing_lines": 0, "excluded_lines": 0}, "missing_lines": [], "excluded_lines": []}}}, "src\\holiday_group\\constants.py": {"executed_lines": [1, 3, 5, 6, 7, 8, 9, 10, 13, 14, 15, 18], "summary": {"covered_lines": 11, "num_statements": 11, "percent_covered": 100.0, "percent_covered_display": "100", "missing_lines": 0, "excluded_lines": 0}, "missing_lines": [], "excluded_lines": [], "functions": {"": {"executed_lines": [1, 3, 5, 6, 7, 8, 9, 10, 13, 14, 15, 18], "summary": {"covered_lines": 11, "num_statements": 11, "percent_covered": 100.0, "percent_covered_display": "100", "missing_lines": 0, "excluded_lines": 0}, "missing_lines": [], "excluded_lines": []}}, "classes": {"": {"executed_lines": [1, 3, 5, 6, 7, 8, 9, 10, 13, 14, 15, 18], "summary": {"covered_lines": 11, "num_statements": 11, "percent_covered": 100.0, "percent_covered_display": "100", "missing_lines": 0, "excluded_lines": 0}, "missing_lines": [], "excluded_lines": []}}}, "src\\holiday_group\\models.py": {"executed_lines": [1, 10, 11, 13, 14, 16, 17, 19, 22, 25, 26, 46, 47, 48, 49, 52, 53, 54, 55, 56, 57, 59, 62, 63, 71, 72, 73, 76, 80], "summary": {"covered_lines": 26, "num_statements": 27, "percent_covered": 96.29629629629629, "percent_covered_display": "96", "missing_lines": 1, "excluded_lines": 0}, "missing_lines": [20], "excluded_lines": [], "functions": {"": {"executed_lines": [1, 10, 11, 13, 14, 16, 17, 19, 22, 25, 26, 46, 47, 48, 49, 52, 53, 54, 55, 56, 57, 59, 62, 63, 71, 72, 73, 76, 80], "summary": {"covered_lines": 26, "num_statements": 27, "percent_covered": 96.29629629629629, "percent_covered_display": "96", "missing_lines": 1, "excluded_lines": 0}, "missing_lines": [20], "excluded_lines": []}}, "classes": {"Holiday": {"executed_lines": [], "summary": {"covered_lines": 0, "num_statements": 0, "percent_covered": 100.0, "percent_covered_display": "100", "missing_lines": 0, "excluded_lines": 0}, "missing_lines": [], "excluded_lines": []}, "HolidayGroup": {"executed_lines": [], "summary": {"covered_lines": 0, "num_statements": 0, "percent_covered": 100.0, "percent_covered_display": "100", "missing_lines": 0, "excluded_lines": 0}, "missing_lines": [], "excluded_lines": []}, "": {"executed_lines": [1, 10, 11, 13, 14, 16, 17, 19, 22, 25, 26, 46, 47, 48, 49, 52, 53, 54, 55, 56, 57, 59, 62, 63, 71, 72, 73, 76, 80], "summary": {"covered_lines": 26, "num_statements": 27, "percent_covered": 96.29629629629629, "percent_covered_display": "96", "missing_lines": 1, "excluded_lines": 0}, "missing_lines": [20], "excluded_lines": []}}}, "src\\holiday_group\\repository.py": {"executed_lines": [1, 3, 5, 6, 8, 9, 12, 25, 29, 30, 31, 32, 35, 45, 48, 60, 63, 77, 82, 99, 102, 103, 104, 105, 106, 107, 108, 109, 110, 111, 112, 113, 114, 115, 116, 120, 121, 122, 123, 126, 134, 135], "summary": {"covered_lines": 41, "num_statements": 41, "percent_covered": 100.0, "percent_covered_display": "100", "missing_lines": 0, "excluded_lines": 0}, "missing_lines": [], "excluded_lines": [], "functions": {"create_holiday_group": {"executed_lines": [25, 29, 30, 31, 32], "summary": {"covered_lines": 5, "num_statements": 5, "percent_covered": 100.0, "percent_covered_display": "100", "missing_lines": 0, "excluded_lines": 0}, "missing_lines": [], "excluded_lines": []}, "get_holiday_groups": {"executed_lines": [45], "summary": {"covered_lines": 1, "num_statements": 1, "percent_covered": 100.0, "percent_covered_display": "100", "missing_lines": 0, "excluded_lines": 0}, "missing_lines": [], "excluded_lines": []}, "get_holiday_group_by_id": {"executed_lines": [60], "summary": {"covered_lines": 1, "num_statements": 1, "percent_covered": 100.0, "percent_covered_display": "100", "missing_lines": 0, "excluded_lines": 0}, "missing_lines": [], "excluded_lines": []}, "get_holiday_group_by_name": {"executed_lines": [77], "summary": {"covered_lines": 1, "num_statements": 1, "percent_covered": 100.0, "percent_covered_display": "100", "missing_lines": 0, "excluded_lines": 0}, "missing_lines": [], "excluded_lines": []}, "update_holiday_group_by_id": {"executed_lines": [99, 102, 103, 104, 105, 106, 107, 108, 109, 110, 111, 112, 113, 114, 115, 116, 120, 121, 122, 123], "summary": {"covered_lines": 20, "num_statements": 20, "percent_covered": 100.0, "percent_covered_display": "100", "missing_lines": 0, "excluded_lines": 0}, "missing_lines": [], "excluded_lines": []}, "delete_holiday_group": {"executed_lines": [134, 135], "summary": {"covered_lines": 2, "num_statements": 2, "percent_covered": 100.0, "percent_covered_display": "100", "missing_lines": 0, "excluded_lines": 0}, "missing_lines": [], "excluded_lines": []}, "": {"executed_lines": [1, 3, 5, 6, 8, 9, 12, 35, 48, 63, 82, 126], "summary": {"covered_lines": 11, "num_statements": 11, "percent_covered": 100.0, "percent_covered_display": "100", "missing_lines": 0, "excluded_lines": 0}, "missing_lines": [], "excluded_lines": []}}, "classes": {"": {"executed_lines": [1, 3, 5, 6, 8, 9, 12, 25, 29, 30, 31, 32, 35, 45, 48, 60, 63, 77, 82, 99, 102, 103, 104, 105, 106, 107, 108, 109, 110, 111, 112, 113, 114, 115, 116, 120, 121, 122, 123, 126, 134, 135], "summary": {"covered_lines": 41, "num_statements": 41, "percent_covered": 100.0, "percent_covered_display": "100", "missing_lines": 0, "excluded_lines": 0}, "missing_lines": [], "excluded_lines": []}}}, "src\\holiday_group\\routes.py": {"executed_lines": [1, 3, 4, 6, 7, 8, 9, 10, 17, 18, 19, 21, 24, 29, 46, 49, 55, 56, 57, 58, 61, 66, 81, 84, 89, 106, 107, 113, 116, 121, 138, 139, 145, 148, 152, 181, 186, 205, 211, 212, 218, 221, 227, 230, 231, 232, 235, 239, 253, 254, 259, 265, 266, 267], "summary": {"covered_lines": 53, "num_statements": 56, "percent_covered": 94.64285714285714, "percent_covered_display": "95", "missing_lines": 3, "excluded_lines": 0}, "missing_lines": [171, 172, 178], "excluded_lines": [], "functions": {"create_holiday_group": {"executed_lines": [46, 49, 55, 56, 57, 58], "summary": {"covered_lines": 6, "num_statements": 6, "percent_covered": 100.0, "percent_covered_display": "100", "missing_lines": 0, "excluded_lines": 0}, "missing_lines": [], "excluded_lines": []}, "get_holiday_groups": {"executed_lines": [81], "summary": {"covered_lines": 1, "num_statements": 1, "percent_covered": 100.0, "percent_covered_display": "100", "missing_lines": 0, "excluded_lines": 0}, "missing_lines": [], "excluded_lines": []}, "get_holiday_group_by_id": {"executed_lines": [106, 107, 113], "summary": {"covered_lines": 3, "num_statements": 3, "percent_covered": 100.0, "percent_covered_display": "100", "missing_lines": 0, "excluded_lines": 0}, "missing_lines": [], "excluded_lines": []}, "get_employees_by_holiday_group": {"executed_lines": [138, 139, 145], "summary": {"covered_lines": 3, "num_statements": 3, "percent_covered": 100.0, "percent_covered_display": "100", "missing_lines": 0, "excluded_lines": 0}, "missing_lines": [], "excluded_lines": []}, "get_holidays_for_year_by_group": {"executed_lines": [], "summary": {"covered_lines": 0, "num_statements": 3, "percent_covered": 0.0, "percent_covered_display": "0", "missing_lines": 3, "excluded_lines": 0}, "missing_lines": [171, 172, 178], "excluded_lines": []}, "update_holiday_group_by_id": {"executed_lines": [205, 211, 212, 218, 221, 227, 230, 231, 232], "summary": {"covered_lines": 9, "num_statements": 9, "percent_covered": 100.0, "percent_covered_display": "100", "missing_lines": 0, "excluded_lines": 0}, "missing_lines": [], "excluded_lines": []}, "delete_holiday_group_by_id": {"executed_lines": [253, 254, 259, 265, 266, 267], "summary": {"covered_lines": 6, "num_statements": 6, "percent_covered": 100.0, "percent_covered_display": "100", "missing_lines": 0, "excluded_lines": 0}, "missing_lines": [], "excluded_lines": []}, "": {"executed_lines": [1, 3, 4, 6, 7, 8, 9, 10, 17, 18, 19, 21, 24, 29, 61, 66, 84, 89, 116, 121, 148, 152, 181, 186, 235, 239], "summary": {"covered_lines": 25, "num_statements": 25, "percent_covered": 100.0, "percent_covered_display": "100", "missing_lines": 0, "excluded_lines": 0}, "missing_lines": [], "excluded_lines": []}}, "classes": {"": {"executed_lines": [1, 3, 4, 6, 7, 8, 9, 10, 17, 18, 19, 21, 24, 29, 46, 49, 55, 56, 57, 58, 61, 66, 81, 84, 89, 106, 107, 113, 116, 121, 138, 139, 145, 148, 152, 181, 186, 205, 211, 212, 218, 221, 227, 230, 231, 232, 235, 239, 253, 254, 259, 265, 266, 267], "summary": {"covered_lines": 53, "num_statements": 56, "percent_covered": 94.64285714285714, "percent_covered_display": "95", "missing_lines": 3, "excluded_lines": 0}, "missing_lines": [171, 172, 178], "excluded_lines": []}}}, "src\\holiday_group\\schemas.py": {"executed_lines": [1, 10, 11, 13, 14, 16, 22, 25, 26, 41, 42, 43, 44, 45, 46, 47, 48, 49, 51, 53, 54, 55, 62, 63, 68, 74, 75, 80, 81, 86, 92, 95, 96, 103, 104, 106, 108, 109, 110, 111, 112, 117, 120, 121, 128, 130], "summary": {"covered_lines": 42, "num_statements": 42, "percent_covered": 100.0, "percent_covered_display": "100", "missing_lines": 0, "excluded_lines": 0}, "missing_lines": [], "excluded_lines": [], "functions": {"HolidayBase.check_values": {"executed_lines": [55, 62, 63, 68, 74, 75, 80, 81, 86, 92], "summary": {"covered_lines": 10, "num_statements": 10, "percent_covered": 100.0, "percent_covered_display": "100", "missing_lines": 0, "excluded_lines": 0}, "missing_lines": [], "excluded_lines": []}, "HolidayGroupBase.check_values": {"executed_lines": [110, 111, 112, 117], "summary": {"covered_lines": 4, "num_statements": 4, "percent_covered": 100.0, "percent_covered_display": "100", "missing_lines": 0, "excluded_lines": 0}, "missing_lines": [], "excluded_lines": []}, "": {"executed_lines": [1, 10, 11, 13, 14, 16, 22, 25, 26, 41, 42, 43, 44, 45, 46, 47, 48, 49, 51, 53, 54, 95, 96, 103, 104, 106, 108, 109, 120, 121, 128, 130], "summary": {"covered_lines": 28, "num_statements": 28, "percent_covered": 100.0, "percent_covered_display": "100", "missing_lines": 0, "excluded_lines": 0}, "missing_lines": [], "excluded_lines": []}}, "classes": {"HolidayBase": {"executed_lines": [55, 62, 63, 68, 74, 75, 80, 81, 86, 92], "summary": {"covered_lines": 10, "num_statements": 10, "percent_covered": 100.0, "percent_covered_display": "100", "missing_lines": 0, "excluded_lines": 0}, "missing_lines": [], "excluded_lines": []}, "HolidayGroupBase": {"executed_lines": [110, 111, 112, 117], "summary": {"covered_lines": 4, "num_statements": 4, "percent_covered": 100.0, "percent_covered_display": "100", "missing_lines": 0, "excluded_lines": 0}, "missing_lines": [], "excluded_lines": []}, "HolidayGroupExtended": {"executed_lines": [], "summary": {"covered_lines": 0, "num_statements": 0, "percent_covered": 100.0, "percent_covered_display": "100", "missing_lines": 0, "excluded_lines": 0}, "missing_lines": [], "excluded_lines": []}, "": {"executed_lines": [1, 10, 11, 13, 14, 16, 22, 25, 26, 41, 42, 43, 44, 45, 46, 47, 48, 49, 51, 53, 54, 95, 96, 103, 104, 106, 108, 109, 120, 121, 128, 130], "summary": {"covered_lines": 28, "num_statements": 28, "percent_covered": 100.0, "percent_covered_display": "100", "missing_lines": 0, "excluded_lines": 0}, "missing_lines": [], "excluded_lines": []}}}, "src\\holiday_group\\utils.py": {"executed_lines": [1, 3, 4, 7, 46, 86], "summary": {"covered_lines": 5, "num_statements": 33, "percent_covered": 15.151515151515152, "percent_covered_display": "15", "missing_lines": 28, "excluded_lines": 0}, "missing_lines": [20, 22, 23, 26, 27, 29, 32, 35, 36, 37, 40, 43, 70, 72, 73, 74, 76, 79, 81, 83, 97, 99, 100, 102, 111, 118, 119, 125], "excluded_lines": [], "functions": {"get_nth_weekday_of_month": {"executed_lines": [], "summary": {"covered_lines": 0, "num_statements": 12, "percent_covered": 0.0, "percent_covered_display": "0", "missing_lines": 12, "excluded_lines": 0}, "missing_lines": [20, 22, 23, 26, 27, 29, 32, 35, 36, 37, 40, 43], "excluded_lines": []}, "generate_holiday_for_year": {"executed_lines": [], "summary": {"covered_lines": 0, "num_statements": 8, "percent_covered": 0.0, "percent_covered_display": "0", "missing_lines": 8, "excluded_lines": 0}, "missing_lines": [70, 72, 73, 74, 76, 79, 81, 83], "excluded_lines": []}, "get_holidays_for_year": {"executed_lines": [], "summary": {"covered_lines": 0, "num_statements": 8, "percent_covered": 0.0, "percent_covered_display": "0", "missing_lines": 8, "excluded_lines": 0}, "missing_lines": [97, 99, 100, 102, 111, 118, 119, 125], "excluded_lines": []}, "": {"executed_lines": [1, 3, 4, 7, 46, 86], "summary": {"covered_lines": 5, "num_statements": 5, "percent_covered": 100.0, "percent_covered_display": "100", "missing_lines": 0, "excluded_lines": 0}, "missing_lines": [], "excluded_lines": []}}, "classes": {"": {"executed_lines": [1, 3, 4, 7, 46, 86], "summary": {"covered_lines": 5, "num_statements": 33, "percent_covered": 15.151515151515152, "percent_covered_display": "15", "missing_lines": 28, "excluded_lines": 0}, "missing_lines": [20, 22, 23, 26, 27, 29, 32, 35, 36, 37, 40, 43, 70, 72, 73, 74, 76, 79, 81, 83, 97, 99, 100, 102, 111, 118, 119, 125], "excluded_lines": []}}}, "src\\license\\__init__.py": {"executed_lines": [1], "summary": {"covered_lines": 0, "num_statements": 0, "percent_covered": 100.0, "percent_covered_display": "100", "missing_lines": 0, "excluded_lines": 0}, "missing_lines": [], "excluded_lines": [], "functions": {"": {"executed_lines": [1], "summary": {"covered_lines": 0, "num_statements": 0, "percent_covered": 100.0, "percent_covered_display": "100", "missing_lines": 0, "excluded_lines": 0}, "missing_lines": [], "excluded_lines": []}}, "classes": {"": {"executed_lines": [1], "summary": {"covered_lines": 0, "num_statements": 0, "percent_covered": 100.0, "percent_covered_display": "100", "missing_lines": 0, "excluded_lines": 0}, "missing_lines": [], "excluded_lines": []}}}, "src\\license\\constants.py": {"executed_lines": [1, 9, 10, 11, 12, 13, 14], "summary": {"covered_lines": 6, "num_statements": 6, "percent_covered": 100.0, "percent_covered_display": "100", "missing_lines": 0, "excluded_lines": 0}, "missing_lines": [], "excluded_lines": [], "functions": {"": {"executed_lines": [1, 9, 10, 11, 12, 13, 14], "summary": {"covered_lines": 6, "num_statements": 6, "percent_covered": 100.0, "percent_covered_display": "100", "missing_lines": 0, "excluded_lines": 0}, "missing_lines": [], "excluded_lines": []}}, "classes": {"": {"executed_lines": [1, 9, 10, 11, 12, 13, 14], "summary": {"covered_lines": 6, "num_statements": 6, "percent_covered": 100.0, "percent_covered_display": "100", "missing_lines": 0, "excluded_lines": 0}, "missing_lines": [], "excluded_lines": []}}}, "src\\license\\key_generator.py": {"executed_lines": [1, 12, 13, 15, 19, 20, 23, 44, 49, 62, 65, 66, 69, 72, 81, 84, 85, 88, 90, 91, 93, 97, 100, 103, 116, 118, 119, 123, 126, 127, 129, 130, 133, 148, 151, 158, 161, 166, 169, 184, 185, 189, 192], "summary": {"covered_lines": 42, "num_statements": 46, "percent_covered": 91.30434782608695, "percent_covered_display": "91", "missing_lines": 4, "excluded_lines": 0}, "missing_lines": [94, 98, 120, 186], "excluded_lines": [], "functions": {"generate_license_key": {"executed_lines": [62, 65, 66, 69], "summary": {"covered_lines": 4, "num_statements": 4, "percent_covered": 100.0, "percent_covered_display": "100", "missing_lines": 0, "excluded_lines": 0}, "missing_lines": [], "excluded_lines": []}, "validate_license_key_format": {"executed_lines": [81, 84, 85, 88, 90, 91, 93, 97, 100], "summary": {"covered_lines": 9, "num_statements": 11, "percent_covered": 81.81818181818181, "percent_covered_display": "82", "missing_lines": 2, "excluded_lines": 0}, "missing_lines": [94, 98], "excluded_lines": []}, "verify_license_signature": {"executed_lines": [116, 118, 119, 123, 126, 127, 129, 130], "summary": {"covered_lines": 8, "num_statements": 9, "percent_covered": 88.88888888888889, "percent_covered_display": "89", "missing_lines": 1, "excluded_lines": 0}, "missing_lines": [120], "excluded_lines": []}, "generate_key_pair": {"executed_lines": [148, 151, 158, 161, 166], "summary": {"covered_lines": 5, "num_statements": 5, "percent_covered": 100.0, "percent_covered_display": "100", "missing_lines": 0, "excluded_lines": 0}, "missing_lines": [], "excluded_lines": []}, "sign_license_key": {"executed_lines": [184, 185, 189, 192], "summary": {"covered_lines": 4, "num_statements": 5, "percent_covered": 80.0, "percent_covered_display": "80", "missing_lines": 1, "excluded_lines": 0}, "missing_lines": [186], "excluded_lines": []}, "": {"executed_lines": [1, 12, 13, 15, 19, 20, 23, 44, 49, 72, 103, 133, 169], "summary": {"covered_lines": 12, "num_statements": 12, "percent_covered": 100.0, "percent_covered_display": "100", "missing_lines": 0, "excluded_lines": 0}, "missing_lines": [], "excluded_lines": []}}, "classes": {"": {"executed_lines": [1, 12, 13, 15, 19, 20, 23, 44, 49, 62, 65, 66, 69, 72, 81, 84, 85, 88, 90, 91, 93, 97, 100, 103, 116, 118, 119, 123, 126, 127, 129, 130, 133, 148, 151, 158, 161, 166, 169, 184, 185, 189, 192], "summary": {"covered_lines": 42, "num_statements": 46, "percent_covered": 91.30434782608695, "percent_covered_display": "91", "missing_lines": 4, "excluded_lines": 0}, "missing_lines": [94, 98, 120, 186], "excluded_lines": []}}}, "src\\license\\models.py": {"executed_lines": [1, 8, 9, 11, 12, 14, 15, 18, 19, 31, 32, 33, 34, 37, 38, 40], "summary": {"covered_lines": 14, "num_statements": 14, "percent_covered": 100.0, "percent_covered_display": "100", "missing_lines": 0, "excluded_lines": 0}, "missing_lines": [], "excluded_lines": [], "functions": {"": {"executed_lines": [1, 8, 9, 11, 12, 14, 15, 18, 19, 31, 32, 33, 34, 37, 38, 40], "summary": {"covered_lines": 14, "num_statements": 14, "percent_covered": 100.0, "percent_covered_display": "100", "missing_lines": 0, "excluded_lines": 0}, "missing_lines": [], "excluded_lines": []}}, "classes": {"License": {"executed_lines": [], "summary": {"covered_lines": 0, "num_statements": 0, "percent_covered": 100.0, "percent_covered_display": "100", "missing_lines": 0, "excluded_lines": 0}, "missing_lines": [], "excluded_lines": []}, "": {"executed_lines": [1, 8, 9, 11, 12, 14, 15, 18, 19, 31, 32, 33, 34, 37, 38, 40], "summary": {"covered_lines": 14, "num_statements": 14, "percent_covered": 100.0, "percent_covered_display": "100", "missing_lines": 0, "excluded_lines": 0}, "missing_lines": [], "excluded_lines": []}}}, "src\\license\\repository.py": {"executed_lines": [1, 3, 5, 6, 8, 9, 12, 22, 27, 40, 45, 56, 62, 63, 64, 65, 68, 76, 77, 78, 81, 88, 89, 90, 91, 92], "summary": {"covered_lines": 25, "num_statements": 25, "percent_covered": 100.0, "percent_covered_display": "100", "missing_lines": 0, "excluded_lines": 0}, "missing_lines": [], "excluded_lines": [], "functions": {"get_active_license": {"executed_lines": [22], "summary": {"covered_lines": 1, "num_statements": 1, "percent_covered": 100.0, "percent_covered_display": "100", "missing_lines": 0, "excluded_lines": 0}, "missing_lines": [], "excluded_lines": []}, "get_license_by_key": {"executed_lines": [40], "summary": {"covered_lines": 1, "num_statements": 1, "percent_covered": 100.0, "percent_covered_display": "100", "missing_lines": 0, "excluded_lines": 0}, "missing_lines": [], "excluded_lines": []}, "create_license": {"executed_lines": [56, 62, 63, 64, 65], "summary": {"covered_lines": 5, "num_statements": 5, "percent_covered": 100.0, "percent_covered_display": "100", "missing_lines": 0, "excluded_lines": 0}, "missing_lines": [], "excluded_lines": []}, "deactivate_license": {"executed_lines": [76, 77, 78], "summary": {"covered_lines": 3, "num_statements": 3, "percent_covered": 100.0, "percent_covered_display": "100", "missing_lines": 0, "excluded_lines": 0}, "missing_lines": [], "excluded_lines": []}, "deactivate_all_licenses": {"executed_lines": [88, 89, 90, 91, 92], "summary": {"covered_lines": 5, "num_statements": 5, "percent_covered": 100.0, "percent_covered_display": "100", "missing_lines": 0, "excluded_lines": 0}, "missing_lines": [], "excluded_lines": []}, "": {"executed_lines": [1, 3, 5, 6, 8, 9, 12, 27, 45, 68, 81], "summary": {"covered_lines": 10, "num_statements": 10, "percent_covered": 100.0, "percent_covered_display": "100", "missing_lines": 0, "excluded_lines": 0}, "missing_lines": [], "excluded_lines": []}}, "classes": {"": {"executed_lines": [1, 3, 5, 6, 8, 9, 12, 22, 27, 40, 45, 56, 62, 63, 64, 65, 68, 76, 77, 78, 81, 88, 89, 90, 91, 92], "summary": {"covered_lines": 25, "num_statements": 25, "percent_covered": 100.0, "percent_covered_display": "100", "missing_lines": 0, "excluded_lines": 0}, "missing_lines": [], "excluded_lines": []}}}, "src\\license\\routes.py": {"executed_lines": [1, 3, 4, 6, 7, 8, 15, 19, 20, 21, 23, 26, 31, 46, 49, 54, 80, 87, 94, 97, 104, 107, 110, 113, 115, 118, 122, 138, 139, 146, 149, 152], "summary": {"covered_lines": 31, "num_statements": 31, "percent_covered": 100.0, "percent_covered_display": "100", "missing_lines": 0, "excluded_lines": 0}, "missing_lines": [], "excluded_lines": [], "functions": {"check_license_status": {"executed_lines": [46], "summary": {"covered_lines": 1, "num_statements": 1, "percent_covered": 100.0, "percent_covered_display": "100", "missing_lines": 0, "excluded_lines": 0}, "missing_lines": [], "excluded_lines": []}, "activate_license": {"executed_lines": [80, 87, 94, 97, 104, 107, 110, 113, 115], "summary": {"covered_lines": 9, "num_statements": 9, "percent_covered": 100.0, "percent_covered_display": "100", "missing_lines": 0, "excluded_lines": 0}, "missing_lines": [], "excluded_lines": []}, "deactivate_license": {"executed_lines": [138, 139, 146, 149, 152], "summary": {"covered_lines": 5, "num_statements": 5, "percent_covered": 100.0, "percent_covered_display": "100", "missing_lines": 0, "excluded_lines": 0}, "missing_lines": [], "excluded_lines": []}, "": {"executed_lines": [1, 3, 4, 6, 7, 8, 15, 19, 20, 21, 23, 26, 31, 49, 54, 118, 122], "summary": {"covered_lines": 16, "num_statements": 16, "percent_covered": 100.0, "percent_covered_display": "100", "missing_lines": 0, "excluded_lines": 0}, "missing_lines": [], "excluded_lines": []}}, "classes": {"": {"executed_lines": [1, 3, 4, 6, 7, 8, 15, 19, 20, 21, 23, 26, 31, 46, 49, 54, 80, 87, 94, 97, 104, 107, 110, 113, 115, 118, 122, 138, 139, 146, 149, 152], "summary": {"covered_lines": 31, "num_statements": 31, "percent_covered": 100.0, "percent_covered_display": "100", "missing_lines": 0, "excluded_lines": 0}, "missing_lines": [], "excluded_lines": []}}}, "src\\license\\schemas.py": {"executed_lines": [1, 3, 4, 6, 9, 10, 19, 20, 21, 24, 25, 35, 36, 37, 38, 41, 42, 53, 54, 55, 56, 57, 59], "summary": {"covered_lines": 19, "num_statements": 19, "percent_covered": 100.0, "percent_covered_display": "100", "missing_lines": 0, "excluded_lines": 0}, "missing_lines": [], "excluded_lines": [], "functions": {"": {"executed_lines": [1, 3, 4, 6, 9, 10, 19, 20, 21, 24, 25, 35, 36, 37, 38, 41, 42, 53, 54, 55, 56, 57, 59], "summary": {"covered_lines": 19, "num_statements": 19, "percent_covered": 100.0, "percent_covered_display": "100", "missing_lines": 0, "excluded_lines": 0}, "missing_lines": [], "excluded_lines": []}}, "classes": {"LicenseActivate": {"executed_lines": [], "summary": {"covered_lines": 0, "num_statements": 0, "percent_covered": 100.0, "percent_covered_display": "100", "missing_lines": 0, "excluded_lines": 0}, "missing_lines": [], "excluded_lines": []}, "LicenseStatus": {"executed_lines": [], "summary": {"covered_lines": 0, "num_statements": 0, "percent_covered": 100.0, "percent_covered_display": "100", "missing_lines": 0, "excluded_lines": 0}, "missing_lines": [], "excluded_lines": []}, "LicenseExtended": {"executed_lines": [], "summary": {"covered_lines": 0, "num_statements": 0, "percent_covered": 100.0, "percent_covered_display": "100", "missing_lines": 0, "excluded_lines": 0}, "missing_lines": [], "excluded_lines": []}, "": {"executed_lines": [1, 3, 4, 6, 9, 10, 19, 20, 21, 24, 25, 35, 36, 37, 38, 41, 42, 53, 54, 55, 56, 57, 59], "summary": {"covered_lines": 19, "num_statements": 19, "percent_covered": 100.0, "percent_covered_display": "100", "missing_lines": 0, "excluded_lines": 0}, "missing_lines": [], "excluded_lines": []}}}, "src\\logger\\__init__.py": {"executed_lines": [0], "summary": {"covered_lines": 0, "num_statements": 0, "percent_covered": 100.0, "percent_covered_display": "100", "missing_lines": 0, "excluded_lines": 0}, "missing_lines": [], "excluded_lines": [], "functions": {"": {"executed_lines": [], "summary": {"covered_lines": 0, "num_statements": 0, "percent_covered": 100.0, "percent_covered_display": "100", "missing_lines": 0, "excluded_lines": 0}, "missing_lines": [], "excluded_lines": []}}, "classes": {"": {"executed_lines": [], "summary": {"covered_lines": 0, "num_statements": 0, "percent_covered": 100.0, "percent_covered_display": "100", "missing_lines": 0, "excluded_lines": 0}, "missing_lines": [], "excluded_lines": []}}}, "src\\logger\\app_logger.py": {"executed_lines": [1, 3, 6, 18, 21, 22, 23, 26, 37, 38, 39, 40, 43, 61, 62, 63, 64, 65, 66], "summary": {"covered_lines": 19, "num_statements": 19, "percent_covered": 100.0, "percent_covered_display": "100", "missing_lines": 0, "excluded_lines": 0}, "missing_lines": [], "excluded_lines": [], "functions": {"get_file_handler": {"executed_lines": [18, 21, 22, 23], "summary": {"covered_lines": 4, "num_statements": 4, "percent_covered": 100.0, "percent_covered_display": "100", "missing_lines": 0, "excluded_lines": 0}, "missing_lines": [], "excluded_lines": []}, "get_stream_handler": {"executed_lines": [37, 38, 39, 40], "summary": {"covered_lines": 4, "num_statements": 4, "percent_covered": 100.0, "percent_covered_display": "100", "missing_lines": 0, "excluded_lines": 0}, "missing_lines": [], "excluded_lines": []}, "get_logger": {"executed_lines": [61, 62, 63, 64, 65, 66], "summary": {"covered_lines": 6, "num_statements": 6, "percent_covered": 100.0, "percent_covered_display": "100", "missing_lines": 0, "excluded_lines": 0}, "missing_lines": [], "excluded_lines": []}, "": {"executed_lines": [1, 3, 6, 26, 43], "summary": {"covered_lines": 5, "num_statements": 5, "percent_covered": 100.0, "percent_covered_display": "100", "missing_lines": 0, "excluded_lines": 0}, "missing_lines": [], "excluded_lines": []}}, "classes": {"": {"executed_lines": [1, 3, 6, 18, 21, 22, 23, 26, 37, 38, 39, 40, 43, 61, 62, 63, 64, 65, 66], "summary": {"covered_lines": 19, "num_statements": 19, "percent_covered": 100.0, "percent_covered_display": "100", "missing_lines": 0, "excluded_lines": 0}, "missing_lines": [], "excluded_lines": []}}}, "src\\logger\\file_handler.py": {"executed_lines": [1, 2, 3, 6, 16, 17, 28, 29, 44, 56, 57], "summary": {"covered_lines": 10, "num_statements": 17, "percent_covered": 58.8235294117647, "percent_covered_display": "59", "missing_lines": 7, "excluded_lines": 0}, "missing_lines": [18, 19, 20, 21, 22, 23, 25], "excluded_lines": [], "functions": {"mkdir_p": {"executed_lines": [16, 17], "summary": {"covered_lines": 2, "num_statements": 9, "percent_covered": 22.22222222222222, "percent_covered_display": "22", "missing_lines": 7, "excluded_lines": 0}, "missing_lines": [18, 19, 20, 21, 22, 23, 25], "excluded_lines": []}, "CustomTimedRotatingFileHandler.__init__": {"executed_lines": [56, 57], "summary": {"covered_lines": 2, "num_statements": 2, "percent_covered": 100.0, "percent_covered_display": "100", "missing_lines": 0, "excluded_lines": 0}, "missing_lines": [], "excluded_lines": []}, "": {"executed_lines": [1, 2, 3, 6, 28, 29, 44], "summary": {"covered_lines": 6, "num_statements": 6, "percent_covered": 100.0, "percent_covered_display": "100", "missing_lines": 0, "excluded_lines": 0}, "missing_lines": [], "excluded_lines": []}}, "classes": {"CustomTimedRotatingFileHandler": {"executed_lines": [56, 57], "summary": {"covered_lines": 2, "num_statements": 2, "percent_covered": 100.0, "percent_covered_display": "100", "missing_lines": 0, "excluded_lines": 0}, "missing_lines": [], "excluded_lines": []}, "": {"executed_lines": [1, 2, 3, 6, 16, 17, 28, 29, 44], "summary": {"covered_lines": 8, "num_statements": 15, "percent_covered": 53.333333333333336, "percent_covered_display": "53", "missing_lines": 7, "excluded_lines": 0}, "missing_lines": [18, 19, 20, 21, 22, 23, 25], "excluded_lines": []}}}, "src\\logger\\formatter.py": {"executed_lines": [1, 2, 5, 26, 36, 50, 51, 61, 62, 64, 74, 75, 78], "summary": {"covered_lines": 12, "num_statements": 14, "percent_covered": 85.71428571428571, "percent_covered_display": "86", "missing_lines": 2, "excluded_lines": 0}, "missing_lines": [15, 76], "excluded_lines": [], "functions": {"get_app_log": {"executed_lines": [], "summary": {"covered_lines": 0, "num_statements": 1, "percent_covered": 0.0, "percent_covered_display": "0", "missing_lines": 1, "excluded_lines": 0}, "missing_lines": [15], "excluded_lines": []}, "get_access_log": {"executed_lines": [36], "summary": {"covered_lines": 1, "num_statements": 1, "percent_covered": 100.0, "percent_covered_display": "100", "missing_lines": 0, "excluded_lines": 0}, "missing_lines": [], "excluded_lines": []}, "CustomFormatter.__init__": {"executed_lines": [62], "summary": {"covered_lines": 1, "num_statements": 1, "percent_covered": 100.0, "percent_covered_display": "100", "missing_lines": 0, "excluded_lines": 0}, "missing_lines": [], "excluded_lines": []}, "CustomFormatter.format": {"executed_lines": [74, 75, 78], "summary": {"covered_lines": 3, "num_statements": 4, "percent_covered": 75.0, "percent_covered_display": "75", "missing_lines": 1, "excluded_lines": 0}, "missing_lines": [76], "excluded_lines": []}, "": {"executed_lines": [1, 2, 5, 26, 50, 51, 61, 64], "summary": {"covered_lines": 7, "num_statements": 7, "percent_covered": 100.0, "percent_covered_display": "100", "missing_lines": 0, "excluded_lines": 0}, "missing_lines": [], "excluded_lines": []}}, "classes": {"CustomFormatter": {"executed_lines": [62, 74, 75, 78], "summary": {"covered_lines": 4, "num_statements": 5, "percent_covered": 80.0, "percent_covered_display": "80", "missing_lines": 1, "excluded_lines": 0}, "missing_lines": [76], "excluded_lines": []}, "": {"executed_lines": [1, 2, 5, 26, 36, 50, 51, 61, 64], "summary": {"covered_lines": 8, "num_statements": 9, "percent_covered": 88.88888888888889, "percent_covered_display": "89", "missing_lines": 1, "excluded_lines": 0}, "missing_lines": [15], "excluded_lines": []}}}, "src\\main.py": {"executed_lines": [1, 3, 4, 5, 7, 8, 9, 10, 11, 12, 14, 15, 16, 17, 24, 25, 26, 27, 28, 29, 32, 34, 35, 36, 41, 42, 43, 44, 47, 55, 66, 67, 70, 73, 82, 83, 94, 97, 98, 99, 101, 102, 103, 105, 107, 116, 117, 136, 137, 158, 159, 169, 170, 171, 172, 173, 174, 175], "summary": {"covered_lines": 57, "num_statements": 64, "percent_covered": 89.0625, "percent_covered_display": "89", "missing_lines": 7, "excluded_lines": 0}, "missing_lines": [68, 95, 130, 131, 150, 151, 166], "excluded_lines": [], "functions": {"import_routers": {"executed_lines": [34, 35, 36, 41, 42, 43, 44], "summary": {"covered_lines": 7, "num_statements": 7, "percent_covered": 100.0, "percent_covered_display": "100", "missing_lines": 0, "excluded_lines": 0}, "missing_lines": [], "excluded_lines": []}, "write_log_data": {"executed_lines": [55], "summary": {"covered_lines": 1, "num_statements": 1, "percent_covered": 100.0, "percent_covered_display": "100", "missing_lines": 0, "excluded_lines": 0}, "missing_lines": [], "excluded_lines": []}, "set_request_body": {"executed_lines": [67, 70], "summary": {"covered_lines": 2, "num_statements": 2, "percent_covered": 100.0, "percent_covered_display": "100", "missing_lines": 0, "excluded_lines": 0}, "missing_lines": [], "excluded_lines": []}, "set_request_body.receive": {"executed_lines": [], "summary": {"covered_lines": 0, "num_statements": 1, "percent_covered": 0.0, "percent_covered_display": "0", "missing_lines": 1, "excluded_lines": 0}, "missing_lines": [68], "excluded_lines": []}, "log_requests": {"executed_lines": [94, 97, 98, 99, 101, 102, 103, 105, 107], "summary": {"covered_lines": 9, "num_statements": 10, "percent_covered": 90.0, "percent_covered_display": "90", "miss
[...]
_covered": 100.0, "percent_covered_display": "100", "missing_lines": 0, "excluded_lines": 0}, "missing_lines": [], "excluded_lines": []}}, "classes": {"TimeclockEntry": {"executed_lines": [], "summary": {"covered_lines": 0, "num_statements": 0, "percent_covered": 100.0, "percent_covered_display": "100", "missing_lines": 0, "excluded_lines": 0}, "missing_lines": [], "excluded_lines": []}, "": {"executed_lines": [1, 8, 10, 11, 13, 14, 15, 18, 19, 29, 30, 33, 34, 39], "summary": {"covered_lines": 12, "num_statements": 12, "percent_covered": 100.0, "percent_covered_display": "100", "missing_lines": 0, "excluded_lines": 0}, "missing_lines": [], "excluded_lines": []}}}, "src\\timeclock\\repository.py": {"executed_lines": [1, 3, 4, 6, 7, 9, 10, 11, 14, 25, 30, 31, 32, 33, 35, 36, 37, 38, 41, 55, 60, 63, 89, 92, 96, 97, 100, 102, 104, 105, 115, 129, 132, 149, 150, 151, 152, 153, 156, 166, 167], "summary": {"covered_lines": 40, "num_statements": 42, "percent_covered": 95.23809523809524, "percent_covered_display": "95", "missing_lines": 2, "excluded_lines": 0}, "missing_lines": [101, 103], "excluded_lines": [], "functions": {"timeclock": {"executed_lines": [25, 30, 31, 32, 33, 35, 36, 37, 38], "summary": {"covered_lines": 9, "num_statements": 9, "percent_covered": 100.0, "percent_covered_display": "100", "missing_lines": 0, "excluded_lines": 0}, "missing_lines": [], "excluded_lines": []}, "check_status": {"executed_lines": [55, 60], "summary": {"covered_lines": 2, "num_statements": 2, "percent_covered": 100.0, "percent_covered_display": "100", "missing_lines": 0, "excluded_lines": 0}, "missing_lines": [], "excluded_lines": []}, "get_timeclock_entries": {"executed_lines": [89, 92, 96, 97, 100, 102, 104, 105], "summary": {"covered_lines": 8, "num_statements": 10, "percent_covered": 80.0, "percent_covered_display": "80", "missing_lines": 2, "excluded_lines": 0}, "missing_lines": [101, 103], "excluded_lines": []}, "get_timeclock_entry_by_id": {"executed_lines": [129], "summary": {"covered_lines": 1, "num_statements": 1, "percent_covered": 100.0, "percent_covered_display": "100", "missing_lines": 0, "excluded_lines": 0}, "missing_lines": [], "excluded_lines": []}, "update_timeclock_entry_by_id": {"executed_lines": [149, 150, 151, 152, 153], "summary": {"covered_lines": 5, "num_statements": 5, "percent_covered": 100.0, "percent_covered_display": "100", "missing_lines": 0, "excluded_lines": 0}, "missing_lines": [], "excluded_lines": []}, "delete_timeclock_entry": {"executed_lines": [166, 167], "summary": {"covered_lines": 2, "num_statements": 2, "percent_covered": 100.0, "percent_covered_display": "100", "missing_lines": 0, "excluded_lines": 0}, "missing_lines": [], "excluded_lines": []}, "": {"executed_lines": [1, 3, 4, 6, 7, 9, 10, 11, 14, 41, 63, 115, 132, 156], "summary": {"covered_lines": 13, "num_statements": 13, "percent_covered": 100.0, "percent_covered_display": "100", "missing_lines": 0, "excluded_lines": 0}, "missing_lines": [], "excluded_lines": []}}, "classes": {"": {"executed_lines": [1, 3, 4, 6, 7, 9, 10, 11, 14, 25, 30, 31, 32, 33, 35, 36, 37, 38, 41, 55, 60, 63, 89, 92, 96, 97, 100, 102, 104, 105, 115, 129, 132, 149, 150, 151, 152, 153, 156, 166, 167], "summary": {"covered_lines": 40, "num_statements": 42, "percent_covered": 95.23809523809524, "percent_covered_display": "95", "missing_lines": 2, "excluded_lines": 0}, "missing_lines": [101, 103], "excluded_lines": []}}}, "src\\timeclock\\routes.py": {"executed_lines": [1, 3, 4, 6, 7, 9, 10, 11, 12, 13, 14, 15, 21, 23, 26, 30, 46, 47, 54, 72, 78, 79, 82, 83, 84, 86, 87, 90, 94, 108, 111, 117, 118, 120, 123, 128, 161, 166, 196, 201, 206, 225, 231, 232, 238, 241, 242, 243, 246, 250, 264, 265, 271, 272, 273], "summary": {"covered_lines": 54, "num_statements": 62, "percent_covered": 87.09677419354838, "percent_covered_display": "87", "missing_lines": 8, "excluded_lines": 0}, "missing_lines": [56, 60, 62, 65, 80, 147, 150, 156], "excluded_lines": [], "functions": {"timeclock": {"executed_lines": [46, 47, 54, 72, 78, 79, 82, 83, 84, 86, 87], "summary": {"covered_lines": 11, "num_statements": 16, "percent_covered": 68.75, "percent_covered_display": "69", "missing_lines": 5, "excluded_lines": 0}, "missing_lines": [56, 60, 62, 65, 80], "excluded_lines": []}, "check_status": {"executed_lines": [108, 111, 117, 118, 120], "summary": {"covered_lines": 5, "num_statements": 5, "percent_covered": 100.0, "percent_covered_display": "100", "missing_lines": 0, "excluded_lines": 0}, "missing_lines": [], "excluded_lines": []}, "get_employee_history": {"executed_lines": [], "summary": {"covered_lines": 0, "num_statements": 3, "percent_covered": 0.0, "percent_covered_display": "0", "missing_lines": 3, "excluded_lines": 0}, "missing_lines": [147, 150, 156], "excluded_lines": []}, "get_timeclock_entries": {"executed_lines": [196], "summary": {"covered_lines": 1, "num_statements": 1, "percent_covered": 100.0, "percent_covered_display": "100", "missing_lines": 0, "excluded_lines": 0}, "missing_lines": [], "excluded_lines": []}, "update_timeclock_by_id": {"executed_lines": [225, 231, 232, 238, 241, 242, 243], "summary": {"covered_lines": 7, "num_statements": 7, "percent_covered": 100.0, "percent_covered_display": "100", "missing_lines": 0, "excluded_lines": 0}, "missing_lines": [], "excluded_lines": []}, "delete_timeclock_by_id": {"executed_lines": [264, 265, 271, 272, 273], "summary": {"covered_lines": 5, "num_statements": 5, "percent_covered": 100.0, "percent_covered_display": "100", "missing_lines": 0, "excluded_lines": 0}, "missing_lines": [], "excluded_lines": []}, "": {"executed_lines": [1, 3, 4, 6, 7, 9, 10, 11, 12, 13, 14, 15, 21, 23, 26, 30, 90, 94, 123, 128, 161, 166, 201, 206, 246, 250], "summary": {"covered_lines": 25, "num_statements": 25, "percent_covered": 100.0, "percent_covered_display": "100", "missing_lines": 0, "excluded_lines": 0}, "missing_lines": [], "excluded_lines": []}}, "classes": {"": {"executed_lines": [1, 3, 4, 6, 7, 9, 10, 11, 12, 13, 14, 15, 21, 23, 26, 30, 46, 47, 54, 72, 78, 79, 82, 83, 84, 86, 87, 90, 94, 108, 111, 117, 118, 120, 123, 128, 161, 166, 196, 201, 206, 225, 231, 232, 238, 241, 242, 243, 246, 250, 264, 265, 271, 272, 273], "summary": {"covered_lines": 54, "num_statements": 62, "percent_covered": 87.09677419354838, "percent_covered_display": "87", "missing_lines": 8, "excluded_lines": 0}, "missing_lines": [56, 60, 62, 65, 80, 147, 150, 156], "excluded_lines": []}}}, "src\\timeclock\\schemas.py": {"executed_lines": [1, 8, 9, 11, 12, 14, 15, 18, 19, 29, 30, 31, 32, 34, 35, 36, 41, 44, 45, 53, 54], "summary": {"covered_lines": 18, "num_statements": 18, "percent_covered": 100.0, "percent_covered_display": "100", "missing_lines": 0, "excluded_lines": 0}, "missing_lines": [], "excluded_lines": [], "functions": {"TimeclockEntryBase.check_datetimes": {"executed_lines": [36, 41], "summary": {"covered_lines": 2, "num_statements": 2, "percent_covered": 100.0, "percent_covered_display": "100", "missing_lines": 0, "excluded_lines": 0}, "missing_lines": [], "excluded_lines": []}, "": {"executed_lines": [1, 8, 9, 11, 12, 14, 15, 18, 19, 29, 30, 31, 32, 34, 35, 44, 45, 53, 54], "summary": {"covered_lines": 16, "num_statements": 16, "percent_covered": 100.0, "percent_covered_display": "100", "missing_lines": 0, "excluded_lines": 0}, "missing_lines": [], "excluded_lines": []}}, "classes": {"TimeclockEntryBase": {"executed_lines": [36, 41], "summary": {"covered_lines": 2, "num_statements": 2, "percent_covered": 100.0, "percent_covered_display": "100", "missing_lines": 0, "excluded_lines": 0}, "missing_lines": [], "excluded_lines": []}, "TimeclockEntryWithName": {"executed_lines": [], "summary": {"covered_lines": 0, "num_statements": 0, "percent_covered": 100.0, "percent_covered_display": "100", "missing_lines": 0, "excluded_lines": 0}, "missing_lines": [], "excluded_lines": []}, "": {"executed_lines": [1, 8, 9, 11, 12, 14, 15, 18, 19, 29, 30, 31, 32, 34, 35, 44, 45, 53, 54], "summary": {"covered_lines": 16, "num_statements": 16, "percent_covered": 100.0, "percent_covered_display": "100", "missing_lines": 0, "excluded_lines": 0}, "missing_lines": [], "excluded_lines": []}}}, "src\\user\\constants.py": {"executed_lines": [1, 3, 4, 5, 6, 7, 8, 9, 10, 11, 12, 13, 14, 15], "summary": {"covered_lines": 13, "num_statements": 13, "percent_covered": 100.0, "percent_covered_display": "100", "missing_lines": 0, "excluded_lines": 0}, "missing_lines": [], "excluded_lines": [], "functions": {"": {"executed_lines": [1, 3, 4, 5, 6, 7, 8, 9, 10, 11, 12, 13, 14, 15], "summary": {"covered_lines": 13, "num_statements": 13, "percent_covered": 100.0, "percent_covered_display": "100", "missing_lines": 0, "excluded_lines": 0}, "missing_lines": [], "excluded_lines": []}}, "classes": {"": {"executed_lines": [1, 3, 4, 5, 6, 7, 8, 9, 10, 11, 12, 13, 14, 15], "summary": {"covered_lines": 13, "num_statements": 13, "percent_covered": 100.0, "percent_covered_display": "100", "missing_lines": 0, "excluded_lines": 0}, "missing_lines": [], "excluded_lines": []}}}, "src\\user\\models.py": {"executed_lines": [1, 8, 10, 11, 13, 16, 17, 18, 20, 23, 26, 27, 36, 37, 42, 43, 48, 51, 52, 59, 61], "summary": {"covered_lines": 18, "num_statements": 19, "percent_covered": 94.73684210526316, "percent_covered_display": "95", "missing_lines": 1, "excluded_lines": 0}, "missing_lines": [21], "excluded_lines": [], "functions": {"": {"executed_lines": [1, 8, 10, 11, 13, 16, 17, 18, 20, 23, 26, 27, 36, 37, 42, 43, 48, 51, 52, 59, 61], "summary": {"covered_lines": 18, "num_statements": 19, "percent_covered": 94.73684210526316, "percent_covered_display": "95", "missing_lines": 1, "excluded_lines": 0}, "missing_lines": [21], "excluded_lines": []}}, "classes": {"User": {"executed_lines": [], "summary": {"covered_lines": 0, "num_statements": 0, "percent_covered": 100.0, "percent_covered_display": "100", "missing_lines": 0, "excluded_lines": 0}, "missing_lines": [], "excluded_lines": []}, "InvalidatedToken": {"executed_lines": [], "summary": {"covered_lines": 0, "num_statements": 0, "percent_covered": 100.0, "percent_covered_display": "100", "missing_lines": 0, "excluded_lines": 0}, "missing_lines": [], "excluded_lines": []}, "": {"executed_lines": [1, 8, 10, 11, 13, 16, 17, 18, 20, 23, 26, 27, 36, 37, 42, 43, 48, 51, 52, 59, 61], "summary": {"covered_lines": 18, "num_statements": 19, "percent_covered": 94.73684210526316, "percent_covered_display": "95", "missing_lines": 1, "excluded_lines": 0}, "missing_lines": [21], "excluded_lines": []}}}, "src\\user\\repository.py": {"executed_lines": [1, 3, 4, 5, 7, 8, 9, 12, 23, 24, 25, 26, 27, 28, 31, 41, 44, 56, 59, 71, 74, 86, 87, 88, 89, 90, 93, 101, 102, 105, 113, 114, 117, 127, 128, 131, 138, 139, 140, 141, 144], "summary": {"covered_lines": 40, "num_statements": 42, "percent_covered": 95.23809523809524, "percent_covered_display": "95", "missing_lines": 2, "excluded_lines": 0}, "missing_lines": [142, 143], "excluded_lines": [], "functions": {"create_user": {"executed_lines": [23, 24, 25, 26, 27, 28], "summary": {"covered_lines": 6, "num_statements": 6, "percent_covered": 100.0, "percent_covered_display": "100", "missing_lines": 0, "excluded_lines": 0}, "missing_lines": [], "excluded_lines": []}, "get_users": {"executed_lines": [41], "summary": {"covered_lines": 1, "num_statements": 1, "percent_covered": 100.0, "percent_covered_display": "100", "missing_lines": 0, "excluded_lines": 0}, "missing_lines": [], "excluded_lines": []}, "get_user_by_id": {"executed_lines": [56], "summary": {"covered_lines": 1, "num_statements": 1, "percent_covered": 100.0, "percent_covered_display": "100", "missing_lines": 0, "excluded_lines": 0}, "missing_lines": [], "excluded_lines": []}, "get_user_by_badge_number": {"executed_lines": [71], "summary": {"covered_lines": 1, "num_statements": 1, "percent_covered": 100.0, "percent_covered_display": "100", "missing_lines": 0, "excluded_lines": 0}, "missing_lines": [], "excluded_lines": []}, "update_user": {"executed_lines": [86, 87, 88, 89, 90], "summary": {"covered_lines": 5, "num_statements": 5, "percent_covered": 100.0, "percent_covered_display": "100", "missing_lines": 0, "excluded_lines": 0}, "missing_lines": [], "excluded_lines": []}, "delete_user": {"executed_lines": [101, 102], "summary": {"covered_lines": 2, "num_statements": 2, "percent_covered": 100.0, "percent_covered_display": "100", "missing_lines": 0, "excluded_lines": 0}, "missing_lines": [], "excluded_lines": []}, "invalidate_token": {"executed_lines": [113, 114], "summary": {"covered_lines": 2, "num_statements": 2, "percent_covered": 100.0, "percent_covered_display": "100", "missing_lines": 0, "excluded_lines": 0}, "missing_lines": [], "excluded_lines": []}, "get_invalidated_tokens": {"executed_lines": [127, 128], "summary": {"covered_lines": 2, "num_statements": 2, "percent_covered": 100.0, "percent_covered_display": "100", "missing_lines": 0, "excluded_lines": 0}, "missing_lines": [], "excluded_lines": []}, "clean_invalidated_tokens": {"executed_lines": [138, 139, 140, 141, 144], "summary": {"covered_lines": 5, "num_statements": 7, "percent_covered": 71.42857142857143, "percent_covered_display": "71", "missing_lines": 2, "excluded_lines": 0}, "missing_lines": [142, 143], "excluded_lines": []}, "": {"executed_lines": [1, 3, 4, 5, 7, 8, 9, 12, 31, 44, 59, 74, 93, 105, 117, 131], "summary": {"covered_lines": 15, "num_statements": 15, "percent_covered": 100.0, "percent_covered_display": "100", "missing_lines": 0, "excluded_lines": 0}, "missing_lines": [], "excluded_lines": []}}, "classes": {"": {"executed_lines": [1, 3, 4, 5, 7, 8, 9, 12, 23, 24, 25, 26, 27, 28, 31, 41, 44, 56, 59, 71, 74, 86, 87, 88, 89, 90, 93, 101, 102, 105, 113, 114, 117, 127, 128, 131, 138, 139, 140, 141, 144], "summary": {"covered_lines": 40, "num_statements": 42, "percent_covered": 95.23809523809524, "percent_covered_display": "95", "missing_lines": 2, "excluded_lines": 0}, "missing_lines": [142, 143], "excluded_lines": []}}}, "src\\user\\routes.py": {"executed_lines": [1, 3, 4, 13, 14, 16, 17, 18, 19, 20, 21, 22, 34, 36, 39, 44, 61, 64, 70, 71, 72, 73, 76, 81, 96, 99, 104, 121, 122, 127, 130, 135, 152, 153, 158, 161, 166, 187, 193, 194, 201, 202, 203, 209, 210, 223, 228, 233, 234, 237, 241, 255, 256, 262, 263, 264, 267, 271, 286, 287, 292, 298, 300, 301, 303, 310, 311, 314, 317, 321, 335, 336, 342, 348, 349, 352, 353, 358, 359, 369, 370, 376, 377, 380, 384, 395, 396, 402, 403, 409, 410, 412], "summary": {"covered_lines": 91, "num_statements": 95, "percent_covered": 95.78947368421052, "percent_covered_display": "96", "missing_lines": 4, "excluded_lines": 0}, "missing_lines": [216, 218, 363, 364], "excluded_lines": [], "functions": {"create_user": {"executed_lines": [61, 64, 70, 71, 72, 73], "summary": {"covered_lines": 6, "num_statements": 6, "percent_covered": 100.0, "percent_covered_display": "100", "missing_lines": 0, "excluded_lines": 0}, "missing_lines": [], "excluded_lines": []}, "get_users": {"executed_lines": [96], "summary": {"covered_lines": 1, "num_statements": 1, "percent_covered": 100.0, "percent_covered_display": "100", "missing_lines": 0, "excluded_lines": 0}, "missing_lines": [], "excluded_lines": []}, "get_user_by_id": {"executed_lines": [121, 122, 127], "summary": {"covered_lines": 3, "num_statements": 3, "percent_covered": 100.0, "percent_covered_display": "100", "missing_lines": 0, "excluded_lines": 0}, "missing_lines": [], "excluded_lines": []}, "get_user_auth_roles": {"executed_lines": [152, 153, 158], "summary": {"covered_lines": 3, "num_statements": 3, "percent_covered": 100.0, "percent_covered_display": "100", "missing_lines": 0, "excluded_lines": 0}, "missing_lines": [], "excluded_lines": []}, "update_user_password": {"executed_lines": [187, 193, 194, 201, 202, 203, 209, 210, 223, 228, 233, 234], "summary": {"covered_lines": 12, "num_statements": 14, "percent_covered": 85.71428571428571, "percent_covered_display": "86", "missing_lines": 2, "excluded_lines": 0}, "missing_lines": [216, 218], "excluded_lines": []}, "delete_user_by_id": {"executed_lines": [255, 256, 262, 263, 264], "summary": {"covered_lines": 5, "num_statements": 5, "percent_covered": 100.0, "percent_covered_display": "100", "missing_lines": 0, "excluded_lines": 0}, "missing_lines": [], "excluded_lines": []}, "login": {"executed_lines": [286, 287, 292, 298, 300, 301, 303, 310, 311, 314], "summary": {"covered_lines": 10, "num_statements": 10, "percent_covered": 100.0, "percent_covered_display": "100", "missing_lines": 0, "excluded_lines": 0}, "missing_lines": [], "excluded_lines": []}, "refresh_token": {"executed_lines": [335, 336, 342, 348, 349, 352, 353, 358, 359, 369, 370, 376, 377], "summary": {"covered_lines": 13, "num_statements": 15, "percent_covered": 86.66666666666667, "percent_covered_display": "87", "missing_lines": 2, "excluded_lines": 0}, "missing_lines": [363, 364], "excluded_lines": []}, "logout": {"executed_lines": [395, 396, 402, 403, 409, 410, 412], "summary": {"covered_lines": 7, "num_statements": 7, "percent_covered": 100.0, "percent_covered_display": "100", "missing_lines": 0, "excluded_lines": 0}, "missing_lines": [], "excluded_lines": []}, "": {"executed_lines": [1, 3, 4, 13, 14, 16, 17, 18, 19, 20, 21, 22, 34, 36, 39, 44, 76, 81, 99, 104, 130, 135, 161, 166, 237, 241, 267, 271, 317, 321, 380, 384], "summary": {"covered_lines": 31, "num_statements": 31, "percent_covered": 100.0, "percent_covered_display": "100", "missing_lines": 0, "excluded_lines": 0}, "missing_lines": [], "excluded_lines": []}}, "classes": {"": {"executed_lines": [1, 3, 4, 13, 14, 16, 17, 18, 19, 20, 21, 22, 34, 36, 39, 44, 61, 64, 70, 71, 72, 73, 76, 81, 96, 99, 104, 121, 122, 127, 130, 135, 152, 153, 158, 161, 166, 187, 193, 194, 201, 202, 203, 209, 210, 223, 228, 233, 234, 237, 241, 255, 256, 262, 263, 264, 267, 271, 286, 287, 292, 298, 300, 301, 303, 310, 311, 314, 317, 321, 335, 336, 342, 348, 349, 352, 353, 358, 359, 369, 370, 376, 377, 380, 384, 395, 396, 402, 403, 409, 410, 412], "summary": {"covered_lines": 91, "num_statements": 95, "percent_covered": 95.78947368421052, "percent_covered_display": "96", "missing_lines": 4, "excluded_lines": 0}, "missing_lines": [216, 218, 363, 364], "excluded_lines": []}}}, "src\\user\\schemas.py": {"executed_lines": [1, 9, 12, 13, 21, 22, 25, 26, 34, 37, 38, 46, 47], "summary": {"covered_lines": 9, "num_statements": 9, "percent_covered": 100.0, "percent_covered_display": "100", "missing_lines": 0, "excluded_lines": 0}, "missing_lines": [], "excluded_lines": [], "functions": {"": {"executed_lines": [1, 9, 12, 13, 21, 22, 25, 26, 34, 37, 38, 46, 47], "summary": {"covered_lines": 9, "num_statements": 9, "percent_covered": 100.0, "percent_covered_display": "100", "missing_lines": 0, "excluded_lines": 0}, "missing_lines": [], "excluded_lines": []}}, "classes": {"UserBase": {"executed_lines": [], "summary": {"covered_lines": 0, "num_statements": 0, "percent_covered": 100.0, "percent_covered_display": "100", "missing_lines": 0, "excluded_lines": 0}, "missing_lines": [], "excluded_lines": []}, "UserPasswordChange": {"executed_lines": [], "summary": {"covered_lines": 0, "num_statements": 0, "percent_covered": 100.0, "percent_covered_display": "100", "missing_lines": 0, "excluded_lines": 0}, "missing_lines": [], "excluded_lines": []}, "UserResponse": {"executed_lines": [], "summary": {"covered_lines": 0, "num_statements": 0, "percent_covered": 100.0, "percent_covered_display": "100", "missing_lines": 0, "excluded_lines": 0}, "missing_lines": [], "excluded_lines": []}, "": {"executed_lines": [1, 9, 12, 13, 21, 22, 25, 26, 34, 37, 38, 46, 47], "summary": {"covered_lines": 9, "num_statements": 9, "percent_covered": 100.0, "percent_covered_display": "100", "missing_lines": 0, "excluded_lines": 0}, "missing_lines": [], "excluded_lines": []}}}}, "totals": {"covered_lines": 2035, "num_statements": 2328, "percent_covered": 87.41408934707904, "percent_covered_display": "87", "missing_lines": 293, "excluded_lines": 0}}